[ 2016-12-10T16:24:41+08:00 ] 127.0.0.1 /BOXUEYUAN/index.php
INFO: [ app_init ] --START--
INFO: Run Behavior\BuildLiteBehavior [ RunTime:0.000036s ]
INFO: [ app_init ] --END-- [ RunTime:0.025708s ]
INFO: [ app_begin ] --START--
INFO: Run Behavior\ReadHtmlCacheBehavior [ RunTime:0.028371s ]
INFO: [ app_begin ] --END-- [ RunTime:0.028526s ]
INFO: [ app_end ] --START--
INFO: Run Behavior\ShowPageTraceBehavior [ RunTime:0.022535s ]
INFO: [ app_end ] --END-- [ RunTime:0.022668s ]

[ 2016-12-10T16:24:54+08:00 ] 127.0.0.1 /BOXUEYUAN/index.php/Home/hot
INFO: [ app_init ] --START--
INFO: Run Behavior\BuildLiteBehavior [ RunTime:0.000027s ]
INFO: [ app_init ] --END-- [ RunTime:0.000852s ]
INFO: [ app_begin ] --START--
INFO: Run Behavior\ReadHtmlCacheBehavior [ RunTime:0.001155s ]
INFO: [ app_begin ] --END-- [ RunTime:0.001278s ]
ERR: 无法加载控制器:Hot

[ 2016-12-10T16:30:28+08:00 ] 127.0.0.1 /BOXUEYUAN/index.php/Home/Hot
INFO: [ app_init ] --START--
INFO: Run Behavior\BuildLiteBehavior [ RunTime:0.000023s ]
INFO: [ app_init ] --END-- [ RunTime:0.000747s ]
INFO: [ app_begin ] --START--
INFO: Run Behavior\ReadHtmlCacheBehavior [ RunTime:0.001049s ]
INFO: [ app_begin ] --END-- [ RunTime:0.001153s ]
ERR: 无法加载控制器:Hot

