[ 2017-02-17T22:49:30+08:00 ] 127.0.0.1 /BOXUEYUANEND--double/index.php
INFO: [ app_init ] --START--
INFO: Run Behavior\BuildLiteBehavior [ RunTime:0.000013s ]
INFO: [ app_init ] --END-- [ RunTime:0.000404s ]
INFO: [ app_begin ] --START--
INFO: Run Behavior\ReadHtmlCacheBehavior [ RunTime:0.000583s ]
INFO: [ app_begin ] --END-- [ RunTime:0.000650s ]
ERR: SQLSTATE[42000] [1049] Unknown database 'dream2'

[ 2017-02-17T22:50:35+08:00 ] 127.0.0.1 /BOXUEYUANEND--double/index.php
INFO: [ app_init ] --START--
INFO: Run Behavior\BuildLiteBehavior [ RunTime:0.000013s ]
INFO: [ app_init ] --END-- [ RunTime:0.000361s ]
INFO: [ app_begin ] --START--
INFO: Run Behavior\ReadHtmlCacheBehavior [ RunTime:0.000575s ]
INFO: [ app_begin ] --END-- [ RunTime:0.000635s ]
ERR: 1146:Table 'dream2.teacher' doesn't exist
 [ SQL语句 ] : SHOW COLUMNS FROM `teacher`
ERR: 1146:Table 'dream2.teacher' doesn't exist
 [ SQL语句 ] : SHOW COLUMNS FROM `teacher`

[ 2017-02-17T22:51:14+08:00 ] 127.0.0.1 /BOXUEYUANEND--double/index.php
INFO: [ app_init ] --START--
INFO: Run Behavior\BuildLiteBehavior [ RunTime:0.000013s ]
INFO: [ app_init ] --END-- [ RunTime:0.000396s ]
INFO: [ app_begin ] --START--
INFO: Run Behavior\ReadHtmlCacheBehavior [ RunTime:0.000644s ]
INFO: [ app_begin ] --END-- [ RunTime:0.000695s ]
SQL: SHOW COLUMNS FROM `teacher` [ RunTime:0.0367s ]
SQL: SELECT * FROM `teacher` ORDER BY Tid asc LIMIT 4   [ RunTime:0.0016s ]
SQL: SELECT * FROM `teacher` ORDER BY Tid asc LIMIT 4,4   [ RunTime:0.0011s ]
ERR: 1146:Table 'dream2.news' doesn't exist
 [ SQL语句 ] : SHOW COLUMNS FROM `news`
ERR: 1146:Table 'dream2.news' doesn't exist
 [ SQL语句 ] : SHOW COLUMNS FROM `news`

[ 2017-02-17T22:52:43+08:00 ] 127.0.0.1 /BOXUEYUANEND--double/index.php
INFO: [ app_init ] --START--
INFO: Run Behavior\BuildLiteBehavior [ RunTime:0.000022s ]
INFO: [ app_init ] --END-- [ RunTime:0.000604s ]
INFO: [ app_begin ] --START--
INFO: Run Behavior\ReadHtmlCacheBehavior [ RunTime:0.000823s ]
INFO: [ app_begin ] --END-- [ RunTime:0.000906s ]
SQL: SHOW COLUMNS FROM `teacher` [ RunTime:0.1565s ]
SQL: SELECT * FROM `teacher` ORDER BY Tid asc LIMIT 4   [ RunTime:0.0028s ]
SQL: SELECT * FROM `teacher` ORDER BY Tid asc LIMIT 4,4   [ RunTime:0.0035s ]
SQL: SHOW COLUMNS FROM `news` [ RunTime:0.0161s ]
NOTIC: [8] Use of undefined constant 考生 - assumed '考生' E:\HTML5\Apaqi\htdocs\BOXUEYUANEND--double\Application\Home\Controller\IndexController.class.php 第 44 行.
SQL: SELECT * FROM `news` WHERE (`course` LIKE '%考生%') ORDER BY id desc LIMIT 4   [ RunTime:0.0095s ]
NOTIC: [8] Use of undefined constant 提纲 - assumed '提纲' E:\HTML5\Apaqi\htdocs\BOXUEYUANEND--double\Application\Home\Controller\IndexController.class.php 第 50 行.
SQL: SELECT * FROM `news` WHERE (`course` LIKE '%提纲%') ORDER BY id desc LIMIT 4   [ RunTime:0.0077s ]
NOTIC: [8] Use of undefined constant 教育部 - assumed '教育部' E:\HTML5\Apaqi\htdocs\BOXUEYUANEND--double\Application\Home\Controller\IndexController.class.php 第 56 行.
SQL: SELECT * FROM `news` WHERE (`course` LIKE '%教育部%') ORDER BY id desc LIMIT 4   [ RunTime:0.0030s ]
SQL: SELECT * FROM `news` WHERE `course` IN ('语文','数学','英语','物理','化学','生物','理综','文综') ORDER BY id desc LIMIT 4   [ RunTime:0.0028s ]
NOTIC: [8] Undefined variable: xueke E:\HTML5\Apaqi\htdocs\BOXUEYUANEND--double\Application\Home\Controller\IndexController.class.php 第 64 行.
NOTIC: [8] Undefined variable: xueke E:\HTML5\Apaqi\htdocs\BOXUEYUANEND--double\Application\Home\Controller\IndexController.class.php 第 65 行.
NOTIC: [8] Use of undefined constant 志愿 - assumed '志愿' E:\HTML5\Apaqi\htdocs\BOXUEYUANEND--double\Application\Home\Controller\IndexController.class.php 第 68 行.
SQL: SELECT * FROM `news` WHERE (`course` LIKE '%志愿%') ORDER BY id desc LIMIT 4   [ RunTime:0.0033s ]
INFO: [ view_parse ] --START--
INFO: [ template_filter ] --START--
INFO: Run Behavior\ContentReplaceBehavior [ RunTime:0.000277s ]
INFO: [ template_filter ] --END-- [ RunTime:0.000358s ]
INFO: Run Behavior\ParseTemplateBehavior [ RunTime:0.118426s ]
INFO: [ view_parse ] --END-- [ RunTime:0.118559s ]
INFO: [ view_filter ] --START--
INFO: Run Behavior\WriteHtmlCacheBehavior [ RunTime:0.000804s ]
INFO: [ view_filter ] --END-- [ RunTime:0.000887s ]
INFO: [ app_end ] --START--
INFO: Run Behavior\ShowPageTraceBehavior [ RunTime:0.001031s ]
INFO: [ app_end ] --END-- [ RunTime:0.001149s ]

