[ 2016-12-21T11:21:40+08:00 ] 127.0.0.1 /BOXUEYUANEND1/Public/uploads/2016-12-12/584e5b9ccf523.mp4
INFO: [ app_init ] --START--
INFO: Run Behavior\BuildLiteBehavior [ RunTime:0.000024s ]
INFO: [ app_init ] --END-- [ RunTime:0.000624s ]
ERR: 无法加载模块:Public

[ 2016-12-21T11:21:40+08:00 ] 127.0.0.1 /BOXUEYUANEND1/Public/uploads/2016-12-12/584e5c788f82f.mp4
INFO: [ app_init ] --START--
INFO: Run Behavior\BuildLiteBehavior [ RunTime:0.000024s ]
INFO: [ app_init ] --END-- [ RunTime:0.000637s ]
ERR: 无法加载模块:Public

[ 2016-12-21T11:21:40+08:00 ] 127.0.0.1 /BOXUEYUANEND1/Public/uploads/2016-12-12/584e5c523b25b.mp4
INFO: [ app_init ] --START--
INFO: Run Behavior\BuildLiteBehavior [ RunTime:0.000023s ]
INFO: [ app_init ] --END-- [ RunTime:0.000669s ]
ERR: 无法加载模块:Public

[ 2016-12-21T11:21:40+08:00 ] 127.0.0.1 /BOXUEYUANEND1/Public/uploads/2016-12-12/584e5c3af19c1.mp4
INFO: [ app_init ] --START--
INFO: Run Behavior\BuildLiteBehavior [ RunTime:0.000021s ]
INFO: [ app_init ] --END-- [ RunTime:0.000771s ]
ERR: 无法加载模块:Public

[ 2016-12-21T11:21:40+08:00 ] 127.0.0.1 /BOXUEYUANEND1/Public/uploads/2016-12-12/584e5b9ccf523.mp4
INFO: [ app_init ] --START--
INFO: Run Behavior\BuildLiteBehavior [ RunTime:0.000024s ]
INFO: [ app_init ] --END-- [ RunTime:0.000687s ]
ERR: 无法加载模块:Public

[ 2016-12-21T11:21:40+08:00 ] 127.0.0.1 /BOXUEYUANEND1/Public/uploads/2016-12-12/584e5c788f82f.mp4
INFO: [ app_init ] --START--
INFO: Run Behavior\BuildLiteBehavior [ RunTime:0.000028s ]
INFO: [ app_init ] --END-- [ RunTime:0.000849s ]
ERR: 无法加载模块:Public

[ 2016-12-21T11:21:40+08:00 ] 127.0.0.1 /BOXUEYUANEND1/Public/uploads/2016-12-12/584e5c523b25b.mp4
INFO: [ app_init ] --START--
INFO: Run Behavior\BuildLiteBehavior [ RunTime:0.000027s ]
INFO: [ app_init ] --END-- [ RunTime:0.000870s ]
ERR: 无法加载模块:Public

[ 2016-12-21T11:21:40+08:00 ] 127.0.0.1 /BOXUEYUANEND1/Public/uploads/2016-12-12/584e5c3af19c1.mp4
INFO: [ app_init ] --START--
INFO: Run Behavior\BuildLiteBehavior [ RunTime:0.000022s ]
INFO: [ app_init ] --END-- [ RunTime:0.000974s ]
ERR: 无法加载模块:Public

[ 2016-12-21T11:21:40+08:00 ] 127.0.0.1 /BOXUEYUANEND1/Public/uploads/2016-12-12/584e5c3af19c1.mp4
INFO: [ app_init ] --START--
INFO: Run Behavior\BuildLiteBehavior [ RunTime:0.000024s ]
INFO: [ app_init ] --END-- [ RunTime:0.000608s ]
ERR: 无法加载模块:Public

[ 2016-12-21T11:21:40+08:00 ] 127.0.0.1 /BOXUEYUANEND1/Public/uploads/2016-12-12/584e5c788f82f.mp4
INFO: [ app_init ] --START--
INFO: Run Behavior\BuildLiteBehavior [ RunTime:0.000022s ]
INFO: [ app_init ] --END-- [ RunTime:0.000624s ]
ERR: 无法加载模块:Public

[ 2016-12-21T11:21:40+08:00 ] 127.0.0.1 /BOXUEYUANEND1/Public/uploads/2016-12-12/584e5c523b25b.mp4
INFO: [ app_init ] --START--
INFO: Run Behavior\BuildLiteBehavior [ RunTime:0.000024s ]
INFO: [ app_init ] --END-- [ RunTime:0.000846s ]
ERR: 无法加载模块:Public

[ 2016-12-21T11:21:53+08:00 ] 127.0.0.1 /BOXUEYUANEND1/Public/uploads/2016-12-12/584e5c3af19c1.mp4
INFO: [ app_init ] --START--
INFO: Run Behavior\BuildLiteBehavior [ RunTime:0.000029s ]
INFO: [ app_init ] --END-- [ RunTime:0.000945s ]
ERR: 无法加载模块:Public

[ 2016-12-21T11:22:50+08:00 ] 127.0.0.1 /BOXUEYUANEND1/Public/uploads/2016-12-12/584e5b9ccf523.mp4
INFO: [ app_init ] --START--
INFO: Run Behavior\BuildLiteBehavior [ RunTime:0.000014s ]
INFO: [ app_init ] --END-- [ RunTime:0.000396s ]
ERR: 无法加载模块:Public

[ 2016-12-21T11:22:51+08:00 ] 127.0.0.1 /BOXUEYUANEND1/Public/uploads/2016-12-12/584e5b9ccf523.mp4
INFO: [ app_init ] --START--
INFO: Run Behavior\BuildLiteBehavior [ RunTime:0.000026s ]
INFO: [ app_init ] --END-- [ RunTime:0.000679s ]
ERR: 无法加载模块:Public

[ 2016-12-21T11:22:51+08:00 ] 127.0.0.1 /BOXUEYUANEND1/Public/uploads/2016-12-12/584e5b9ccf523.mp4
INFO: [ app_init ] --START--
INFO: Run Behavior\BuildLiteBehavior [ RunTime:0.000024s ]
INFO: [ app_init ] --END-- [ RunTime:0.000660s ]
ERR: 无法加载模块:Public

[ 2016-12-21T11:22:52+08:00 ] 127.0.0.1 /BOXUEYUANEND1/Public/uploads/2016-12-12/584e5b9ccf523.mp4
INFO: [ app_init ] --START--
INFO: Run Behavior\BuildLiteBehavior [ RunTime:0.000015s ]
INFO: [ app_init ] --END-- [ RunTime:0.000419s ]
ERR: 无法加载模块:Public

[ 2016-12-21T11:22:52+08:00 ] 127.0.0.1 /BOXUEYUANEND1/Public/uploads/2016-12-12/584e5b9ccf523.mp4
INFO: [ app_init ] --START--
INFO: Run Behavior\BuildLiteBehavior [ RunTime:0.000027s ]
INFO: [ app_init ] --END-- [ RunTime:0.000514s ]
ERR: 无法加载模块:Public

[ 2016-12-21T11:22:52+08:00 ] 127.0.0.1 /BOXUEYUANEND1/Public/uploads/2016-12-12/584e5b9ccf523.mp4
INFO: [ app_init ] --START--
INFO: Run Behavior\BuildLiteBehavior [ RunTime:0.000014s ]
INFO: [ app_init ] --END-- [ RunTime:0.000413s ]
ERR: 无法加载模块:Public

[ 2016-12-21T11:22:52+08:00 ] 127.0.0.1 /BOXUEYUANEND1/Public/uploads/2016-12-12/584e5b9ccf523.mp4
INFO: [ app_init ] --START--
INFO: Run Behavior\BuildLiteBehavior [ RunTime:0.000015s ]
INFO: [ app_init ] --END-- [ RunTime:0.000434s ]
ERR: 无法加载模块:Public

[ 2016-12-21T11:22:53+08:00 ] 127.0.0.1 /BOXUEYUANEND1/Public/uploads/2016-12-12/584e5b9ccf523.mp4
INFO: [ app_init ] --START--
INFO: Run Behavior\BuildLiteBehavior [ RunTime:0.000014s ]
INFO: [ app_init ] --END-- [ RunTime:0.000415s ]
ERR: 无法加载模块:Public

[ 2016-12-21T11:22:53+08:00 ] 127.0.0.1 /BOXUEYUANEND1/Public/uploads/2016-12-12/584e5b9ccf523.mp4
INFO: [ app_init ] --START--
INFO: Run Behavior\BuildLiteBehavior [ RunTime:0.000025s ]
INFO: [ app_init ] --END-- [ RunTime:0.000401s ]
ERR: 无法加载模块:Public

[ 2016-12-21T11:22:53+08:00 ] 127.0.0.1 /BOXUEYUANEND1/Public/uploads/2016-12-12/584e5b9ccf523.mp4
INFO: [ app_init ] --START--
INFO: Run Behavior\BuildLiteBehavior [ RunTime:0.000015s ]
INFO: [ app_init ] --END-- [ RunTime:0.000385s ]
ERR: 无法加载模块:Public

[ 2016-12-21T11:22:53+08:00 ] 127.0.0.1 /BOXUEYUANEND1/Public/uploads/2016-12-12/584e5b9ccf523.mp4
INFO: [ app_init ] --START--
INFO: Run Behavior\BuildLiteBehavior [ RunTime:0.000014s ]
INFO: [ app_init ] --END-- [ RunTime:0.000391s ]
ERR: 无法加载模块:Public

[ 2016-12-21T11:22:53+08:00 ] 127.0.0.1 /BOXUEYUANEND1/Public/uploads/2016-12-12/584e5b9ccf523.mp4
INFO: [ app_init ] --START--
INFO: Run Behavior\BuildLiteBehavior [ RunTime:0.000013s ]
INFO: [ app_init ] --END-- [ RunTime:0.000426s ]
ERR: 无法加载模块:Public

[ 2016-12-21T11:22:53+08:00 ] 127.0.0.1 /BOXUEYUANEND1/Public/uploads/2016-12-12/584e5b9ccf523.mp4
INFO: [ app_init ] --START--
INFO: Run Behavior\BuildLiteBehavior [ RunTime:0.000024s ]
INFO: [ app_init ] --END-- [ RunTime:0.000537s ]
ERR: 无法加载模块:Public

[ 2016-12-21T11:22:54+08:00 ] 127.0.0.1 /BOXUEYUANEND1/Public/uploads/2016-12-12/584e5b9ccf523.mp4
INFO: [ app_init ] --START--
INFO: Run Behavior\BuildLiteBehavior [ RunTime:0.000014s ]
INFO: [ app_init ] --END-- [ RunTime:0.000406s ]
ERR: 无法加载模块:Public

[ 2016-12-21T11:22:54+08:00 ] 127.0.0.1 /BOXUEYUANEND1/Public/uploads/2016-12-12/584e5b9ccf523.mp4
INFO: [ app_init ] --START--
INFO: Run Behavior\BuildLiteBehavior [ RunTime:0.000013s ]
INFO: [ app_init ] --END-- [ RunTime:0.000381s ]
ERR: 无法加载模块:Public

[ 2016-12-21T11:22:54+08:00 ] 127.0.0.1 /BOXUEYUANEND1/Public/uploads/2016-12-12/584e5b9ccf523.mp4
INFO: [ app_init ] --START--
INFO: Run Behavior\BuildLiteBehavior [ RunTime:0.000018s ]
INFO: [ app_init ] --END-- [ RunTime:0.000391s ]
ERR: 无法加载模块:Public

[ 2016-12-21T11:22:54+08:00 ] 127.0.0.1 /BOXUEYUANEND1/Public/uploads/2016-12-12/584e5b9ccf523.mp4
INFO: [ app_init ] --START--
INFO: Run Behavior\BuildLiteBehavior [ RunTime:0.000026s ]
INFO: [ app_init ] --END-- [ RunTime:0.000687s ]
ERR: 无法加载模块:Public

[ 2016-12-21T11:22:55+08:00 ] 127.0.0.1 /BOXUEYUANEND1/Public/uploads/2016-12-12/584e5b9ccf523.mp4
INFO: [ app_init ] --START--
INFO: Run Behavior\BuildLiteBehavior [ RunTime:0.000014s ]
INFO: [ app_init ] --END-- [ RunTime:0.000407s ]
ERR: 无法加载模块:Public

[ 2016-12-21T11:22:55+08:00 ] 127.0.0.1 /BOXUEYUANEND1/Public/uploads/2016-12-12/584e5b9ccf523.mp4
INFO: [ app_init ] --START--
INFO: Run Behavior\BuildLiteBehavior [ RunTime:0.000014s ]
INFO: [ app_init ] --END-- [ RunTime:0.000388s ]
ERR: 无法加载模块:Public

[ 2016-12-21T11:22:55+08:00 ] 127.0.0.1 /BOXUEYUANEND1/Public/uploads/2016-12-12/584e5b9ccf523.mp4
INFO: [ app_init ] --START--
INFO: Run Behavior\BuildLiteBehavior [ RunTime:0.000016s ]
INFO: [ app_init ] --END-- [ RunTime:0.000421s ]
ERR: 无法加载模块:Public

[ 2016-12-21T11:22:55+08:00 ] 127.0.0.1 /BOXUEYUANEND1/Public/uploads/2016-12-12/584e5b9ccf523.mp4
INFO: [ app_init ] --START--
INFO: Run Behavior\BuildLiteBehavior [ RunTime:0.000014s ]
INFO: [ app_init ] --END-- [ RunTime:0.000400s ]
ERR: 无法加载模块:Public

[ 2016-12-21T11:22:55+08:00 ] 127.0.0.1 /BOXUEYUANEND1/Public/uploads/2016-12-12/584e5b9ccf523.mp4
INFO: [ app_init ] --START--
INFO: Run Behavior\BuildLiteBehavior [ RunTime:0.000025s ]
INFO: [ app_init ] --END-- [ RunTime:0.000566s ]
ERR: 无法加载模块:Public

[ 2016-12-21T11:22:55+08:00 ] 127.0.0.1 /BOXUEYUANEND1/Public/uploads/2016-12-12/584e5b9ccf523.mp4
INFO: [ app_init ] --START--
INFO: Run Behavior\BuildLiteBehavior [ RunTime:0.000020s ]
INFO: [ app_init ] --END-- [ RunTime:0.000414s ]
ERR: 无法加载模块:Public

[ 2016-12-21T11:22:56+08:00 ] 127.0.0.1 /BOXUEYUANEND1/Public/uploads/2016-12-12/584e5c523b25b.mp4
INFO: [ app_init ] --START--
INFO: Run Behavior\BuildLiteBehavior [ RunTime:0.000021s ]
INFO: [ app_init ] --END-- [ RunTime:0.000582s ]
ERR: 无法加载模块:Public

[ 2016-12-21T11:22:57+08:00 ] 127.0.0.1 /BOXUEYUANEND1/Public/uploads/2016-12-12/584e5c523b25b.mp4
INFO: [ app_init ] --START--
INFO: Run Behavior\BuildLiteBehavior [ RunTime:0.000017s ]
INFO: [ app_init ] --END-- [ RunTime:0.000483s ]
ERR: 无法加载模块:Public

[ 2016-12-21T11:22:57+08:00 ] 127.0.0.1 /BOXUEYUANEND1/Public/uploads/2016-12-12/584e5c523b25b.mp4
INFO: [ app_init ] --START--
INFO: Run Behavior\BuildLiteBehavior [ RunTime:0.000016s ]
INFO: [ app_init ] --END-- [ RunTime:0.000409s ]
ERR: 无法加载模块:Public

[ 2016-12-21T11:22:57+08:00 ] 127.0.0.1 /BOXUEYUANEND1/Public/uploads/2016-12-12/584e5c523b25b.mp4
INFO: [ app_init ] --START--
INFO: Run Behavior\BuildLiteBehavior [ RunTime:0.000014s ]
INFO: [ app_init ] --END-- [ RunTime:0.000400s ]
ERR: 无法加载模块:Public

[ 2016-12-21T11:22:59+08:00 ] 127.0.0.1 /BOXUEYUANEND1/Public/uploads/2016-12-12/584e5c523b25b.mp4
INFO: [ app_init ] --START--
INFO: Run Behavior\BuildLiteBehavior [ RunTime:0.000023s ]
INFO: [ app_init ] --END-- [ RunTime:0.000623s ]
ERR: 无法加载模块:Public

[ 2016-12-21T11:23:01+08:00 ] 127.0.0.1 /BOXUEYUANEND1/Public/uploads/2016-12-12/584e5c523b25b.mp4
INFO: [ app_init ] --START--
INFO: Run Behavior\BuildLiteBehavior [ RunTime:0.000024s ]
INFO: [ app_init ] --END-- [ RunTime:0.000649s ]
ERR: 无法加载模块:Public

[ 2016-12-21T11:23:01+08:00 ] 127.0.0.1 /BOXUEYUANEND1/Public/uploads/2016-12-12/584e5c523b25b.mp4
INFO: [ app_init ] --START--
INFO: Run Behavior\BuildLiteBehavior [ RunTime:0.000028s ]
INFO: [ app_init ] --END-- [ RunTime:0.000707s ]
ERR: 无法加载模块:Public

[ 2016-12-21T11:23:01+08:00 ] 127.0.0.1 /BOXUEYUANEND1/Public/uploads/2016-12-12/584e5c523b25b.mp4
INFO: [ app_init ] --START--
INFO: Run Behavior\BuildLiteBehavior [ RunTime:0.000022s ]
INFO: [ app_init ] --END-- [ RunTime:0.000515s ]
ERR: 无法加载模块:Public

[ 2016-12-21T11:23:01+08:00 ] 127.0.0.1 /BOXUEYUANEND1/Public/uploads/2016-12-12/584e5c523b25b.mp4
INFO: [ app_init ] --START--
INFO: Run Behavior\BuildLiteBehavior [ RunTime:0.000016s ]
INFO: [ app_init ] --END-- [ RunTime:0.000434s ]
ERR: 无法加载模块:Public

[ 2016-12-21T11:23:01+08:00 ] 127.0.0.1 /BOXUEYUANEND1/Public/uploads/2016-12-12/584e5c523b25b.mp4
INFO: [ app_init ] --START--
INFO: Run Behavior\BuildLiteBehavior [ RunTime:0.000101s ]
INFO: [ app_init ] --END-- [ RunTime:0.001407s ]
ERR: 无法加载模块:Public

[ 2016-12-21T11:23:02+08:00 ] 127.0.0.1 /BOXUEYUANEND1/Public/uploads/2016-12-12/584e5c523b25b.mp4
INFO: [ app_init ] --START--
INFO: Run Behavior\BuildLiteBehavior [ RunTime:0.000027s ]
INFO: [ app_init ] --END-- [ RunTime:0.000757s ]
ERR: 无法加载模块:Public

[ 2016-12-21T11:23:02+08:00 ] 127.0.0.1 /BOXUEYUANEND1/Public/uploads/2016-12-12/584e5c523b25b.mp4
INFO: [ app_init ] --START--
INFO: Run Behavior\BuildLiteBehavior [ RunTime:0.000109s ]
INFO: [ app_init ] --END-- [ RunTime:0.001072s ]
ERR: 无法加载模块:Public

[ 2016-12-21T11:23:02+08:00 ] 127.0.0.1 /BOXUEYUANEND1/Public/uploads/2016-12-12/584e5c523b25b.mp4
INFO: [ app_init ] --START--
INFO: Run Behavior\BuildLiteBehavior [ RunTime:0.000028s ]
INFO: [ app_init ] --END-- [ RunTime:0.001144s ]
ERR: 无法加载模块:Public

[ 2016-12-21T11:23:02+08:00 ] 127.0.0.1 /BOXUEYUANEND1/Public/uploads/2016-12-12/584e5c523b25b.mp4
INFO: [ app_init ] --START--
INFO: Run Behavior\BuildLiteBehavior [ RunTime:0.000015s ]
INFO: [ app_init ] --END-- [ RunTime:0.000431s ]
ERR: 无法加载模块:Public

[ 2016-12-21T11:23:02+08:00 ] 127.0.0.1 /BOXUEYUANEND1/Public/uploads/2016-12-12/584e5c523b25b.mp4
INFO: [ app_init ] --START--
INFO: Run Behavior\BuildLiteBehavior [ RunTime:0.000024s ]
INFO: [ app_init ] --END-- [ RunTime:0.000523s ]
ERR: 无法加载模块:Public

[ 2016-12-21T11:23:02+08:00 ] 127.0.0.1 /BOXUEYUANEND1/Public/uploads/2016-12-12/584e5c523b25b.mp4
INFO: [ app_init ] --START--
INFO: Run Behavior\BuildLiteBehavior [ RunTime:0.000017s ]
INFO: [ app_init ] --END-- [ RunTime:0.000492s ]
ERR: 无法加载模块:Public

[ 2016-12-21T11:23:02+08:00 ] 127.0.0.1 /BOXUEYUANEND1/Public/uploads/2016-12-12/584e5c523b25b.mp4
INFO: [ app_init ] --START--
INFO: Run Behavior\BuildLiteBehavior [ RunTime:0.000017s ]
INFO: [ app_init ] --END-- [ RunTime:0.000429s ]
ERR: 无法加载模块:Public

[ 2016-12-21T11:23:03+08:00 ] 127.0.0.1 /BOXUEYUANEND1/Public/uploads/2016-12-12/584e5c523b25b.mp4
INFO: [ app_init ] --START--
INFO: Run Behavior\BuildLiteBehavior [ RunTime:0.000015s ]
INFO: [ app_init ] --END-- [ RunTime:0.000441s ]
ERR: 无法加载模块:Public

[ 2016-12-21T11:23:03+08:00 ] 127.0.0.1 /BOXUEYUANEND1/Public/uploads/2016-12-12/584e5c523b25b.mp4
INFO: [ app_init ] --START--
INFO: Run Behavior\BuildLiteBehavior [ RunTime:0.000026s ]
INFO: [ app_init ] --END-- [ RunTime:0.000705s ]
ERR: 无法加载模块:Public

[ 2016-12-21T11:23:03+08:00 ] 127.0.0.1 /BOXUEYUANEND1/Public/uploads/2016-12-12/584e5c523b25b.mp4
INFO: [ app_init ] --START--
INFO: Run Behavior\BuildLiteBehavior [ RunTime:0.000063s ]
INFO: [ app_init ] --END-- [ RunTime:0.001268s ]
ERR: 无法加载模块:Public

[ 2016-12-21T11:23:04+08:00 ] 127.0.0.1 /BOXUEYUANEND1/Public/uploads/2016-12-12/584e5c523b25b.mp4
INFO: [ app_init ] --START--
INFO: Run Behavior\BuildLiteBehavior [ RunTime:0.000030s ]
INFO: [ app_init ] --END-- [ RunTime:0.000804s ]
ERR: 无法加载模块:Public

[ 2016-12-21T11:23:04+08:00 ] 127.0.0.1 /BOXUEYUANEND1/Public/uploads/2016-12-12/584e5c523b25b.mp4
INFO: [ app_init ] --START--
INFO: Run Behavior\BuildLiteBehavior [ RunTime:0.000016s ]
INFO: [ app_init ] --END-- [ RunTime:0.000424s ]
ERR: 无法加载模块:Public

[ 2016-12-21T11:23:04+08:00 ] 127.0.0.1 /BOXUEYUANEND1/Public/uploads/2016-12-12/584e5c523b25b.mp4
INFO: [ app_init ] --START--
INFO: Run Behavior\BuildLiteBehavior [ RunTime:0.000017s ]
INFO: [ app_init ] --END-- [ RunTime:0.000445s ]
ERR: 无法加载模块:Public

[ 2016-12-21T11:23:04+08:00 ] 127.0.0.1 /BOXUEYUANEND1/Public/uploads/2016-12-12/584e5c523b25b.mp4
INFO: [ app_init ] --START--
INFO: Run Behavior\BuildLiteBehavior [ RunTime:0.000014s ]
INFO: [ app_init ] --END-- [ RunTime:0.000389s ]
ERR: 无法加载模块:Public

[ 2016-12-21T11:24:51+08:00 ] 127.0.0.1 /BOXUEYUANEND1/Public/before//BOXUEYUANEND1/Public/before/js/jquery.swipebox.min.js
INFO: [ app_init ] --START--
INFO: Run Behavior\BuildLiteBehavior [ RunTime:0.000029s ]
INFO: [ app_init ] --END-- [ RunTime:0.000695s ]
ERR: 无法加载模块:Public

[ 2016-12-21T11:24:51+08:00 ] 127.0.0.1 /BOXUEYUANEND1/Public/before//BOXUEYUANEND1/Public/before/js/jquery.swipebox.min.js
INFO: [ app_init ] --START--
INFO: Run Behavior\BuildLiteBehavior [ RunTime:0.000026s ]
INFO: [ app_init ] --END-- [ RunTime:0.000655s ]
ERR: 无法加载模块:Public

[ 2016-12-21T11:24:52+08:00 ] 127.0.0.1 /BOXUEYUANEND1/Public/before//BOXUEYUANEND1/Public/before/js/jquery.swipebox.min.js
INFO: [ app_init ] --START--
INFO: Run Behavior\BuildLiteBehavior [ RunTime:0.000028s ]
INFO: [ app_init ] --END-- [ RunTime:0.001014s ]
ERR: 无法加载模块:Public

[ 2016-12-21T11:24:52+08:00 ] 127.0.0.1 /BOXUEYUANEND1/Public/before//BOXUEYUANEND1/Public/before/js/jquery.swipebox.min.js
INFO: [ app_init ] --START--
INFO: Run Behavior\BuildLiteBehavior [ RunTime:0.000023s ]
INFO: [ app_init ] --END-- [ RunTime:0.000534s ]
ERR: 无法加载模块:Public

[ 2016-12-21T11:24:52+08:00 ] 127.0.0.1 /BOXUEYUANEND1/Public/before//BOXUEYUANEND1/Public/before/js/jquery.swipebox.min.js
INFO: [ app_init ] --START--
INFO: Run Behavior\BuildLiteBehavior [ RunTime:0.000026s ]
INFO: [ app_init ] --END-- [ RunTime:0.000694s ]
ERR: 无法加载模块:Public

[ 2016-12-21T11:25:11+08:00 ] 127.0.0.1 /BOXUEYUANEND1/Public/uploads/2016-12-12/584e5b9ccf523.mp4
INFO: [ app_init ] --START--
INFO: Run Behavior\BuildLiteBehavior [ RunTime:0.000021s ]
INFO: [ app_init ] --END-- [ RunTime:0.000603s ]
ERR: 无法加载模块:Public

[ 2016-12-21T11:25:11+08:00 ] 127.0.0.1 /BOXUEYUANEND1/Public/uploads/2016-12-12/584e5c523b25b.mp4
INFO: [ app_init ] --START--
INFO: Run Behavior\BuildLiteBehavior [ RunTime:0.000022s ]
INFO: [ app_init ] --END-- [ RunTime:0.000634s ]
ERR: 无法加载模块:Public

[ 2016-12-21T11:25:11+08:00 ] 127.0.0.1 /BOXUEYUANEND1/Public/uploads/2016-12-12/584e5c788f82f.mp4
INFO: [ app_init ] --START--
INFO: Run Behavior\BuildLiteBehavior [ RunTime:0.000023s ]
INFO: [ app_init ] --END-- [ RunTime:0.000633s ]
ERR: 无法加载模块:Public

[ 2016-12-21T11:25:11+08:00 ] 127.0.0.1 /BOXUEYUANEND1/Public/uploads/2016-12-12/584e5c3af19c1.mp4
INFO: [ app_init ] --START--
INFO: Run Behavior\BuildLiteBehavior [ RunTime:0.000027s ]
INFO: [ app_init ] --END-- [ RunTime:0.000782s ]
ERR: 无法加载模块:Public

[ 2016-12-21T11:25:11+08:00 ] 127.0.0.1 /BOXUEYUANEND1/Public/uploads/2016-12-12/584e5c523b25b.mp4
INFO: [ app_init ] --START--
INFO: Run Behavior\BuildLiteBehavior [ RunTime:0.000026s ]
INFO: [ app_init ] --END-- [ RunTime:0.000659s ]
ERR: 无法加载模块:Public

[ 2016-12-21T11:25:11+08:00 ] 127.0.0.1 /BOXUEYUANEND1/Public/uploads/2016-12-12/584e5b9ccf523.mp4
INFO: [ app_init ] --START--
INFO: Run Behavior\BuildLiteBehavior [ RunTime:0.000025s ]
INFO: [ app_init ] --END-- [ RunTime:0.000648s ]
ERR: 无法加载模块:Public

[ 2016-12-21T11:25:11+08:00 ] 127.0.0.1 /BOXUEYUANEND1/Public/uploads/2016-12-12/584e5c3af19c1.mp4
INFO: [ app_init ] --START--
INFO: Run Behavior\BuildLiteBehavior [ RunTime:0.000071s ]
INFO: [ app_init ] --END-- [ RunTime:0.001076s ]
ERR: 无法加载模块:Public

[ 2016-12-21T11:25:11+08:00 ] 127.0.0.1 /BOXUEYUANEND1/Public/uploads/2016-12-12/584e5c788f82f.mp4
INFO: [ app_init ] --START--
INFO: Run Behavior\BuildLiteBehavior [ RunTime:0.000042s ]
INFO: [ app_init ] --END-- [ RunTime:0.001180s ]
ERR: 无法加载模块:Public

[ 2016-12-21T11:25:11+08:00 ] 127.0.0.1 /BOXUEYUANEND1/Public/uploads/2016-12-12/584e5b9ccf523.mp4
INFO: [ app_init ] --START--
INFO: Run Behavior\BuildLiteBehavior [ RunTime:0.000024s ]
INFO: [ app_init ] --END-- [ RunTime:0.000651s ]
ERR: 无法加载模块:Public

[ 2016-12-21T11:25:11+08:00 ] 127.0.0.1 /BOXUEYUANEND1/Public/uploads/2016-12-12/584e5c523b25b.mp4
INFO: [ app_init ] --START--
INFO: Run Behavior\BuildLiteBehavior [ RunTime:0.000027s ]
INFO: [ app_init ] --END-- [ RunTime:0.000696s ]
ERR: 无法加载模块:Public

[ 2016-12-21T11:25:11+08:00 ] 127.0.0.1 /BOXUEYUANEND1/Public/uploads/2016-12-12/584e5c3af19c1.mp4
INFO: [ app_init ] --START--
INFO: Run Behavior\BuildLiteBehavior [ RunTime:0.000090s ]
INFO: [ app_init ] --END-- [ RunTime:0.001410s ]
ERR: 无法加载模块:Public

[ 2016-12-21T11:25:11+08:00 ] 127.0.0.1 /BOXUEYUANEND1/Public/uploads/2016-12-12/584e5c788f82f.mp4
INFO: [ app_init ] --START--
INFO: Run Behavior\BuildLiteBehavior [ RunTime:0.000190s ]
INFO: [ app_init ] --END-- [ RunTime:0.003786s ]
ERR: 无法加载模块:Public

[ 2016-12-21T11:25:20+08:00 ] 127.0.0.1 /BOXUEYUANEND1/Public/uploads/2016-12-12/584e5de9e365c.mp4
INFO: [ app_init ] --START--
INFO: Run Behavior\BuildLiteBehavior [ RunTime:0.000027s ]
INFO: [ app_init ] --END-- [ RunTime:0.000713s ]
ERR: 无法加载模块:Public

[ 2016-12-21T11:25:20+08:00 ] 127.0.0.1 /BOXUEYUANEND1/Public/uploads/2016-12-12/584e5dd16947f.mp4
INFO: [ app_init ] --START--
INFO: Run Behavior\BuildLiteBehavior [ RunTime:0.000026s ]
INFO: [ app_init ] --END-- [ RunTime:0.001035s ]
ERR: 无法加载模块:Public

[ 2016-12-21T11:25:20+08:00 ] 127.0.0.1 /BOXUEYUANEND1/Public/uploads/2016-12-12/584e5df961cfb.mp4
INFO: [ app_init ] --START--
INFO: Run Behavior\BuildLiteBehavior [ RunTime:0.000025s ]
INFO: [ app_init ] --END-- [ RunTime:0.000655s ]
ERR: 无法加载模块:Public

[ 2016-12-21T11:25:20+08:00 ] 127.0.0.1 /BOXUEYUANEND1/Public/uploads/2016-12-12/584e5d9eab3f1.mp4
INFO: [ app_init ] --START--
INFO: Run Behavior\BuildLiteBehavior [ RunTime:0.000029s ]
INFO: [ app_init ] --END-- [ RunTime:0.001029s ]
ERR: 无法加载模块:Public

[ 2016-12-21T11:25:20+08:00 ] 127.0.0.1 /BOXUEYUANEND1/Public/uploads/2016-12-12/584e5de9e365c.mp4
INFO: [ app_init ] --START--
INFO: Run Behavior\BuildLiteBehavior [ RunTime:0.000025s ]
INFO: [ app_init ] --END-- [ RunTime:0.003993s ]
ERR: 无法加载模块:Public

[ 2016-12-21T11:25:20+08:00 ] 127.0.0.1 /BOXUEYUANEND1/Public/uploads/2016-12-12/584e5df961cfb.mp4
INFO: [ app_init ] --START--
INFO: Run Behavior\BuildLiteBehavior [ RunTime:0.000022s ]
INFO: [ app_init ] --END-- [ RunTime:0.000613s ]
ERR: 无法加载模块:Public

[ 2016-12-21T11:25:20+08:00 ] 127.0.0.1 /BOXUEYUANEND1/Public/uploads/2016-12-12/584e5d9eab3f1.mp4
INFO: [ app_init ] --START--
INFO: Run Behavior\BuildLiteBehavior [ RunTime:0.000023s ]
INFO: [ app_init ] --END-- [ RunTime:0.000710s ]
ERR: 无法加载模块:Public

[ 2016-12-21T11:25:20+08:00 ] 127.0.0.1 /BOXUEYUANEND1/Public/uploads/2016-12-12/584e5df961cfb.mp4
INFO: [ app_init ] --START--
INFO: Run Behavior\BuildLiteBehavior [ RunTime:0.000027s ]
INFO: [ app_init ] --END-- [ RunTime:0.000698s ]
ERR: 无法加载模块:Public

[ 2016-12-21T11:25:20+08:00 ] 127.0.0.1 /BOXUEYUANEND1/Public/uploads/2016-12-12/584e5de9e365c.mp4
INFO: [ app_init ] --START--
INFO: Run Behavior\BuildLiteBehavior [ RunTime:0.000060s ]
INFO: [ app_init ] --END-- [ RunTime:0.001021s ]
ERR: 无法加载模块:Public

[ 2016-12-21T11:25:20+08:00 ] 127.0.0.1 /BOXUEYUANEND1/Public/uploads/2016-12-12/584e5d9eab3f1.mp4
INFO: [ app_init ] --START--
INFO: Run Behavior\BuildLiteBehavior [ RunTime:0.000026s ]
INFO: [ app_init ] --END-- [ RunTime:0.000813s ]
ERR: 无法加载模块:Public

[ 2016-12-21T11:25:20+08:00 ] 127.0.0.1 /BOXUEYUANEND1/Public/uploads/2016-12-12/584e5dd16947f.mp4
INFO: [ app_init ] --START--
INFO: Run Behavior\BuildLiteBehavior [ RunTime:0.000025s ]
INFO: [ app_init ] --END-- [ RunTime:0.000660s ]
ERR: 无法加载模块:Public

[ 2016-12-21T11:25:20+08:00 ] 127.0.0.1 /BOXUEYUANEND1/Public/uploads/2016-12-12/584e5dd16947f.mp4
INFO: [ app_init ] --START--
INFO: Run Behavior\BuildLiteBehavior [ RunTime:0.000016s ]
INFO: [ app_init ] --END-- [ RunTime:0.000480s ]
ERR: 无法加载模块:Public

[ 2016-12-21T11:25:27+08:00 ] 127.0.0.1 /BOXUEYUANEND1/Public/before//BOXUEYUANEND1/Public/before/js/jquery.swipebox.min.js
INFO: [ app_init ] --START--
INFO: Run Behavior\BuildLiteBehavior [ RunTime:0.000028s ]
INFO: [ app_init ] --END-- [ RunTime:0.000729s ]
ERR: 无法加载模块:Public

[ 2016-12-21T11:25:27+08:00 ] 127.0.0.1 /BOXUEYUANEND1/Public/before//BOXUEYUANEND1/Public/before/js/jquery.swipebox.min.js
INFO: [ app_init ] --START--
INFO: Run Behavior\BuildLiteBehavior [ RunTime:0.000024s ]
INFO: [ app_init ] --END-- [ RunTime:0.000643s ]
ERR: 无法加载模块:Public

[ 2016-12-21T11:25:28+08:00 ] 127.0.0.1 /BOXUEYUANEND1/Public/before//BOXUEYUANEND1/Public/before/js/jquery.swipebox.min.js
INFO: [ app_init ] --START--
INFO: Run Behavior\BuildLiteBehavior [ RunTime:0.000031s ]
INFO: [ app_init ] --END-- [ RunTime:0.000732s ]
ERR: 无法加载模块:Public

[ 2016-12-21T11:25:28+08:00 ] 127.0.0.1 /BOXUEYUANEND1/Public/before//BOXUEYUANEND1/Public/before/js/jquery.swipebox.min.js
INFO: [ app_init ] --START--
INFO: Run Behavior\BuildLiteBehavior [ RunTime:0.000026s ]
INFO: [ app_init ] --END-- [ RunTime:0.000641s ]
ERR: 无法加载模块:Public

[ 2016-12-21T11:25:28+08:00 ] 127.0.0.1 /BOXUEYUANEND1/Public/before//BOXUEYUANEND1/Public/before/js/jquery.swipebox.min.js
INFO: [ app_init ] --START--
INFO: Run Behavior\BuildLiteBehavior [ RunTime:0.000027s ]
INFO: [ app_init ] --END-- [ RunTime:0.000673s ]
ERR: 无法加载模块:Public

[ 2016-12-21T11:25:56+08:00 ] 127.0.0.1 /BOXUEYUANEND1/Public/before//BOXUEYUANEND1/Public/before/js/jquery.swipebox.min.js
INFO: [ app_init ] --START--
INFO: Run Behavior\BuildLiteBehavior [ RunTime:0.000024s ]
INFO: [ app_init ] --END-- [ RunTime:0.000612s ]
ERR: 无法加载模块:Public

[ 2016-12-21T11:25:56+08:00 ] 127.0.0.1 /BOXUEYUANEND1/Public/before//BOXUEYUANEND1/Public/before/js/jquery.swipebox.min.js
INFO: [ app_init ] --START--
INFO: Run Behavior\BuildLiteBehavior [ RunTime:0.000032s ]
INFO: [ app_init ] --END-- [ RunTime:0.000663s ]
ERR: 无法加载模块:Public

[ 2016-12-21T11:25:56+08:00 ] 127.0.0.1 /BOXUEYUANEND1/Public/before//BOXUEYUANEND1/Public/before/js/jquery.swipebox.min.js
INFO: [ app_init ] --START--
INFO: Run Behavior\BuildLiteBehavior [ RunTime:0.000030s ]
INFO: [ app_init ] --END-- [ RunTime:0.000930s ]
ERR: 无法加载模块:Public

[ 2016-12-21T11:25:56+08:00 ] 127.0.0.1 /BOXUEYUANEND1/Public/before//BOXUEYUANEND1/Public/before/js/jquery.swipebox.min.js
INFO: [ app_init ] --START--
INFO: Run Behavior\BuildLiteBehavior [ RunTime:0.000027s ]
INFO: [ app_init ] --END-- [ RunTime:0.000749s ]
ERR: 无法加载模块:Public

[ 2016-12-21T11:25:56+08:00 ] 127.0.0.1 /BOXUEYUANEND1/Public/before//BOXUEYUANEND1/Public/before/js/jquery.swipebox.min.js
INFO: [ app_init ] --START--
INFO: Run Behavior\BuildLiteBehavior [ RunTime:0.000025s ]
INFO: [ app_init ] --END-- [ RunTime:0.000659s ]
ERR: 无法加载模块:Public

[ 2016-12-21T14:14:07+08:00 ] 127.0.0.1 /BOXUEYUANEND1/Public/before/css/bootstrap.min.css
INFO: [ app_init ] --START--
INFO: Run Behavior\BuildLiteBehavior [ RunTime:0.000020s ]
INFO: [ app_init ] --END-- [ RunTime:0.000552s ]
ERR: 无法加载模块:Public

[ 2016-12-21T14:14:07+08:00 ] 127.0.0.1 /BOXUEYUANEND1/Public/before/js/jquery.2.1.1.min.js
INFO: [ app_init ] --START--
INFO: Run Behavior\BuildLiteBehavior [ RunTime:0.000025s ]
INFO: [ app_init ] --END-- [ RunTime:0.000657s ]
ERR: 无法加载模块:Public

[ 2016-12-21T14:15:22+08:00 ] 127.0.0.1 /BOXUEYUANEND1/Public/before//BOXUEYUANEND1/Public/before/js/jquery.swipebox.min.js
INFO: [ app_init ] --START--
INFO: Run Behavior\BuildLiteBehavior [ RunTime:0.000015s ]
INFO: [ app_init ] --END-- [ RunTime:0.000411s ]
ERR: 无法加载模块:Public

[ 2016-12-21T14:15:24+08:00 ] 127.0.0.1 /BOXUEYUANEND1/Public/before//BOXUEYUANEND1/Public/before/js/jquery.swipebox.min.js
INFO: [ app_init ] --START--
INFO: Run Behavior\BuildLiteBehavior [ RunTime:0.000016s ]
INFO: [ app_init ] --END-- [ RunTime:0.000452s ]
ERR: 无法加载模块:Public

[ 2016-12-21T14:15:25+08:00 ] 127.0.0.1 /BOXUEYUANEND1/Public/before//BOXUEYUANEND1/Public/before/js/jquery.swipebox.min.js
INFO: [ app_init ] --START--
INFO: Run Behavior\BuildLiteBehavior [ RunTime:0.000033s ]
INFO: [ app_init ] --END-- [ RunTime:0.001022s ]
ERR: 无法加载模块:Public

[ 2016-12-21T14:15:25+08:00 ] 127.0.0.1 /BOXUEYUANEND1/Public/before//BOXUEYUANEND1/Public/before/js/jquery.swipebox.min.js
INFO: [ app_init ] --START--
INFO: Run Behavior\BuildLiteBehavior [ RunTime:0.000034s ]
INFO: [ app_init ] --END-- [ RunTime:0.000754s ]
ERR: 无法加载模块:Public

[ 2016-12-21T14:15:25+08:00 ] 127.0.0.1 /BOXUEYUANEND1/Public/before//BOXUEYUANEND1/Public/before/js/jquery.swipebox.min.js
INFO: [ app_init ] --START--
INFO: Run Behavior\BuildLiteBehavior [ RunTime:0.000027s ]
INFO: [ app_init ] --END-- [ RunTime:0.000667s ]
ERR: 无法加载模块:Public

[ 2016-12-21T14:23:58+08:00 ] 127.0.0.1 /BOXUEYUANEND1/Public/images/2.png
INFO: [ app_init ] --START--
INFO: Run Behavior\BuildLiteBehavior [ RunTime:0.000017s ]
INFO: [ app_init ] --END-- [ RunTime:0.000446s ]
ERR: 无法加载模块:Public

[ 2016-12-21T14:24:12+08:00 ] 127.0.0.1 /BOXUEYUANEND1/Public/images/2.png
INFO: [ app_init ] --START--
INFO: Run Behavior\BuildLiteBehavior [ RunTime:0.000023s ]
INFO: [ app_init ] --END-- [ RunTime:0.000687s ]
ERR: 无法加载模块:Public

[ 2016-12-21T14:25:38+08:00 ] 127.0.0.1 /BOXUEYUANEND1/Public/images/2.png
INFO: [ app_init ] --START--
INFO: Run Behavior\BuildLiteBehavior [ RunTime:0.000023s ]
INFO: [ app_init ] --END-- [ RunTime:0.000444s ]
ERR: 无法加载模块:Public

[ 2016-12-21T14:25:38+08:00 ] 127.0.0.1 /BOXUEYUANEND1/Public/images/2.png
INFO: [ app_init ] --START--
INFO: Run Behavior\BuildLiteBehavior [ RunTime:0.000026s ]
INFO: [ app_init ] --END-- [ RunTime:0.000786s ]
ERR: 无法加载模块:Public

[ 2016-12-21T14:58:10+08:00 ] 127.0.0.1 /BOXUEYUANEND1/Public/before/css/bootstrap.min.css
INFO: [ app_init ] --START--
INFO: Run Behavior\BuildLiteBehavior [ RunTime:0.000023s ]
INFO: [ app_init ] --END-- [ RunTime:0.000488s ]
ERR: 无法加载模块:Public

[ 2016-12-21T14:58:10+08:00 ] 127.0.0.1 /BOXUEYUANEND1/Public/before/js/jquery.2.1.1.min.js
INFO: [ app_init ] --START--
INFO: Run Behavior\BuildLiteBehavior [ RunTime:0.000026s ]
INFO: [ app_init ] --END-- [ RunTime:0.000662s ]
ERR: 无法加载模块:Public

[ 2016-12-21T14:59:06+08:00 ] 127.0.0.1 /BOXUEYUANEND1/Public/before/css/bootstrap.min.css
INFO: [ app_init ] --START--
INFO: Run Behavior\BuildLiteBehavior [ RunTime:0.000024s ]
INFO: [ app_init ] --END-- [ RunTime:0.000624s ]
ERR: 无法加载模块:Public

[ 2016-12-21T14:59:06+08:00 ] 127.0.0.1 /BOXUEYUANEND1/Public/before/js/jquery.2.1.1.min.js
INFO: [ app_init ] --START--
INFO: Run Behavior\BuildLiteBehavior [ RunTime:0.000018s ]
INFO: [ app_init ] --END-- [ RunTime:0.000528s ]
ERR: 无法加载模块:Public

[ 2016-12-21T15:04:28+08:00 ] 127.0.0.1 /BOXUEYUANEND1/Public/before/css/bootstrap.min.css
INFO: [ app_init ] --START--
INFO: Run Behavior\BuildLiteBehavior [ RunTime:0.000017s ]
INFO: [ app_init ] --END-- [ RunTime:0.000430s ]
ERR: 无法加载模块:Public

[ 2016-12-21T15:04:28+08:00 ] 127.0.0.1 /BOXUEYUANEND1/Public/before/js/jquery.2.1.1.min.js
INFO: [ app_init ] --START--
INFO: Run Behavior\BuildLiteBehavior [ RunTime:0.000016s ]
INFO: [ app_init ] --END-- [ RunTime:0.000417s ]
ERR: 无法加载模块:Public

[ 2016-12-21T15:07:14+08:00 ] 127.0.0.1 /BOXUEYUANEND1/Public/before/css/bootstrap.min.css
INFO: [ app_init ] --START--
INFO: Run Behavior\BuildLiteBehavior [ RunTime:0.000025s ]
INFO: [ app_init ] --END-- [ RunTime:0.000634s ]
ERR: 无法加载模块:Public

[ 2016-12-21T15:07:14+08:00 ] 127.0.0.1 /BOXUEYUANEND1/Public/before/js/jquery.2.1.1.min.js
INFO: [ app_init ] --START--
INFO: Run Behavior\BuildLiteBehavior [ RunTime:0.000015s ]
INFO: [ app_init ] --END-- [ RunTime:0.000483s ]
ERR: 无法加载模块:Public

[ 2016-12-21T16:10:22+08:00 ] 127.0.0.1 /BOXUEYUANEND1/Public/before/js/jquery.2.1.1.min.js
INFO: [ app_init ] --START--
INFO: Run Behavior\BuildLiteBehavior [ RunTime:0.000015s ]
INFO: [ app_init ] --END-- [ RunTime:0.000378s ]
ERR: 无法加载模块:Public

[ 2016-12-21T16:10:22+08:00 ] 127.0.0.1 /BOXUEYUANEND1/Public/before/css/bootstrap.min.css
INFO: [ app_init ] --START--
INFO: Run Behavior\BuildLiteBehavior [ RunTime:0.000013s ]
INFO: [ app_init ] --END-- [ RunTime:0.000400s ]
ERR: 无法加载模块:Public

[ 2016-12-21T16:11:21+08:00 ] 127.0.0.1 /BOXUEYUANEND1/Public/before/js/jquery.2.1.1.min.js
INFO: [ app_init ] --START--
INFO: Run Behavior\BuildLiteBehavior [ RunTime:0.000025s ]
INFO: [ app_init ] --END-- [ RunTime:0.000925s ]
ERR: 无法加载模块:Public

[ 2016-12-21T22:21:40+08:00 ] 127.0.0.1 /BOXUEYUANEND1/Public/before/css/bootstrap.min.css
INFO: [ app_init ] --START--
INFO: Run Behavior\BuildLiteBehavior [ RunTime:0.000017s ]
INFO: [ app_init ] --END-- [ RunTime:0.000429s ]
ERR: 无法加载模块:Public

[ 2016-12-21T22:21:40+08:00 ] 127.0.0.1 /BOXUEYUANEND1/Public/before/js/jquery.2.1.1.min.js
INFO: [ app_init ] --START--
INFO: Run Behavior\BuildLiteBehavior [ RunTime:0.000022s ]
INFO: [ app_init ] --END-- [ RunTime:0.000624s ]
ERR: 无法加载模块:Public

[ 2016-12-21T22:23:38+08:00 ] 127.0.0.1 /BOXUEYUANEND1/Public/before/css/bootstrap.min.css
INFO: [ app_init ] --START--
INFO: Run Behavior\BuildLiteBehavior [ RunTime:0.000024s ]
INFO: [ app_init ] --END-- [ RunTime:0.000621s ]
ERR: 无法加载模块:Public

[ 2016-12-21T22:23:38+08:00 ] 127.0.0.1 /BOXUEYUANEND1/Public/before/js/jquery.2.1.1.min.js
INFO: [ app_init ] --START--
INFO: Run Behavior\BuildLiteBehavior [ RunTime:0.000034s ]
INFO: [ app_init ] --END-- [ RunTime:0.000811s ]
ERR: 无法加载模块:Public

[ 2016-12-21T22:36:17+08:00 ] 127.0.0.1 /BOXUEYUANEND1/Public/before/css/bootstrap.css.map
INFO: [ app_init ] --START--
INFO: Run Behavior\BuildLiteBehavior [ RunTime:0.000014s ]
INFO: [ app_init ] --END-- [ RunTime:0.000486s ]
ERR: 无法加载模块:Public

[ 2016-12-21T22:36:57+08:00 ] 127.0.0.1 /BOXUEYUANEND1/Public/before/js//responsiveslides.min./BOXUEYUANEND1/Public/before/js/
INFO: [ app_init ] --START--
INFO: Run Behavior\BuildLiteBehavior [ RunTime:0.000026s ]
INFO: [ app_init ] --END-- [ RunTime:0.000721s ]
ERR: 无法加载模块:Public

[ 2016-12-21T22:36:57+08:00 ] 127.0.0.1 /BOXUEYUANEND1/Public/before/js//responsiveslides.min./BOXUEYUANEND1/Public/before/js/
INFO: [ app_init ] --START--
INFO: Run Behavior\BuildLiteBehavior [ RunTime:0.000016s ]
INFO: [ app_init ] --END-- [ RunTime:0.000414s ]
ERR: 无法加载模块:Public

[ 2016-12-21T22:37:01+08:00 ] 127.0.0.1 /BOXUEYUANEND1/Public/before/images/radio1.jpg
INFO: [ app_init ] --START--
INFO: Run Behavior\BuildLiteBehavior [ RunTime:0.000026s ]
INFO: [ app_init ] --END-- [ RunTime:0.000687s ]
ERR: 无法加载模块:Public

[ 2016-12-21T22:37:01+08:00 ] 127.0.0.1 /BOXUEYUANEND1/Public/before/images/radio2.jpg
INFO: [ app_init ] --START--
INFO: Run Behavior\BuildLiteBehavior [ RunTime:0.000015s ]
INFO: [ app_init ] --END-- [ RunTime:0.000422s ]
ERR: 无法加载模块:Public

[ 2016-12-21T22:37:22+08:00 ] 127.0.0.1 /BOXUEYUANEND1/Public/before/images/weipayimg.jpg
INFO: [ app_init ] --START--
INFO: Run Behavior\BuildLiteBehavior [ RunTime:0.000030s ]
INFO: [ app_init ] --END-- [ RunTime:0.000836s ]
ERR: 无法加载模块:Public

[ 2016-12-21T22:37:22+08:00 ] 127.0.0.1 /BOXUEYUANEND1/Public/before/images/weipayimg.jpg
INFO: [ app_init ] --START--
INFO: Run Behavior\BuildLiteBehavior [ RunTime:0.000052s ]
INFO: [ app_init ] --END-- [ RunTime:0.000830s ]
ERR: 无法加载模块:Public

[ 2016-12-21T22:37:22+08:00 ] 127.0.0.1 /BOXUEYUANEND1/Public/before/images/weipayimg.jpg
INFO: [ app_init ] --START--
INFO: Run Behavior\BuildLiteBehavior [ RunTime:0.000013s ]
INFO: [ app_init ] --END-- [ RunTime:0.000395s ]
ERR: 无法加载模块:Public

[ 2016-12-21T22:37:23+08:00 ] 127.0.0.1 /BOXUEYUANEND1/Public/before/images/weipayimg.jpg
INFO: [ app_init ] --START--
INFO: Run Behavior\BuildLiteBehavior [ RunTime:0.000023s ]
INFO: [ app_init ] --END-- [ RunTime:0.000455s ]
ERR: 无法加载模块:Public

[ 2016-12-21T22:37:23+08:00 ] 127.0.0.1 /BOXUEYUANEND1/Public/before/images/weipayimg.jpg
INFO: [ app_init ] --START--
INFO: Run Behavior\BuildLiteBehavior [ RunTime:0.000014s ]
INFO: [ app_init ] --END-- [ RunTime:0.000408s ]
ERR: 无法加载模块:Public

[ 2016-12-21T22:37:24+08:00 ] 127.0.0.1 /BOXUEYUANEND1/Public/before/images/weipayimg.jpg
INFO: [ app_init ] --START--
INFO: Run Behavior\BuildLiteBehavior [ RunTime:0.000014s ]
INFO: [ app_init ] --END-- [ RunTime:0.000369s ]
ERR: 无法加载模块:Public

[ 2016-12-21T22:37:27+08:00 ] 127.0.0.1 /BOXUEYUANEND1/Public/before/images/weipayimg.jpg
INFO: [ app_init ] --START--
INFO: Run Behavior\BuildLiteBehavior [ RunTime:0.000014s ]
INFO: [ app_init ] --END-- [ RunTime:0.000396s ]
ERR: 无法加载模块:Public

[ 2016-12-21T22:37:27+08:00 ] 127.0.0.1 /BOXUEYUANEND1/Public/before/images/weipayimg.jpg
INFO: [ app_init ] --START--
INFO: Run Behavior\BuildLiteBehavior [ RunTime:0.000013s ]
INFO: [ app_init ] --END-- [ RunTime:0.000396s ]
ERR: 无法加载模块:Public

[ 2016-12-21T22:37:34+08:00 ] 127.0.0.1 /BOXUEYUANEND1/Public/before/js//responsiveslides.min./BOXUEYUANEND1/Public/before/js/
INFO: [ app_init ] --START--
INFO: Run Behavior\BuildLiteBehavior [ RunTime:0.000017s ]
INFO: [ app_init ] --END-- [ RunTime:0.000440s ]
ERR: 无法加载模块:Public

[ 2016-12-21T22:37:34+08:00 ] 127.0.0.1 /BOXUEYUANEND1/Public/before/js//responsiveslides.min./BOXUEYUANEND1/Public/before/js/
INFO: [ app_init ] --START--
INFO: Run Behavior\BuildLiteBehavior [ RunTime:0.000024s ]
INFO: [ app_init ] --END-- [ RunTime:0.000514s ]
ERR: 无法加载模块:Public

[ 2016-12-21T22:37:35+08:00 ] 127.0.0.1 /BOXUEYUANEND1/Public/before/images/radio1.jpg
INFO: [ app_init ] --START--
INFO: Run Behavior\BuildLiteBehavior [ RunTime:0.000026s ]
INFO: [ app_init ] --END-- [ RunTime:0.000645s ]
ERR: 无法加载模块:Public

[ 2016-12-21T22:37:35+08:00 ] 127.0.0.1 /BOXUEYUANEND1/Public/before/images/radio2.jpg
INFO: [ app_init ] --START--
INFO: Run Behavior\BuildLiteBehavior [ RunTime:0.000017s ]
INFO: [ app_init ] --END-- [ RunTime:0.000646s ]
ERR: 无法加载模块:Public

[ 2016-12-21T22:37:36+08:00 ] 127.0.0.1 /BOXUEYUANEND1/Public/before/images/weipayimg.jpg
INFO: [ app_init ] --START--
INFO: Run Behavior\BuildLiteBehavior [ RunTime:0.000024s ]
INFO: [ app_init ] --END-- [ RunTime:0.000933s ]
ERR: 无法加载模块:Public

[ 2016-12-21T22:37:39+08:00 ] 127.0.0.1 /BOXUEYUANEND1/Public/before/images/weipayimg.jpg
INFO: [ app_init ] --START--
INFO: Run Behavior\BuildLiteBehavior [ RunTime:0.000014s ]
INFO: [ app_init ] --END-- [ RunTime:0.000367s ]
ERR: 无法加载模块:Public

[ 2016-12-21T22:43:11+08:00 ] 127.0.0.1 /BOXUEYUANEND1/Public/before/images/icons.png
INFO: [ app_init ] --START--
INFO: Run Behavior\BuildLiteBehavior [ RunTime:0.000017s ]
INFO: [ app_init ] --END-- [ RunTime:0.000395s ]
ERR: 无法加载模块:Public

[ 2016-12-21T22:43:11+08:00 ] 127.0.0.1 /BOXUEYUANEND1/Public/before/images/loader.gif
INFO: [ app_init ] --START--
INFO: Run Behavior\BuildLiteBehavior [ RunTime:0.000033s ]
INFO: [ app_init ] --END-- [ RunTime:0.000918s ]
ERR: 无法加载模块:Public

[ 2016-12-21T22:43:37+08:00 ] 127.0.0.1 /BOXUEYUANEND1/Public/before/css/bootstrap.min.css
INFO: [ app_init ] --START--
INFO: Run Behavior\BuildLiteBehavior [ RunTime:0.000024s ]
INFO: [ app_init ] --END-- [ RunTime:0.000632s ]
ERR: 无法加载模块:Public

[ 2016-12-21T22:43:37+08:00 ] 127.0.0.1 /BOXUEYUANEND1/Public/before/js/jquery.2.1.1.min.js
INFO: [ app_init ] --START--
INFO: Run Behavior\BuildLiteBehavior [ RunTime:0.000029s ]
INFO: [ app_init ] --END-- [ RunTime:0.001903s ]
ERR: 无法加载模块:Public

[ 2016-12-21T22:45:05+08:00 ] 127.0.0.1 /BOXUEYUANEND1/Public/before/images/radio1.jpg
INFO: [ app_init ] --START--
INFO: Run Behavior\BuildLiteBehavior [ RunTime:0.000093s ]
INFO: [ app_init ] --END-- [ RunTime:0.001278s ]
ERR: 无法加载模块:Public

[ 2016-12-21T22:45:05+08:00 ] 127.0.0.1 /BOXUEYUANEND1/Public/before/images/radio2.jpg
INFO: [ app_init ] --START--
INFO: Run Behavior\BuildLiteBehavior [ RunTime:0.000019s ]
INFO: [ app_init ] --END-- [ RunTime:0.000583s ]
ERR: 无法加载模块:Public

[ 2016-12-21T22:45:07+08:00 ] 127.0.0.1 /BOXUEYUANEND1/Public/before/images/weipayimg.jpg
INFO: [ app_init ] --START--
INFO: Run Behavior\BuildLiteBehavior [ RunTime:0.000014s ]
INFO: [ app_init ] --END-- [ RunTime:0.000381s ]
ERR: 无法加载模块:Public

[ 2016-12-21T22:45:08+08:00 ] 127.0.0.1 /BOXUEYUANEND1/Public/before/images/weipayimg.jpg
INFO: [ app_init ] --START--
INFO: Run Behavior\BuildLiteBehavior [ RunTime:0.000013s ]
INFO: [ app_init ] --END-- [ RunTime:0.000325s ]
ERR: 无法加载模块:Public

[ 2016-12-21T22:46:02+08:00 ] 127.0.0.1 /BOXUEYUANEND1/Public/before/images/radio1.jpg
INFO: [ app_init ] --START--
INFO: Run Behavior\BuildLiteBehavior [ RunTime:0.000056s ]
INFO: [ app_init ] --END-- [ RunTime:0.000686s ]
ERR: 无法加载模块:Public

[ 2016-12-21T22:46:02+08:00 ] 127.0.0.1 /BOXUEYUANEND1/Public/before/images/radio2.jpg
INFO: [ app_init ] --START--
INFO: Run Behavior\BuildLiteBehavior [ RunTime:0.000024s ]
INFO: [ app_init ] --END-- [ RunTime:0.000550s ]
ERR: 无法加载模块:Public

[ 2016-12-21T22:46:03+08:00 ] 127.0.0.1 /BOXUEYUANEND1/Public/before/images/weipayimg.jpg
INFO: [ app_init ] --START--
INFO: Run Behavior\BuildLiteBehavior [ RunTime:0.000014s ]
INFO: [ app_init ] --END-- [ RunTime:0.000339s ]
ERR: 无法加载模块:Public

[ 2016-12-21T22:46:24+08:00 ] 127.0.0.1 /BOXUEYUANEND1/Public/before//BOXUEYUANEND1/Public/before/js/jquery.swipebox.min.js
INFO: [ app_init ] --START--
INFO: Run Behavior\BuildLiteBehavior [ RunTime:0.000025s ]
INFO: [ app_init ] --END-- [ RunTime:0.000618s ]
ERR: 无法加载模块:Public

[ 2016-12-21T22:46:25+08:00 ] 127.0.0.1 /BOXUEYUANEND1/Public/before//BOXUEYUANEND1/Public/before/js/jquery.swipebox.min.js
INFO: [ app_init ] --START--
INFO: Run Behavior\BuildLiteBehavior [ RunTime:0.000029s ]
INFO: [ app_init ] --END-- [ RunTime:0.000699s ]
ERR: 无法加载模块:Public

[ 2016-12-21T22:46:25+08:00 ] 127.0.0.1 /BOXUEYUANEND1/Public/before//BOXUEYUANEND1/Public/before/js/jquery.swipebox.min.js
INFO: [ app_init ] --START--
INFO: Run Behavior\BuildLiteBehavior [ RunTime:0.000041s ]
INFO: [ app_init ] --END-- [ RunTime:0.000965s ]
ERR: 无法加载模块:Public

[ 2016-12-21T22:46:25+08:00 ] 127.0.0.1 /BOXUEYUANEND1/Public/before//BOXUEYUANEND1/Public/before/js/jquery.swipebox.min.js
INFO: [ app_init ] --START--
INFO: Run Behavior\BuildLiteBehavior [ RunTime:0.000016s ]
INFO: [ app_init ] --END-- [ RunTime:0.000414s ]
ERR: 无法加载模块:Public

[ 2016-12-21T22:46:25+08:00 ] 127.0.0.1 /BOXUEYUANEND1/Public/before//BOXUEYUANEND1/Public/before/js/jquery.swipebox.min.js
INFO: [ app_init ] --START--
INFO: Run Behavior\BuildLiteBehavior [ RunTime:0.000026s ]
INFO: [ app_init ] --END-- [ RunTime:0.000366s ]
ERR: 无法加载模块:Public

[ 2016-12-21T22:46:32+08:00 ] 127.0.0.1 /BOXUEYUANEND1/Public/before/js//responsiveslides.min./BOXUEYUANEND1/Public/before/js/
INFO: [ app_init ] --START--
INFO: Run Behavior\BuildLiteBehavior [ RunTime:0.000031s ]
INFO: [ app_init ] --END-- [ RunTime:0.000780s ]
ERR: 无法加载模块:Public

[ 2016-12-21T22:46:32+08:00 ] 127.0.0.1 /BOXUEYUANEND1/Public/before/js//responsiveslides.min./BOXUEYUANEND1/Public/before/js/
INFO: [ app_init ] --START--
INFO: Run Behavior\BuildLiteBehavior [ RunTime:0.000026s ]
INFO: [ app_init ] --END-- [ RunTime:0.000672s ]
ERR: 无法加载模块:Public

[ 2016-12-21T22:46:35+08:00 ] 127.0.0.1 /BOXUEYUANEND1/Public/before/images/radio1.jpg
INFO: [ app_init ] --START--
INFO: Run Behavior\BuildLiteBehavior [ RunTime:0.000023s ]
INFO: [ app_init ] --END-- [ RunTime:0.000529s ]
ERR: 无法加载模块:Public

[ 2016-12-21T22:46:35+08:00 ] 127.0.0.1 /BOXUEYUANEND1/Public/before/images/radio2.jpg
INFO: [ app_init ] --START--
INFO: Run Behavior\BuildLiteBehavior [ RunTime:0.000016s ]
INFO: [ app_init ] --END-- [ RunTime:0.000491s ]
ERR: 无法加载模块:Public

[ 2016-12-21T22:46:37+08:00 ] 127.0.0.1 /BOXUEYUANEND1/Public/before/images/weipayimg.jpg
INFO: [ app_init ] --START--
INFO: Run Behavior\BuildLiteBehavior [ RunTime:0.000030s ]
INFO: [ app_init ] --END-- [ RunTime:0.001673s ]
ERR: 无法加载模块:Public

[ 2016-12-21T22:46:39+08:00 ] 127.0.0.1 /BOXUEYUANEND1/Public/before/images/weipayimg.jpg
INFO: [ app_init ] --START--
INFO: Run Behavior\BuildLiteBehavior [ RunTime:0.000022s ]
INFO: [ app_init ] --END-- [ RunTime:0.000481s ]
ERR: 无法加载模块:Public

[ 2016-12-21T22:46:41+08:00 ] 127.0.0.1 /BOXUEYUANEND1/Public/before/images/weipayimg.jpg
INFO: [ app_init ] --START--
INFO: Run Behavior\BuildLiteBehavior [ RunTime:0.000019s ]
INFO: [ app_init ] --END-- [ RunTime:0.000420s ]
ERR: 无法加载模块:Public

[ 2016-12-21T22:47:07+08:00 ] 127.0.0.1 /BOXUEYUANEND1/Public/before//BOXUEYUANEND1/Public/before/js/jquery.swipebox.min.js
INFO: [ app_init ] --START--
INFO: Run Behavior\BuildLiteBehavior [ RunTime:0.000028s ]
INFO: [ app_init ] --END-- [ RunTime:0.001246s ]
ERR: 无法加载模块:Public

[ 2016-12-21T22:47:07+08:00 ] 127.0.0.1 /BOXUEYUANEND1/Public/before//BOXUEYUANEND1/Public/before/js/jquery.swipebox.min.js
INFO: [ app_init ] --START--
INFO: Run Behavior\BuildLiteBehavior [ RunTime:0.000032s ]
INFO: [ app_init ] --END-- [ RunTime:0.002076s ]
ERR: 无法加载模块:Public

[ 2016-12-21T22:47:07+08:00 ] 127.0.0.1 /BOXUEYUANEND1/Public/before//BOXUEYUANEND1/Public/before/js/jquery.swipebox.min.js
INFO: [ app_init ] --START--
INFO: Run Behavior\BuildLiteBehavior [ RunTime:0.000025s ]
INFO: [ app_init ] --END-- [ RunTime:0.000587s ]
ERR: 无法加载模块:Public

[ 2016-12-21T22:47:07+08:00 ] 127.0.0.1 /BOXUEYUANEND1/Public/before//BOXUEYUANEND1/Public/before/js/jquery.swipebox.min.js
INFO: [ app_init ] --START--
INFO: Run Behavior\BuildLiteBehavior [ RunTime:0.000027s ]
INFO: [ app_init ] --END-- [ RunTime:0.000653s ]
ERR: 无法加载模块:Public

[ 2016-12-21T22:47:07+08:00 ] 127.0.0.1 /BOXUEYUANEND1/Public/before//BOXUEYUANEND1/Public/before/js/jquery.swipebox.min.js
INFO: [ app_init ] --START--
INFO: Run Behavior\BuildLiteBehavior [ RunTime:0.000025s ]
INFO: [ app_init ] --END-- [ RunTime:0.000611s ]
ERR: 无法加载模块:Public

[ 2016-12-21T22:47:41+08:00 ] 127.0.0.1 /BOXUEYUANEND1/Public/before/images/radio1.jpg
INFO: [ app_init ] --START--
INFO: Run Behavior\BuildLiteBehavior [ RunTime:0.000017s ]
INFO: [ app_init ] --END-- [ RunTime:0.000547s ]
ERR: 无法加载模块:Public

[ 2016-12-21T22:47:41+08:00 ] 127.0.0.1 /BOXUEYUANEND1/Public/before/images/radio2.jpg
INFO: [ app_init ] --START--
INFO: Run Behavior\BuildLiteBehavior [ RunTime:0.000032s ]
INFO: [ app_init ] --END-- [ RunTime:0.000684s ]
ERR: 无法加载模块:Public

[ 2016-12-21T22:47:42+08:00 ] 127.0.0.1 /BOXUEYUANEND1/Public/before/images/weipayimg.jpg
INFO: [ app_init ] --START--
INFO: Run Behavior\BuildLiteBehavior [ RunTime:0.000019s ]
INFO: [ app_init ] --END-- [ RunTime:0.000517s ]
ERR: 无法加载模块:Public

[ 2016-12-21T22:47:44+08:00 ] 127.0.0.1 /BOXUEYUANEND1/Public/before/images/weipayimg.jpg
INFO: [ app_init ] --START--
INFO: Run Behavior\BuildLiteBehavior [ RunTime:0.000026s ]
INFO: [ app_init ] --END-- [ RunTime:0.000686s ]
ERR: 无法加载模块:Public

[ 2016-12-21T22:48:03+08:00 ] 127.0.0.1 /BOXUEYUANEND1/Public/before/images/radio1.jpg
INFO: [ app_init ] --START--
INFO: Run Behavior\BuildLiteBehavior [ RunTime:0.000025s ]
INFO: [ app_init ] --END-- [ RunTime:0.000564s ]
ERR: 无法加载模块:Public

[ 2016-12-21T22:48:03+08:00 ] 127.0.0.1 /BOXUEYUANEND1/Public/before/images/radio2.jpg
INFO: [ app_init ] --START--
INFO: Run Behavior\BuildLiteBehavior [ RunTime:0.000028s ]
INFO: [ app_init ] --END-- [ RunTime:0.000943s ]
ERR: 无法加载模块:Public

[ 2016-12-21T22:48:05+08:00 ] 127.0.0.1 /BOXUEYUANEND1/Public/before/images/weipayimg.jpg
INFO: [ app_init ] --START--
INFO: Run Behavior\BuildLiteBehavior [ RunTime:0.000031s ]
INFO: [ app_init ] --END-- [ RunTime:0.000763s ]
ERR: 无法加载模块:Public

[ 2016-12-21T22:49:03+08:00 ] 127.0.0.1 /BOXUEYUANEND1/Public/before/images/weipayimg.jpg
INFO: [ app_init ] --START--
INFO: Run Behavior\BuildLiteBehavior [ RunTime:0.000017s ]
INFO: [ app_init ] --END-- [ RunTime:0.000444s ]
ERR: 无法加载模块:Public

[ 2016-12-21T22:49:51+08:00 ] 127.0.0.1 /BOXUEYUANEND1/Public/before/images/weipayimg.jpg
INFO: [ app_init ] --START--
INFO: Run Behavior\BuildLiteBehavior [ RunTime:0.000020s ]
INFO: [ app_init ] --END-- [ RunTime:0.000437s ]
ERR: 无法加载模块:Public

[ 2016-12-21T22:49:53+08:00 ] 127.0.0.1 /BOXUEYUANEND1/Public/before/images/weipayimg.jpg
INFO: [ app_init ] --START--
INFO: Run Behavior\BuildLiteBehavior [ RunTime:0.000013s ]
INFO: [ app_init ] --END-- [ RunTime:0.000362s ]
ERR: 无法加载模块:Public

[ 2016-12-21T22:50:13+08:00 ] 127.0.0.1 /BOXUEYUANEND1/Public/before/images/weipayimg.jpg
INFO: [ app_init ] --START--
INFO: Run Behavior\BuildLiteBehavior [ RunTime:0.000013s ]
INFO: [ app_init ] --END-- [ RunTime:0.000326s ]
ERR: 无法加载模块:Public

[ 2016-12-21T22:50:15+08:00 ] 127.0.0.1 /BOXUEYUANEND1/Public/before/images/weipayimg.jpg
INFO: [ app_init ] --START--
INFO: Run Behavior\BuildLiteBehavior [ RunTime:0.000013s ]
INFO: [ app_init ] --END-- [ RunTime:0.000322s ]
ERR: 无法加载模块:Public

[ 2016-12-21T22:50:38+08:00 ] 127.0.0.1 /BOXUEYUANEND1/Public/before/images/radio2.jpg
INFO: [ app_init ] --START--
INFO: Run Behavior\BuildLiteBehavior [ RunTime:0.000016s ]
INFO: [ app_init ] --END-- [ RunTime:0.000384s ]
ERR: 无法加载模块:Public

[ 2016-12-21T22:50:38+08:00 ] 127.0.0.1 /BOXUEYUANEND1/Public/before/images/radio1.jpg
INFO: [ app_init ] --START--
INFO: Run Behavior\BuildLiteBehavior [ RunTime:0.000028s ]
INFO: [ app_init ] --END-- [ RunTime:0.000647s ]
ERR: 无法加载模块:Public

[ 2016-12-21T22:50:54+08:00 ] 127.0.0.1 /BOXUEYUANEND1/Public/before/images/radio2.jpg
INFO: [ app_init ] --START--
INFO: Run Behavior\BuildLiteBehavior [ RunTime:0.000074s ]
INFO: [ app_init ] --END-- [ RunTime:0.001430s ]
ERR: 无法加载模块:Public

[ 2016-12-21T22:50:54+08:00 ] 127.0.0.1 /BOXUEYUANEND1/Public/before/images/radio1.jpg
INFO: [ app_init ] --START--
INFO: Run Behavior\BuildLiteBehavior [ RunTime:0.000030s ]
INFO: [ app_init ] --END-- [ RunTime:0.000768s ]
ERR: 无法加载模块:Public

[ 2016-12-21T22:50:54+08:00 ] 127.0.0.1 /BOXUEYUANEND1/Public/before/images/weipayimg.jpg
INFO: [ app_init ] --START--
INFO: Run Behavior\BuildLiteBehavior [ RunTime:0.000017s ]
INFO: [ app_init ] --END-- [ RunTime:0.000397s ]
ERR: 无法加载模块:Public

[ 2016-12-21T22:50:57+08:00 ] 127.0.0.1 /BOXUEYUANEND1/Public/before/images/weipayimg.jpg
INFO: [ app_init ] --START--
INFO: Run Behavior\BuildLiteBehavior [ RunTime:0.000014s ]
INFO: [ app_init ] --END-- [ RunTime:0.000364s ]
ERR: 无法加载模块:Public

[ 2016-12-21T22:50:58+08:00 ] 127.0.0.1 /BOXUEYUANEND1/Public/before/images/weipayimg.jpg
INFO: [ app_init ] --START--
INFO: Run Behavior\BuildLiteBehavior [ RunTime:0.000016s ]
INFO: [ app_init ] --END-- [ RunTime:0.000455s ]
ERR: 无法加载模块:Public

[ 2016-12-21T22:51:08+08:00 ] 127.0.0.1 /BOXUEYUANEND1/Public/before/css/bootstrap.css.map
INFO: [ app_init ] --START--
INFO: Run Behavior\BuildLiteBehavior [ RunTime:0.000019s ]
INFO: [ app_init ] --END-- [ RunTime:0.000543s ]
ERR: 无法加载模块:Public

[ 2016-12-21T22:51:52+08:00 ] 127.0.0.1 /BOXUEYUANEND1/Public/before/images/weipayimg.jpg
INFO: [ app_init ] --START--
INFO: Run Behavior\BuildLiteBehavior [ RunTime:0.000014s ]
INFO: [ app_init ] --END-- [ RunTime:0.000425s ]
ERR: 无法加载模块:Public

[ 2016-12-21T22:51:58+08:00 ] 127.0.0.1 /BOXUEYUANEND1/Public/before/images/weipayimg.jpg
INFO: [ app_init ] --START--
INFO: Run Behavior\BuildLiteBehavior [ RunTime:0.000025s ]
INFO: [ app_init ] --END-- [ RunTime:0.000653s ]
ERR: 无法加载模块:Public

[ 2016-12-21T22:53:02+08:00 ] 127.0.0.1 /BOXUEYUANEND1/Public/before/images/weipayimg.jpg
INFO: [ app_init ] --START--
INFO: Run Behavior\BuildLiteBehavior [ RunTime:0.000016s ]
INFO: [ app_init ] --END-- [ RunTime:0.000459s ]
ERR: 无法加载模块:Public

[ 2016-12-21T22:56:49+08:00 ] 127.0.0.1 /BOXUEYUANEND1/Public/before/images/radio2.jpg
INFO: [ app_init ] --START--
INFO: Run Behavior\BuildLiteBehavior [ RunTime:0.000016s ]
INFO: [ app_init ] --END-- [ RunTime:0.000581s ]
ERR: 无法加载模块:Public

[ 2016-12-21T22:56:49+08:00 ] 127.0.0.1 /BOXUEYUANEND1/Public/before/images/radio1.jpg
INFO: [ app_init ] --START--
INFO: Run Behavior\BuildLiteBehavior [ RunTime:0.000015s ]
INFO: [ app_init ] --END-- [ RunTime:0.000617s ]
ERR: 无法加载模块:Public

[ 2016-12-21T22:56:50+08:00 ] 127.0.0.1 /BOXUEYUANEND1/Public/before/images/weipayimg.jpg
INFO: [ app_init ] --START--
INFO: Run Behavior\BuildLiteBehavior [ RunTime:0.000015s ]
INFO: [ app_init ] --END-- [ RunTime:0.000372s ]
ERR: 无法加载模块:Public

[ 2016-12-21T22:56:52+08:00 ] 127.0.0.1 /BOXUEYUANEND1/Public/before/images/weipayimg.jpg
INFO: [ app_init ] --START--
INFO: Run Behavior\BuildLiteBehavior [ RunTime:0.000022s ]
INFO: [ app_init ] --END-- [ RunTime:0.000588s ]
ERR: 无法加载模块:Public

[ 2016-12-21T23:01:59+08:00 ] 127.0.0.1 /BOXUEYUANEND1/Public/before/images/weipayimg.jpg
INFO: [ app_init ] --START--
INFO: Run Behavior\BuildLiteBehavior [ RunTime:0.000041s ]
INFO: [ app_init ] --END-- [ RunTime:0.001497s ]
ERR: 无法加载模块:Public

[ 2016-12-21T23:02:01+08:00 ] 127.0.0.1 /BOXUEYUANEND1/Public/before/images/weipayimg.jpg
INFO: [ app_init ] --START--
INFO: Run Behavior\BuildLiteBehavior [ RunTime:0.000013s ]
INFO: [ app_init ] --END-- [ RunTime:0.000325s ]
ERR: 无法加载模块:Public

[ 2016-12-21T23:02:01+08:00 ] 127.0.0.1 /BOXUEYUANEND1/Public/before/images/weipayimg.jpg
INFO: [ app_init ] --START--
INFO: Run Behavior\BuildLiteBehavior [ RunTime:0.000021s ]
INFO: [ app_init ] --END-- [ RunTime:0.000505s ]
ERR: 无法加载模块:Public

[ 2016-12-21T23:02:02+08:00 ] 127.0.0.1 /BOXUEYUANEND1/Public/before/images/weipayimg.jpg
INFO: [ app_init ] --START--
INFO: Run Behavior\BuildLiteBehavior [ RunTime:0.000013s ]
INFO: [ app_init ] --END-- [ RunTime:0.000362s ]
ERR: 无法加载模块:Public

[ 2016-12-21T23:05:51+08:00 ] 127.0.0.1 /BOXUEYUANEND1/Public/before/js/jquery.2.1.1.min.js
INFO: [ app_init ] --START--
INFO: Run Behavior\BuildLiteBehavior [ RunTime:0.000025s ]
INFO: [ app_init ] --END-- [ RunTime:0.000598s ]
ERR: 无法加载模块:Public

[ 2016-12-21T23:05:51+08:00 ] 127.0.0.1 /BOXUEYUANEND1/Public/before/css/bootstrap.min.css
INFO: [ app_init ] --START--
INFO: Run Behavior\BuildLiteBehavior [ RunTime:0.000022s ]
INFO: [ app_init ] --END-- [ RunTime:0.000537s ]
ERR: 无法加载模块:Public

[ 2016-12-21T23:06:41+08:00 ] 127.0.0.1 /BOXUEYUANEND1/Public/before/images/radio1.jpg
INFO: [ app_init ] --START--
INFO: Run Behavior\BuildLiteBehavior [ RunTime:0.000028s ]
INFO: [ app_init ] --END-- [ RunTime:0.000629s ]
ERR: 无法加载模块:Public

[ 2016-12-21T23:06:41+08:00 ] 127.0.0.1 /BOXUEYUANEND1/Public/before/images/radio2.jpg
INFO: [ app_init ] --START--
INFO: Run Behavior\BuildLiteBehavior [ RunTime:0.000029s ]
INFO: [ app_init ] --END-- [ RunTime:0.000808s ]
ERR: 无法加载模块:Public

[ 2016-12-21T23:06:44+08:00 ] 127.0.0.1 /BOXUEYUANEND1/Public/before/images/weipayimg.jpg
INFO: [ app_init ] --START--
INFO: Run Behavior\BuildLiteBehavior [ RunTime:0.000016s ]
INFO: [ app_init ] --END-- [ RunTime:0.000422s ]
ERR: 无法加载模块:Public

[ 2016-12-21T23:06:53+08:00 ] 127.0.0.1 /BOXUEYUANEND1/Public/before/images/weipayimg.jpg
INFO: [ app_init ] --START--
INFO: Run Behavior\BuildLiteBehavior [ RunTime:0.000042s ]
INFO: [ app_init ] --END-- [ RunTime:0.001081s ]
ERR: 无法加载模块:Public

[ 2016-12-21T23:06:53+08:00 ] 127.0.0.1 /BOXUEYUANEND1/Public/before/images/weipayimg.jpg
INFO: [ app_init ] --START--
INFO: Run Behavior\BuildLiteBehavior [ RunTime:0.000013s ]
INFO: [ app_init ] --END-- [ RunTime:0.000326s ]
ERR: 无法加载模块:Public

[ 2016-12-21T23:07:02+08:00 ] 127.0.0.1 /BOXUEYUANEND1/Public/before/images/weipayimg.jpg
INFO: [ app_init ] --START--
INFO: Run Behavior\BuildLiteBehavior [ RunTime:0.000014s ]
INFO: [ app_init ] --END-- [ RunTime:0.000359s ]
ERR: 无法加载模块:Public

[ 2016-12-21T23:07:29+08:00 ] 127.0.0.1 /BOXUEYUANEND1/Public/before/images/weipayimg.jpg
INFO: [ app_init ] --START--
INFO: Run Behavior\BuildLiteBehavior [ RunTime:0.000026s ]
INFO: [ app_init ] --END-- [ RunTime:0.000657s ]
ERR: 无法加载模块:Public

[ 2016-12-21T23:07:31+08:00 ] 127.0.0.1 /BOXUEYUANEND1/Public/before/images/weipayimg.jpg
INFO: [ app_init ] --START--
INFO: Run Behavior\BuildLiteBehavior [ RunTime:0.000016s ]
INFO: [ app_init ] --END-- [ RunTime:0.000389s ]
ERR: 无法加载模块:Public

[ 2016-12-21T23:07:32+08:00 ] 127.0.0.1 /BOXUEYUANEND1/Public/before/images/weipayimg.jpg
INFO: [ app_init ] --START--
INFO: Run Behavior\BuildLiteBehavior [ RunTime:0.000016s ]
INFO: [ app_init ] --END-- [ RunTime:0.000389s ]
ERR: 无法加载模块:Public

[ 2016-12-21T23:07:33+08:00 ] 127.0.0.1 /BOXUEYUANEND1/Public/before/images/weipayimg.jpg
INFO: [ app_init ] --START--
INFO: Run Behavior\BuildLiteBehavior [ RunTime:0.000015s ]
INFO: [ app_init ] --END-- [ RunTime:0.000358s ]
ERR: 无法加载模块:Public

[ 2016-12-21T23:13:48+08:00 ] 127.0.0.1 /BOXUEYUANEND1/Public/before/images/radio1.jpg
INFO: [ app_init ] --START--
INFO: Run Behavior\BuildLiteBehavior [ RunTime:0.000029s ]
INFO: [ app_init ] --END-- [ RunTime:0.001032s ]
ERR: 无法加载模块:Public

[ 2016-12-21T23:13:48+08:00 ] 127.0.0.1 /BOXUEYUANEND1/Public/before/images/radio2.jpg
INFO: [ app_init ] --START--
INFO: Run Behavior\BuildLiteBehavior [ RunTime:0.000027s ]
INFO: [ app_init ] --END-- [ RunTime:0.000685s ]
ERR: 无法加载模块:Public

[ 2016-12-21T23:14:03+08:00 ] 127.0.0.1 /BOXUEYUANEND1/Public/before/js//responsiveslides.min./BOXUEYUANEND1/Public/before/js/
INFO: [ app_init ] --START--
INFO: Run Behavior\BuildLiteBehavior [ RunTime:0.000030s ]
INFO: [ app_init ] --END-- [ RunTime:0.000790s ]
ERR: 无法加载模块:Public

[ 2016-12-21T23:14:05+08:00 ] 127.0.0.1 /BOXUEYUANEND1/Public/before/images/radio1.jpg
INFO: [ app_init ] --START--
INFO: Run Behavior\BuildLiteBehavior [ RunTime:0.000024s ]
INFO: [ app_init ] --END-- [ RunTime:0.000581s ]
ERR: 无法加载模块:Public

[ 2016-12-21T23:14:05+08:00 ] 127.0.0.1 /BOXUEYUANEND1/Public/before/images/radio2.jpg
INFO: [ app_init ] --START--
INFO: Run Behavior\BuildLiteBehavior [ RunTime:0.000028s ]
INFO: [ app_init ] --END-- [ RunTime:0.000705s ]
ERR: 无法加载模块:Public

[ 2016-12-21T23:14:20+08:00 ] 127.0.0.1 /BOXUEYUANEND1/Public/before/js//responsiveslides.min./BOXUEYUANEND1/Public/before/js/
INFO: [ app_init ] --START--
INFO: Run Behavior\BuildLiteBehavior [ RunTime:0.000024s ]
INFO: [ app_init ] --END-- [ RunTime:0.000640s ]
ERR: 无法加载模块:Public

[ 2016-12-21T23:14:20+08:00 ] 127.0.0.1 /BOXUEYUANEND1/Public/before/js//responsiveslides.min./BOXUEYUANEND1/Public/before/js/
INFO: [ app_init ] --START--
INFO: Run Behavior\BuildLiteBehavior [ RunTime:0.000042s ]
INFO: [ app_init ] --END-- [ RunTime:0.000662s ]
ERR: 无法加载模块:Public

[ 2016-12-21T23:14:21+08:00 ] 127.0.0.1 /BOXUEYUANEND1/Public/before/images/radio1.jpg
INFO: [ app_init ] --START--
INFO: Run Behavior\BuildLiteBehavior [ RunTime:0.000024s ]
INFO: [ app_init ] --END-- [ RunTime:0.000561s ]
ERR: 无法加载模块:Public

[ 2016-12-21T23:14:21+08:00 ] 127.0.0.1 /BOXUEYUANEND1/Public/before/images/radio2.jpg
INFO: [ app_init ] --START--
INFO: Run Behavior\BuildLiteBehavior [ RunTime:0.000163s ]
INFO: [ app_init ] --END-- [ RunTime:0.001705s ]
ERR: 无法加载模块:Public

[ 2016-12-21T23:16:57+08:00 ] 127.0.0.1 /BOXUEYUANEND1/Public/before/images/radio1.jpg
INFO: [ app_init ] --START--
INFO: Run Behavior\BuildLiteBehavior [ RunTime:0.000023s ]
INFO: [ app_init ] --END-- [ RunTime:0.000555s ]
ERR: 无法加载模块:Public

[ 2016-12-21T23:16:57+08:00 ] 127.0.0.1 /BOXUEYUANEND1/Public/before/images/radio2.jpg
INFO: [ app_init ] --START--
INFO: Run Behavior\BuildLiteBehavior [ RunTime:0.000025s ]
INFO: [ app_init ] --END-- [ RunTime:0.000724s ]
ERR: 无法加载模块:Public

[ 2016-12-21T23:17:11+08:00 ] 127.0.0.1 /BOXUEYUANEND1/Public/before/images/radio2.jpg
INFO: [ app_init ] --START--
INFO: Run Behavior\BuildLiteBehavior [ RunTime:0.000025s ]
INFO: [ app_init ] --END-- [ RunTime:0.000550s ]
ERR: 无法加载模块:Public

[ 2016-12-21T23:17:11+08:00 ] 127.0.0.1 /BOXUEYUANEND1/Public/before/images/radio1.jpg
INFO: [ app_init ] --START--
INFO: Run Behavior\BuildLiteBehavior [ RunTime:0.000034s ]
INFO: [ app_init ] --END-- [ RunTime:0.001008s ]
ERR: 无法加载模块:Public

[ 2016-12-21T23:17:24+08:00 ] 127.0.0.1 /BOXUEYUANEND1/Public/before/images/radio2.jpg
INFO: [ app_init ] --START--
INFO: Run Behavior\BuildLiteBehavior [ RunTime:0.000029s ]
INFO: [ app_init ] --END-- [ RunTime:0.000621s ]
ERR: 无法加载模块:Public

[ 2016-12-21T23:17:24+08:00 ] 127.0.0.1 /BOXUEYUANEND1/Public/before/images/radio1.jpg
INFO: [ app_init ] --START--
INFO: Run Behavior\BuildLiteBehavior [ RunTime:0.000026s ]
INFO: [ app_init ] --END-- [ RunTime:0.000691s ]
ERR: 无法加载模块:Public

[ 2016-12-21T23:18:24+08:00 ] 127.0.0.1 /BOXUEYUANEND1/Public/before/js//responsiveslides.min./BOXUEYUANEND1/Public/before/js/
INFO: [ app_init ] --START--
INFO: Run Behavior\BuildLiteBehavior [ RunTime:0.000030s ]
INFO: [ app_init ] --END-- [ RunTime:0.000802s ]
ERR: 无法加载模块:Public

[ 2016-12-21T23:18:24+08:00 ] 127.0.0.1 /BOXUEYUANEND1/Public/before/js//responsiveslides.min./BOXUEYUANEND1/Public/before/js/
INFO: [ app_init ] --START--
INFO: Run Behavior\BuildLiteBehavior [ RunTime:0.000033s ]
INFO: [ app_init ] --END-- [ RunTime:0.000864s ]
ERR: 无法加载模块:Public

[ 2016-12-21T23:18:25+08:00 ] 127.0.0.1 /BOXUEYUANEND1/Public/before/images/radio1.jpg
INFO: [ app_init ] --START--
INFO: Run Behavior\BuildLiteBehavior [ RunTime:0.000015s ]
INFO: [ app_init ] --END-- [ RunTime:0.000371s ]
ERR: 无法加载模块:Public

[ 2016-12-21T23:18:25+08:00 ] 127.0.0.1 /BOXUEYUANEND1/Public/before/images/radio2.jpg
INFO: [ app_init ] --START--
INFO: Run Behavior\BuildLiteBehavior [ RunTime:0.000024s ]
INFO: [ app_init ] --END-- [ RunTime:0.000643s ]
ERR: 无法加载模块:Public

[ 2016-12-21T23:19:05+08:00 ] 127.0.0.1 /BOXUEYUANEND1/Public/before/js//responsiveslides.min./BOXUEYUANEND1/Public/before/js/
INFO: [ app_init ] --START--
INFO: Run Behavior\BuildLiteBehavior [ RunTime:0.000024s ]
INFO: [ app_init ] --END-- [ RunTime:0.000570s ]
ERR: 无法加载模块:Public

[ 2016-12-21T23:19:05+08:00 ] 127.0.0.1 /BOXUEYUANEND1/Public/before/js//responsiveslides.min./BOXUEYUANEND1/Public/before/js/
INFO: [ app_init ] --START--
INFO: Run Behavior\BuildLiteBehavior [ RunTime:0.000037s ]
INFO: [ app_init ] --END-- [ RunTime:0.001097s ]
ERR: 无法加载模块:Public

[ 2016-12-21T23:19:06+08:00 ] 127.0.0.1 /BOXUEYUANEND1/Public/before/images/radio1.jpg
INFO: [ app_init ] --START--
INFO: Run Behavior\BuildLiteBehavior [ RunTime:0.000026s ]
INFO: [ app_init ] --END-- [ RunTime:0.000603s ]
ERR: 无法加载模块:Public

[ 2016-12-21T23:19:06+08:00 ] 127.0.0.1 /BOXUEYUANEND1/Public/before/images/radio2.jpg
INFO: [ app_init ] --START--
INFO: Run Behavior\BuildLiteBehavior [ RunTime:0.000040s ]
INFO: [ app_init ] --END-- [ RunTime:0.000623s ]
ERR: 无法加载模块:Public

[ 2016-12-21T23:19:32+08:00 ] 127.0.0.1 /BOXUEYUANEND1/Public/before/js//responsiveslides.min./BOXUEYUANEND1/Public/before/js/
INFO: [ app_init ] --START--
INFO: Run Behavior\BuildLiteBehavior [ RunTime:0.000023s ]
INFO: [ app_init ] --END-- [ RunTime:0.000635s ]
ERR: 无法加载模块:Public

[ 2016-12-21T23:19:32+08:00 ] 127.0.0.1 /BOXUEYUANEND1/Public/before/js//responsiveslides.min./BOXUEYUANEND1/Public/before/js/
INFO: [ app_init ] --START--
INFO: Run Behavior\BuildLiteBehavior [ RunTime:0.000015s ]
INFO: [ app_init ] --END-- [ RunTime:0.000424s ]
ERR: 无法加载模块:Public

[ 2016-12-21T23:19:33+08:00 ] 127.0.0.1 /BOXUEYUANEND1/Public/before/images/radio2.jpg
INFO: [ app_init ] --START--
INFO: Run Behavior\BuildLiteBehavior [ RunTime:0.000029s ]
INFO: [ app_init ] --END-- [ RunTime:0.000565s ]
ERR: 无法加载模块:Public

[ 2016-12-21T23:19:33+08:00 ] 127.0.0.1 /BOXUEYUANEND1/Public/before/images/radio1.jpg
INFO: [ app_init ] --START--
INFO: Run Behavior\BuildLiteBehavior [ RunTime:0.000026s ]
INFO: [ app_init ] --END-- [ RunTime:0.000631s ]
ERR: 无法加载模块:Public

[ 2016-12-21T23:20:00+08:00 ] 127.0.0.1 /BOXUEYUANEND1/Public/before//BOXUEYUANEND1/Public/before/js/jquery.swipebox.min.js
INFO: [ app_init ] --START--
INFO: Run Behavior\BuildLiteBehavior [ RunTime:0.000025s ]
INFO: [ app_init ] --END-- [ RunTime:0.000676s ]
ERR: 无法加载模块:Public

[ 2016-12-21T23:20:01+08:00 ] 127.0.0.1 /BOXUEYUANEND1/Public/before//BOXUEYUANEND1/Public/before/js/jquery.swipebox.min.js
INFO: [ app_init ] --START--
INFO: Run Behavior\BuildLiteBehavior [ RunTime:0.000032s ]
INFO: [ app_init ] --END-- [ RunTime:0.001011s ]
ERR: 无法加载模块:Public

[ 2016-12-21T23:20:01+08:00 ] 127.0.0.1 /BOXUEYUANEND1/Public/before//BOXUEYUANEND1/Public/before/js/jquery.swipebox.min.js
INFO: [ app_init ] --START--
INFO: Run Behavior\BuildLiteBehavior [ RunTime:0.000034s ]
INFO: [ app_init ] --END-- [ RunTime:0.000703s ]
ERR: 无法加载模块:Public

[ 2016-12-21T23:20:01+08:00 ] 127.0.0.1 /BOXUEYUANEND1/Public/before//BOXUEYUANEND1/Public/before/js/jquery.swipebox.min.js
INFO: [ app_init ] --START--
INFO: Run Behavior\BuildLiteBehavior [ RunTime:0.000027s ]
INFO: [ app_init ] --END-- [ RunTime:0.000820s ]
ERR: 无法加载模块:Public

[ 2016-12-21T23:20:02+08:00 ] 127.0.0.1 /BOXUEYUANEND1/Public/before//BOXUEYUANEND1/Public/before/js/jquery.swipebox.min.js
INFO: [ app_init ] --START--
INFO: Run Behavior\BuildLiteBehavior [ RunTime:0.000029s ]
INFO: [ app_init ] --END-- [ RunTime:0.001380s ]
ERR: 无法加载模块:Public

[ 2016-12-21T23:20:21+08:00 ] 127.0.0.1 /BOXUEYUANEND1/Public/before//BOXUEYUANEND1/Public/before/js/jquery.swipebox.min.js
INFO: [ app_init ] --START--
INFO: Run Behavior\BuildLiteBehavior [ RunTime:0.000016s ]
INFO: [ app_init ] --END-- [ RunTime:0.000384s ]
ERR: 无法加载模块:Public

[ 2016-12-21T23:20:22+08:00 ] 127.0.0.1 /BOXUEYUANEND1/Public/before//BOXUEYUANEND1/Public/before/js/jquery.swipebox.min.js
INFO: [ app_init ] --START--
INFO: Run Behavior\BuildLiteBehavior [ RunTime:0.000022s ]
INFO: [ app_init ] --END-- [ RunTime:0.000688s ]
ERR: 无法加载模块:Public

[ 2016-12-21T23:20:22+08:00 ] 127.0.0.1 /BOXUEYUANEND1/Public/before//BOXUEYUANEND1/Public/before/js/jquery.swipebox.min.js
INFO: [ app_init ] --START--
INFO: Run Behavior\BuildLiteBehavior [ RunTime:0.000015s ]
INFO: [ app_init ] --END-- [ RunTime:0.000398s ]
ERR: 无法加载模块:Public

[ 2016-12-21T23:20:22+08:00 ] 127.0.0.1 /BOXUEYUANEND1/Public/before//BOXUEYUANEND1/Public/before/js/jquery.swipebox.min.js
INFO: [ app_init ] --START--
INFO: Run Behavior\BuildLiteBehavior [ RunTime:0.000027s ]
INFO: [ app_init ] --END-- [ RunTime:0.000612s ]
ERR: 无法加载模块:Public

[ 2016-12-21T23:20:22+08:00 ] 127.0.0.1 /BOXUEYUANEND1/Public/before//BOXUEYUANEND1/Public/before/js/jquery.swipebox.min.js
INFO: [ app_init ] --START--
INFO: Run Behavior\BuildLiteBehavior [ RunTime:0.000025s ]
INFO: [ app_init ] --END-- [ RunTime:0.000599s ]
ERR: 无法加载模块:Public

[ 2016-12-21T23:20:37+08:00 ] 127.0.0.1 /BOXUEYUANEND1/Public/before//BOXUEYUANEND1/Public/before/js/jquery.swipebox.min.js
INFO: [ app_init ] --START--
INFO: Run Behavior\BuildLiteBehavior [ RunTime:0.000025s ]
INFO: [ app_init ] --END-- [ RunTime:0.000594s ]
ERR: 无法加载模块:Public

[ 2016-12-21T23:20:37+08:00 ] 127.0.0.1 /BOXUEYUANEND1/Public/before//BOXUEYUANEND1/Public/before/js/jquery.swipebox.min.js
INFO: [ app_init ] --START--
INFO: Run Behavior\BuildLiteBehavior [ RunTime:0.000024s ]
INFO: [ app_init ] --END-- [ RunTime:0.000580s ]
ERR: 无法加载模块:Public

[ 2016-12-21T23:20:37+08:00 ] 127.0.0.1 /BOXUEYUANEND1/Public/before//BOXUEYUANEND1/Public/before/js/jquery.swipebox.min.js
INFO: [ app_init ] --START--
INFO: Run Behavior\BuildLiteBehavior [ RunTime:0.000027s ]
INFO: [ app_init ] --END-- [ RunTime:0.000593s ]
ERR: 无法加载模块:Public

[ 2016-12-21T23:20:37+08:00 ] 127.0.0.1 /BOXUEYUANEND1/Public/before//BOXUEYUANEND1/Public/before/js/jquery.swipebox.min.js
INFO: [ app_init ] --START--
INFO: Run Behavior\BuildLiteBehavior [ RunTime:0.000027s ]
INFO: [ app_init ] --END-- [ RunTime:0.000642s ]
ERR: 无法加载模块:Public

[ 2016-12-21T23:20:37+08:00 ] 127.0.0.1 /BOXUEYUANEND1/Public/before//BOXUEYUANEND1/Public/before/js/jquery.swipebox.min.js
INFO: [ app_init ] --START--
INFO: Run Behavior\BuildLiteBehavior [ RunTime:0.000088s ]
INFO: [ app_init ] --END-- [ RunTime:0.000883s ]
ERR: 无法加载模块:Public

[ 2016-12-21T23:22:52+08:00 ] 127.0.0.1 /BOXUEYUANEND1/Public/before/js//responsiveslides.min./BOXUEYUANEND1/Public/before/js/
INFO: [ app_init ] --START--
INFO: Run Behavior\BuildLiteBehavior [ RunTime:0.000028s ]
INFO: [ app_init ] --END-- [ RunTime:0.000687s ]
ERR: 无法加载模块:Public

[ 2016-12-21T23:22:52+08:00 ] 127.0.0.1 /BOXUEYUANEND1/Public/before/js//responsiveslides.min./BOXUEYUANEND1/Public/before/js/
INFO: [ app_init ] --START--
INFO: Run Behavior\BuildLiteBehavior [ RunTime:0.000026s ]
INFO: [ app_init ] --END-- [ RunTime:0.000580s ]
ERR: 无法加载模块:Public

[ 2016-12-21T23:22:54+08:00 ] 127.0.0.1 /BOXUEYUANEND1/Public/before/images/radio1.jpg
INFO: [ app_init ] --START--
INFO: Run Behavior\BuildLiteBehavior [ RunTime:0.000025s ]
INFO: [ app_init ] --END-- [ RunTime:0.000563s ]
ERR: 无法加载模块:Public

[ 2016-12-21T23:22:54+08:00 ] 127.0.0.1 /BOXUEYUANEND1/Public/before/images/radio2.jpg
INFO: [ app_init ] --START--
INFO: Run Behavior\BuildLiteBehavior [ RunTime:0.000032s ]
INFO: [ app_init ] --END-- [ RunTime:0.004204s ]
ERR: 无法加载模块:Public

[ 2016-12-21T23:23:34+08:00 ] 127.0.0.1 /BOXUEYUANEND1/Public/before//BOXUEYUANEND1/Public/before/js/jquery.swipebox.min.js
INFO: [ app_init ] --START--
INFO: Run Behavior\BuildLiteBehavior [ RunTime:0.000022s ]
INFO: [ app_init ] --END-- [ RunTime:0.000558s ]
ERR: 无法加载模块:Public

[ 2016-12-21T23:23:34+08:00 ] 127.0.0.1 /BOXUEYUANEND1/Public/before//BOXUEYUANEND1/Public/before/js/jquery.swipebox.min.js
INFO: [ app_init ] --START--
INFO: Run Behavior\BuildLiteBehavior [ RunTime:0.000016s ]
INFO: [ app_init ] --END-- [ RunTime:0.000381s ]
ERR: 无法加载模块:Public

[ 2016-12-21T23:23:34+08:00 ] 127.0.0.1 /BOXUEYUANEND1/Public/before//BOXUEYUANEND1/Public/before/js/jquery.swipebox.min.js
INFO: [ app_init ] --START--
INFO: Run Behavior\BuildLiteBehavior [ RunTime:0.000027s ]
INFO: [ app_init ] --END-- [ RunTime:0.000724s ]
ERR: 无法加载模块:Public

[ 2016-12-21T23:23:34+08:00 ] 127.0.0.1 /BOXUEYUANEND1/Public/before//BOXUEYUANEND1/Public/before/js/jquery.swipebox.min.js
INFO: [ app_init ] --START--
INFO: Run Behavior\BuildLiteBehavior [ RunTime:0.000025s ]
INFO: [ app_init ] --END-- [ RunTime:0.000643s ]
ERR: 无法加载模块:Public

[ 2016-12-21T23:23:34+08:00 ] 127.0.0.1 /BOXUEYUANEND1/Public/before//BOXUEYUANEND1/Public/before/js/jquery.swipebox.min.js
INFO: [ app_init ] --START--
INFO: Run Behavior\BuildLiteBehavior [ RunTime:0.000018s ]
INFO: [ app_init ] --END-- [ RunTime:0.000480s ]
ERR: 无法加载模块:Public

[ 2016-12-21T23:26:10+08:00 ] 127.0.0.1 /BOXUEYUANEND1/Public/before//BOXUEYUANEND1/Public/before/js/jquery.swipebox.min.js
INFO: [ app_init ] --START--
INFO: Run Behavior\BuildLiteBehavior [ RunTime:0.000033s ]
INFO: [ app_init ] --END-- [ RunTime:0.001144s ]
ERR: 无法加载模块:Public

[ 2016-12-21T23:26:10+08:00 ] 127.0.0.1 /BOXUEYUANEND1/Public/before//BOXUEYUANEND1/Public/before/js/jquery.swipebox.min.js
INFO: [ app_init ] --START--
INFO: Run Behavior\BuildLiteBehavior [ RunTime:0.000021s ]
INFO: [ app_init ] --END-- [ RunTime:0.000631s ]
ERR: 无法加载模块:Public

[ 2016-12-21T23:26:10+08:00 ] 127.0.0.1 /BOXUEYUANEND1/Public/before//BOXUEYUANEND1/Public/before/js/jquery.swipebox.min.js
INFO: [ app_init ] --START--
INFO: Run Behavior\BuildLiteBehavior [ RunTime:0.000023s ]
INFO: [ app_init ] --END-- [ RunTime:0.000656s ]
ERR: 无法加载模块:Public

[ 2016-12-21T23:26:10+08:00 ] 127.0.0.1 /BOXUEYUANEND1/Public/before//BOXUEYUANEND1/Public/before/js/jquery.swipebox.min.js
INFO: [ app_init ] --START--
INFO: Run Behavior\BuildLiteBehavior [ RunTime:0.000033s ]
INFO: [ app_init ] --END-- [ RunTime:0.000791s ]
ERR: 无法加载模块:Public

[ 2016-12-21T23:26:10+08:00 ] 127.0.0.1 /BOXUEYUANEND1/Public/before//BOXUEYUANEND1/Public/before/js/jquery.swipebox.min.js
INFO: [ app_init ] --START--
INFO: Run Behavior\BuildLiteBehavior [ RunTime:0.000086s ]
INFO: [ app_init ] --END-- [ RunTime:0.000903s ]
ERR: 无法加载模块:Public

[ 2016-12-21T23:30:07+08:00 ] 127.0.0.1 /BOXUEYUANEND1/Public/before//BOXUEYUANEND1/Public/before/js/jquery.swipebox.min.js
INFO: [ app_init ] --START--
INFO: Run Behavior\BuildLiteBehavior [ RunTime:0.000027s ]
INFO: [ app_init ] --END-- [ RunTime:0.000616s ]
ERR: 无法加载模块:Public

[ 2016-12-21T23:30:07+08:00 ] 127.0.0.1 /BOXUEYUANEND1/Public/before//BOXUEYUANEND1/Public/before/js/jquery.swipebox.min.js
INFO: [ app_init ] --START--
INFO: Run Behavior\BuildLiteBehavior [ RunTime:0.000021s ]
INFO: [ app_init ] --END-- [ RunTime:0.000518s ]
ERR: 无法加载模块:Public

[ 2016-12-21T23:30:08+08:00 ] 127.0.0.1 /BOXUEYUANEND1/Public/before//BOXUEYUANEND1/Public/before/js/jquery.swipebox.min.js
INFO: [ app_init ] --START--
INFO: Run Behavior\BuildLiteBehavior [ RunTime:0.000049s ]
INFO: [ app_init ] --END-- [ RunTime:0.002138s ]
ERR: 无法加载模块:Public

[ 2016-12-21T23:30:08+08:00 ] 127.0.0.1 /BOXUEYUANEND1/Public/before//BOXUEYUANEND1/Public/before/js/jquery.swipebox.min.js
INFO: [ app_init ] --START--
INFO: Run Behavior\BuildLiteBehavior [ RunTime:0.000028s ]
INFO: [ app_init ] --END-- [ RunTime:0.000965s ]
ERR: 无法加载模块:Public

[ 2016-12-21T23:30:08+08:00 ] 127.0.0.1 /BOXUEYUANEND1/Public/before//BOXUEYUANEND1/Public/before/js/jquery.swipebox.min.js
INFO: [ app_init ] --START--
INFO: Run Behavior\BuildLiteBehavior [ RunTime:0.000093s ]
INFO: [ app_init ] --END-- [ RunTime:0.002406s ]
ERR: 无法加载模块:Public

[ 2016-12-21T23:30:17+08:00 ] 127.0.0.1 /BOXUEYUANEND1/Public/before/js//responsiveslides.min./BOXUEYUANEND1/Public/before/js/
INFO: [ app_init ] --START--
INFO: Run Behavior\BuildLiteBehavior [ RunTime:0.000022s ]
INFO: [ app_init ] --END-- [ RunTime:0.000553s ]
ERR: 无法加载模块:Public

[ 2016-12-21T23:30:17+08:00 ] 127.0.0.1 /BOXUEYUANEND1/Public/before/js//responsiveslides.min./BOXUEYUANEND1/Public/before/js/
INFO: [ app_init ] --START--
INFO: Run Behavior\BuildLiteBehavior [ RunTime:0.000033s ]
INFO: [ app_init ] --END-- [ RunTime:0.000727s ]
ERR: 无法加载模块:Public

[ 2016-12-21T23:30:20+08:00 ] 127.0.0.1 /BOXUEYUANEND1/Public/before/images/radio1.jpg
INFO: [ app_init ] --START--
INFO: Run Behavior\BuildLiteBehavior [ RunTime:0.000023s ]
INFO: [ app_init ] --END-- [ RunTime:0.000555s ]
ERR: 无法加载模块:Public

[ 2016-12-21T23:30:20+08:00 ] 127.0.0.1 /BOXUEYUANEND1/Public/before/images/radio2.jpg
INFO: [ app_init ] --START--
INFO: Run Behavior\BuildLiteBehavior [ RunTime:0.000023s ]
INFO: [ app_init ] --END-- [ RunTime:0.000684s ]
ERR: 无法加载模块:Public

[ 2016-12-21T23:31:04+08:00 ] 127.0.0.1 /BOXUEYUANEND1/Public/before/css/bootstrap.css.map
INFO: [ app_init ] --START--
INFO: Run Behavior\BuildLiteBehavior [ RunTime:0.000016s ]
INFO: [ app_init ] --END-- [ RunTime:0.000381s ]
ERR: 无法加载模块:Public

[ 2016-12-21T23:31:30+08:00 ] 127.0.0.1 /BOXUEYUANEND1/Public/before//BOXUEYUANEND1/Public/before/js/jquery.swipebox.min.js
INFO: [ app_init ] --START--
INFO: Run Behavior\BuildLiteBehavior [ RunTime:0.000020s ]
INFO: [ app_init ] --END-- [ RunTime:0.000563s ]
ERR: 无法加载模块:Public

[ 2016-12-21T23:31:30+08:00 ] 127.0.0.1 /BOXUEYUANEND1/Public/before//BOXUEYUANEND1/Public/before/js/jquery.swipebox.min.js
INFO: [ app_init ] --START--
INFO: Run Behavior\BuildLiteBehavior [ RunTime:0.000028s ]
INFO: [ app_init ] --END-- [ RunTime:0.001293s ]
ERR: 无法加载模块:Public

[ 2016-12-21T23:31:30+08:00 ] 127.0.0.1 /BOXUEYUANEND1/Public/before//BOXUEYUANEND1/Public/before/js/jquery.swipebox.min.js
INFO: [ app_init ] --START--
INFO: Run Behavior\BuildLiteBehavior [ RunTime:0.000023s ]
INFO: [ app_init ] --END-- [ RunTime:0.000571s ]
ERR: 无法加载模块:Public

[ 2016-12-21T23:31:30+08:00 ] 127.0.0.1 /BOXUEYUANEND1/Public/before//BOXUEYUANEND1/Public/before/js/jquery.swipebox.min.js
INFO: [ app_init ] --START--
INFO: Run Behavior\BuildLiteBehavior [ RunTime:0.000026s ]
INFO: [ app_init ] --END-- [ RunTime:0.000696s ]
ERR: 无法加载模块:Public

[ 2016-12-21T23:31:30+08:00 ] 127.0.0.1 /BOXUEYUANEND1/Public/before//BOXUEYUANEND1/Public/before/js/jquery.swipebox.min.js
INFO: [ app_init ] --START--
INFO: Run Behavior\BuildLiteBehavior [ RunTime:0.000031s ]
INFO: [ app_init ] --END-- [ RunTime:0.000802s ]
ERR: 无法加载模块:Public

[ 2016-12-21T23:31:38+08:00 ] 127.0.0.1 /BOXUEYUANEND1/Public/before/js//responsiveslides.min./BOXUEYUANEND1/Public/before/js/
INFO: [ app_init ] --START--
INFO: Run Behavior\BuildLiteBehavior [ RunTime:0.000029s ]
INFO: [ app_init ] --END-- [ RunTime:0.000647s ]
ERR: 无法加载模块:Public

[ 2016-12-21T23:31:38+08:00 ] 127.0.0.1 /BOXUEYUANEND1/Public/before/js//responsiveslides.min./BOXUEYUANEND1/Public/before/js/
INFO: [ app_init ] --START--
INFO: Run Behavior\BuildLiteBehavior [ RunTime:0.000024s ]
INFO: [ app_init ] --END-- [ RunTime:0.000669s ]
ERR: 无法加载模块:Public

[ 2016-12-21T23:31:40+08:00 ] 127.0.0.1 /BOXUEYUANEND1/Public/before/images/radio1.jpg
INFO: [ app_init ] --START--
INFO: Run Behavior\BuildLiteBehavior [ RunTime:0.000019s ]
INFO: [ app_init ] --END-- [ RunTime:0.000512s ]
ERR: 无法加载模块:Public

[ 2016-12-21T23:31:40+08:00 ] 127.0.0.1 /BOXUEYUANEND1/Public/before/images/radio2.jpg
INFO: [ app_init ] --START--
INFO: Run Behavior\BuildLiteBehavior [ RunTime:0.000023s ]
INFO: [ app_init ] --END-- [ RunTime:0.000499s ]
ERR: 无法加载模块:Public

[ 2016-12-21T23:33:09+08:00 ] 127.0.0.1 /BOXUEYUANEND1/Public/before//BOXUEYUANEND1/Public/before/js/jquery.swipebox.min.js
INFO: [ app_init ] --START--
INFO: Run Behavior\BuildLiteBehavior [ RunTime:0.000025s ]
INFO: [ app_init ] --END-- [ RunTime:0.000594s ]
ERR: 无法加载模块:Public

[ 2016-12-21T23:33:10+08:00 ] 127.0.0.1 /BOXUEYUANEND1/Public/before//BOXUEYUANEND1/Public/before/js/jquery.swipebox.min.js
INFO: [ app_init ] --START--
INFO: Run Behavior\BuildLiteBehavior [ RunTime:0.000026s ]
INFO: [ app_init ] --END-- [ RunTime:0.000659s ]
ERR: 无法加载模块:Public

[ 2016-12-21T23:33:10+08:00 ] 127.0.0.1 /BOXUEYUANEND1/Public/before//BOXUEYUANEND1/Public/before/js/jquery.swipebox.min.js
INFO: [ app_init ] --START--
INFO: Run Behavior\BuildLiteBehavior [ RunTime:0.000024s ]
INFO: [ app_init ] --END-- [ RunTime:0.000578s ]
ERR: 无法加载模块:Public

[ 2016-12-21T23:33:10+08:00 ] 127.0.0.1 /BOXUEYUANEND1/Public/before//BOXUEYUANEND1/Public/before/js/jquery.swipebox.min.js
INFO: [ app_init ] --START--
INFO: Run Behavior\BuildLiteBehavior [ RunTime:0.000028s ]
INFO: [ app_init ] --END-- [ RunTime:0.000675s ]
ERR: 无法加载模块:Public

[ 2016-12-21T23:33:10+08:00 ] 127.0.0.1 /BOXUEYUANEND1/Public/before//BOXUEYUANEND1/Public/before/js/jquery.swipebox.min.js
INFO: [ app_init ] --START--
INFO: Run Behavior\BuildLiteBehavior [ RunTime:0.000025s ]
INFO: [ app_init ] --END-- [ RunTime:0.000611s ]
ERR: 无法加载模块:Public

[ 2016-12-21T23:33:19+08:00 ] 127.0.0.1 /BOXUEYUANEND1/Public/before/js//responsiveslides.min./BOXUEYUANEND1/Public/before/js/
INFO: [ app_init ] --START--
INFO: Run Behavior\BuildLiteBehavior [ RunTime:0.000051s ]
INFO: [ app_init ] --END-- [ RunTime:0.000744s ]
ERR: 无法加载模块:Public

[ 2016-12-21T23:33:19+08:00 ] 127.0.0.1 /BOXUEYUANEND1/Public/before/js//responsiveslides.min./BOXUEYUANEND1/Public/before/js/
INFO: [ app_init ] --START--
INFO: Run Behavior\BuildLiteBehavior [ RunTime:0.000026s ]
INFO: [ app_init ] --END-- [ RunTime:0.000642s ]
ERR: 无法加载模块:Public

[ 2016-12-21T23:33:20+08:00 ] 127.0.0.1 /BOXUEYUANEND1/Public/before/images/radio2.jpg
INFO: [ app_init ] --START--
INFO: Run Behavior\BuildLiteBehavior [ RunTime:0.000023s ]
INFO: [ app_init ] --END-- [ RunTime:0.000562s ]
ERR: 无法加载模块:Public

[ 2016-12-21T23:33:20+08:00 ] 127.0.0.1 /BOXUEYUANEND1/Public/before/images/radio1.jpg
INFO: [ app_init ] --START--
INFO: Run Behavior\BuildLiteBehavior [ RunTime:0.000063s ]
INFO: [ app_init ] --END-- [ RunTime:0.001054s ]
ERR: 无法加载模块:Public

[ 2016-12-21T23:33:27+08:00 ] 127.0.0.1 /BOXUEYUANEND1/Public/before/js//responsiveslides.min./BOXUEYUANEND1/Public/before/js/
INFO: [ app_init ] --START--
INFO: Run Behavior\BuildLiteBehavior [ RunTime:0.000025s ]
INFO: [ app_init ] --END-- [ RunTime:0.000649s ]
ERR: 无法加载模块:Public

[ 2016-12-21T23:33:28+08:00 ] 127.0.0.1 /BOXUEYUANEND1/Public/before/js//responsiveslides.min./BOXUEYUANEND1/Public/before/js/
INFO: [ app_init ] --START--
INFO: Run Behavior\BuildLiteBehavior [ RunTime:0.000022s ]
INFO: [ app_init ] --END-- [ RunTime:0.000622s ]
ERR: 无法加载模块:Public

[ 2016-12-21T23:33:29+08:00 ] 127.0.0.1 /BOXUEYUANEND1/Public/before/images/radio2.jpg
INFO: [ app_init ] --START--
INFO: Run Behavior\BuildLiteBehavior [ RunTime:0.000024s ]
INFO: [ app_init ] --END-- [ RunTime:0.000564s ]
ERR: 无法加载模块:Public

[ 2016-12-21T23:33:29+08:00 ] 127.0.0.1 /BOXUEYUANEND1/Public/before/images/radio1.jpg
INFO: [ app_init ] --START--
INFO: Run Behavior\BuildLiteBehavior [ RunTime:0.000057s ]
INFO: [ app_init ] --END-- [ RunTime:0.003027s ]
ERR: 无法加载模块:Public

[ 2016-12-21T23:43:50+08:00 ] 127.0.0.1 /BOXUEYUANEND1/Public/before//BOXUEYUANEND1/Public/before/js/jquery.swipebox.min.js
INFO: [ app_init ] --START--
INFO: Run Behavior\BuildLiteBehavior [ RunTime:0.000023s ]
INFO: [ app_init ] --END-- [ RunTime:0.000556s ]
ERR: 无法加载模块:Public

[ 2016-12-21T23:43:50+08:00 ] 127.0.0.1 /BOXUEYUANEND1/Public/before//BOXUEYUANEND1/Public/before/js/jquery.swipebox.min.js
INFO: [ app_init ] --START--
INFO: Run Behavior\BuildLiteBehavior [ RunTime:0.000027s ]
INFO: [ app_init ] --END-- [ RunTime:0.000646s ]
ERR: 无法加载模块:Public

[ 2016-12-21T23:43:50+08:00 ] 127.0.0.1 /BOXUEYUANEND1/Public/before//BOXUEYUANEND1/Public/before/js/jquery.swipebox.min.js
INFO: [ app_init ] --START--
INFO: Run Behavior\BuildLiteBehavior [ RunTime:0.000030s ]
INFO: [ app_init ] --END-- [ RunTime:0.000617s ]
ERR: 无法加载模块:Public

[ 2016-12-21T23:43:50+08:00 ] 127.0.0.1 /BOXUEYUANEND1/Public/before//BOXUEYUANEND1/Public/before/js/jquery.swipebox.min.js
INFO: [ app_init ] --START--
INFO: Run Behavior\BuildLiteBehavior [ RunTime:0.000031s ]
INFO: [ app_init ] --END-- [ RunTime:0.002025s ]
ERR: 无法加载模块:Public

[ 2016-12-21T23:44:09+08:00 ] 127.0.0.1 /BOXUEYUANEND1/Public/before//BOXUEYUANEND1/Public/before/js/jquery.swipebox.min.js
INFO: [ app_init ] --START--
INFO: Run Behavior\BuildLiteBehavior [ RunTime:0.000031s ]
INFO: [ app_init ] --END-- [ RunTime:0.000737s ]
ERR: 无法加载模块:Public

[ 2016-12-21T23:44:10+08:00 ] 127.0.0.1 /BOXUEYUANEND1/Public/before//BOXUEYUANEND1/Public/before/js/jquery.swipebox.min.js
INFO: [ app_init ] --START--
INFO: Run Behavior\BuildLiteBehavior [ RunTime:0.000026s ]
INFO: [ app_init ] --END-- [ RunTime:0.000582s ]
ERR: 无法加载模块:Public

[ 2016-12-21T23:44:10+08:00 ] 127.0.0.1 /BOXUEYUANEND1/Public/before//BOXUEYUANEND1/Public/before/js/jquery.swipebox.min.js
INFO: [ app_init ] --START--
INFO: Run Behavior\BuildLiteBehavior [ RunTime:0.000016s ]
INFO: [ app_init ] --END-- [ RunTime:0.000394s ]
ERR: 无法加载模块:Public

[ 2016-12-21T23:44:10+08:00 ] 127.0.0.1 /BOXUEYUANEND1/Public/before//BOXUEYUANEND1/Public/before/js/jquery.swipebox.min.js
INFO: [ app_init ] --START--
INFO: Run Behavior\BuildLiteBehavior [ RunTime:0.000016s ]
INFO: [ app_init ] --END-- [ RunTime:0.000384s ]
ERR: 无法加载模块:Public

[ 2016-12-21T23:44:10+08:00 ] 127.0.0.1 /BOXUEYUANEND1/Public/before//BOXUEYUANEND1/Public/before/js/jquery.swipebox.min.js
INFO: [ app_init ] --START--
INFO: Run Behavior\BuildLiteBehavior [ RunTime:0.000022s ]
INFO: [ app_init ] --END-- [ RunTime:0.000407s ]
ERR: 无法加载模块:Public

[ 2016-12-21T23:44:27+08:00 ] 127.0.0.1 /BOXUEYUANEND1/Public/before//BOXUEYUANEND1/Public/before/js/jquery.swipebox.min.js
INFO: [ app_init ] --START--
INFO: Run Behavior\BuildLiteBehavior [ RunTime:0.000025s ]
INFO: [ app_init ] --END-- [ RunTime:0.000578s ]
ERR: 无法加载模块:Public

[ 2016-12-21T23:44:27+08:00 ] 127.0.0.1 /BOXUEYUANEND1/Public/before//BOXUEYUANEND1/Public/before/js/jquery.swipebox.min.js
INFO: [ app_init ] --START--
INFO: Run Behavior\BuildLiteBehavior [ RunTime:0.000020s ]
INFO: [ app_init ] --END-- [ RunTime:0.000513s ]
ERR: 无法加载模块:Public

[ 2016-12-21T23:44:27+08:00 ] 127.0.0.1 /BOXUEYUANEND1/Public/before//BOXUEYUANEND1/Public/before/js/jquery.swipebox.min.js
INFO: [ app_init ] --START--
INFO: Run Behavior\BuildLiteBehavior [ RunTime:0.000027s ]
INFO: [ app_init ] --END-- [ RunTime:0.000617s ]
ERR: 无法加载模块:Public

[ 2016-12-21T23:44:27+08:00 ] 127.0.0.1 /BOXUEYUANEND1/Public/before//BOXUEYUANEND1/Public/before/js/jquery.swipebox.min.js
INFO: [ app_init ] --START--
INFO: Run Behavior\BuildLiteBehavior [ RunTime:0.000027s ]
INFO: [ app_init ] --END-- [ RunTime:0.001015s ]
ERR: 无法加载模块:Public

[ 2016-12-21T23:44:27+08:00 ] 127.0.0.1 /BOXUEYUANEND1/Public/before//BOXUEYUANEND1/Public/before/js/jquery.swipebox.min.js
INFO: [ app_init ] --START--
INFO: Run Behavior\BuildLiteBehavior [ RunTime:0.000037s ]
INFO: [ app_init ] --END-- [ RunTime:0.000805s ]
ERR: 无法加载模块:Public

[ 2016-12-21T23:44:51+08:00 ] 127.0.0.1 /BOXUEYUANEND1/Public/before/js//responsiveslides.min./BOXUEYUANEND1/Public/before/js/
INFO: [ app_init ] --START--
INFO: Run Behavior\BuildLiteBehavior [ RunTime:0.000031s ]
INFO: [ app_init ] --END-- [ RunTime:0.000948s ]
ERR: 无法加载模块:Public

[ 2016-12-21T23:44:51+08:00 ] 127.0.0.1 /BOXUEYUANEND1/Public/before/js//responsiveslides.min./BOXUEYUANEND1/Public/before/js/
INFO: [ app_init ] --START--
INFO: Run Behavior\BuildLiteBehavior [ RunTime:0.000019s ]
INFO: [ app_init ] --END-- [ RunTime:0.000581s ]
ERR: 无法加载模块:Public

[ 2016-12-21T23:44:53+08:00 ] 127.0.0.1 /BOXUEYUANEND1/Public/before/images/radio1.jpg
INFO: [ app_init ] --START--
INFO: Run Behavior\BuildLiteBehavior [ RunTime:0.000032s ]
INFO: [ app_init ] --END-- [ RunTime:0.000904s ]
ERR: 无法加载模块:Public

[ 2016-12-21T23:44:53+08:00 ] 127.0.0.1 /BOXUEYUANEND1/Public/before/images/radio2.jpg
INFO: [ app_init ] --START--
INFO: Run Behavior\BuildLiteBehavior [ RunTime:0.000035s ]
INFO: [ app_init ] --END-- [ RunTime:0.000977s ]
ERR: 无法加载模块:Public

[ 2016-12-21T23:45:26+08:00 ] 127.0.0.1 /BOXUEYUANEND1/Public/before/js//responsiveslides.min./BOXUEYUANEND1/Public/before/js/
INFO: [ app_init ] --START--
INFO: Run Behavior\BuildLiteBehavior [ RunTime:0.000028s ]
INFO: [ app_init ] --END-- [ RunTime:0.000637s ]
ERR: 无法加载模块:Public

[ 2016-12-21T23:45:26+08:00 ] 127.0.0.1 /BOXUEYUANEND1/Public/before/js//responsiveslides.min./BOXUEYUANEND1/Public/before/js/
INFO: [ app_init ] --START--
INFO: Run Behavior\BuildLiteBehavior [ RunTime:0.000020s ]
INFO: [ app_init ] --END-- [ RunTime:0.000599s ]
ERR: 无法加载模块:Public

[ 2016-12-21T23:45:28+08:00 ] 127.0.0.1 /BOXUEYUANEND1/Public/before/images/radio2.jpg
INFO: [ app_init ] --START--
INFO: Run Behavior\BuildLiteBehavior [ RunTime:0.000025s ]
INFO: [ app_init ] --END-- [ RunTime:0.000427s ]
ERR: 无法加载模块:Public

[ 2016-12-21T23:45:37+08:00 ] 127.0.0.1 /BOXUEYUANEND1/Public/before/js//responsiveslides.min./BOXUEYUANEND1/Public/before/js/
INFO: [ app_init ] --START--
INFO: Run Behavior\BuildLiteBehavior [ RunTime:0.000040s ]
INFO: [ app_init ] --END-- [ RunTime:0.000622s ]
ERR: 无法加载模块:Public

[ 2016-12-21T23:45:37+08:00 ] 127.0.0.1 /BOXUEYUANEND1/Public/before/js//responsiveslides.min./BOXUEYUANEND1/Public/before/js/
INFO: [ app_init ] --START--
INFO: Run Behavior\BuildLiteBehavior [ RunTime:0.000026s ]
INFO: [ app_init ] --END-- [ RunTime:0.000684s ]
ERR: 无法加载模块:Public

[ 2016-12-21T23:45:51+08:00 ] 127.0.0.1 /BOXUEYUANEND1/Public/before/js//responsiveslides.min./BOXUEYUANEND1/Public/before/js/
INFO: [ app_init ] --START--
INFO: Run Behavior\BuildLiteBehavior [ RunTime:0.000046s ]
INFO: [ app_init ] --END-- [ RunTime:0.000811s ]
ERR: 无法加载模块:Public

[ 2016-12-21T23:45:51+08:00 ] 127.0.0.1 /BOXUEYUANEND1/Public/before/js//responsiveslides.min./BOXUEYUANEND1/Public/before/js/
INFO: [ app_init ] --START--
INFO: Run Behavior\BuildLiteBehavior [ RunTime:0.000019s ]
INFO: [ app_init ] --END-- [ RunTime:0.000536s ]
ERR: 无法加载模块:Public

[ 2016-12-21T23:45:55+08:00 ] 127.0.0.1 /BOXUEYUANEND1/Public/before/images/radio2.jpg
INFO: [ app_init ] --START--
INFO: Run Behavior\BuildLiteBehavior [ RunTime:0.000030s ]
INFO: [ app_init ] --END-- [ RunTime:0.000727s ]
ERR: 无法加载模块:Public

[ 2016-12-21T23:45:55+08:00 ] 127.0.0.1 /BOXUEYUANEND1/Public/before/images/radio1.jpg
INFO: [ app_init ] --START--
INFO: Run Behavior\BuildLiteBehavior [ RunTime:0.000024s ]
INFO: [ app_init ] --END-- [ RunTime:0.000644s ]
ERR: 无法加载模块:Public

[ 2016-12-21T23:46:05+08:00 ] 127.0.0.1 /BOXUEYUANEND1/Public/before//BOXUEYUANEND1/Public/before/js/jquery.swipebox.min.js
INFO: [ app_init ] --START--
INFO: Run Behavior\BuildLiteBehavior [ RunTime:0.000015s ]
INFO: [ app_init ] --END-- [ RunTime:0.000367s ]
ERR: 无法加载模块:Public

[ 2016-12-21T23:46:06+08:00 ] 127.0.0.1 /BOXUEYUANEND1/Public/before//BOXUEYUANEND1/Public/before/js/jquery.swipebox.min.js
INFO: [ app_init ] --START--
INFO: Run Behavior\BuildLiteBehavior [ RunTime:0.000029s ]
INFO: [ app_init ] --END-- [ RunTime:0.000644s ]
ERR: 无法加载模块:Public

[ 2016-12-21T23:46:06+08:00 ] 127.0.0.1 /BOXUEYUANEND1/Public/before//BOXUEYUANEND1/Public/before/js/jquery.swipebox.min.js
INFO: [ app_init ] --START--
INFO: Run Behavior\BuildLiteBehavior [ RunTime:0.000031s ]
INFO: [ app_init ] --END-- [ RunTime:0.000665s ]
ERR: 无法加载模块:Public

[ 2016-12-21T23:46:06+08:00 ] 127.0.0.1 /BOXUEYUANEND1/Public/before//BOXUEYUANEND1/Public/before/js/jquery.swipebox.min.js
INFO: [ app_init ] --START--
INFO: Run Behavior\BuildLiteBehavior [ RunTime:0.000033s ]
INFO: [ app_init ] --END-- [ RunTime:0.002071s ]
ERR: 无法加载模块:Public

[ 2016-12-21T23:46:06+08:00 ] 127.0.0.1 /BOXUEYUANEND1/Public/before//BOXUEYUANEND1/Public/before/js/jquery.swipebox.min.js
INFO: [ app_init ] --START--
INFO: Run Behavior\BuildLiteBehavior [ RunTime:0.000025s ]
INFO: [ app_init ] --END-- [ RunTime:0.000666s ]
ERR: 无法加载模块:Public

[ 2016-12-21T23:46:10+08:00 ] 127.0.0.1 /BOXUEYUANEND1/Public/before/js//responsiveslides.min./BOXUEYUANEND1/Public/before/js/
INFO: [ app_init ] --START--
INFO: Run Behavior\BuildLiteBehavior [ RunTime:0.000024s ]
INFO: [ app_init ] --END-- [ RunTime:0.000577s ]
ERR: 无法加载模块:Public

[ 2016-12-21T23:46:10+08:00 ] 127.0.0.1 /BOXUEYUANEND1/Public/before/js//responsiveslides.min./BOXUEYUANEND1/Public/before/js/
INFO: [ app_init ] --START--
INFO: Run Behavior\BuildLiteBehavior [ RunTime:0.000024s ]
INFO: [ app_init ] --END-- [ RunTime:0.000630s ]
ERR: 无法加载模块:Public

[ 2016-12-21T23:46:12+08:00 ] 127.0.0.1 /BOXUEYUANEND1/Public/before/images/radio1.jpg
INFO: [ app_init ] --START--
INFO: Run Behavior\BuildLiteBehavior [ RunTime:0.000025s ]
INFO: [ app_init ] --END-- [ RunTime:0.000568s ]
ERR: 无法加载模块:Public

[ 2016-12-21T23:46:12+08:00 ] 127.0.0.1 /BOXUEYUANEND1/Public/before/images/radio2.jpg
INFO: [ app_init ] --START--
INFO: Run Behavior\BuildLiteBehavior [ RunTime:0.000024s ]
INFO: [ app_init ] --END-- [ RunTime:0.000631s ]
ERR: 无法加载模块:Public

[ 2016-12-21T23:46:30+08:00 ] 127.0.0.1 /BOXUEYUANEND1/Public/before/js//responsiveslides.min./BOXUEYUANEND1/Public/before/js/
INFO: [ app_init ] --START--
INFO: Run Behavior\BuildLiteBehavior [ RunTime:0.000049s ]
INFO: [ app_init ] --END-- [ RunTime:0.001025s ]
ERR: 无法加载模块:Public

[ 2016-12-21T23:46:30+08:00 ] 127.0.0.1 /BOXUEYUANEND1/Public/before/js//responsiveslides.min./BOXUEYUANEND1/Public/before/js/
INFO: [ app_init ] --START--
INFO: Run Behavior\BuildLiteBehavior [ RunTime:0.000025s ]
INFO: [ app_init ] --END-- [ RunTime:0.000696s ]
ERR: 无法加载模块:Public

[ 2016-12-21T23:46:33+08:00 ] 127.0.0.1 /BOXUEYUANEND1/Public/before/images/radio1.jpg
INFO: [ app_init ] --START--
INFO: Run Behavior\BuildLiteBehavior [ RunTime:0.000017s ]
INFO: [ app_init ] --END-- [ RunTime:0.000420s ]
ERR: 无法加载模块:Public

[ 2016-12-21T23:46:33+08:00 ] 127.0.0.1 /BOXUEYUANEND1/Public/before/images/radio2.jpg
INFO: [ app_init ] --START--
INFO: Run Behavior\BuildLiteBehavior [ RunTime:0.000015s ]
INFO: [ app_init ] --END-- [ RunTime:0.000382s ]
ERR: 无法加载模块:Public

[ 2016-12-21T23:46:47+08:00 ] 127.0.0.1 /BOXUEYUANEND1/Public/before/js//responsiveslides.min./BOXUEYUANEND1/Public/before/js/
INFO: [ app_init ] --START--
INFO: Run Behavior\BuildLiteBehavior [ RunTime:0.000029s ]
INFO: [ app_init ] --END-- [ RunTime:0.000682s ]
ERR: 无法加载模块:Public

[ 2016-12-21T23:46:47+08:00 ] 127.0.0.1 /BOXUEYUANEND1/Public/before/js//responsiveslides.min./BOXUEYUANEND1/Public/before/js/
INFO: [ app_init ] --START--
INFO: Run Behavior\BuildLiteBehavior [ RunTime:0.000027s ]
INFO: [ app_init ] --END-- [ RunTime:0.000771s ]
ERR: 无法加载模块:Public

[ 2016-12-21T23:46:49+08:00 ] 127.0.0.1 /BOXUEYUANEND1/Public/before/images/radio1.jpg
INFO: [ app_init ] --START--
INFO: Run Behavior\BuildLiteBehavior [ RunTime:0.000024s ]
INFO: [ app_init ] --END-- [ RunTime:0.000554s ]
ERR: 无法加载模块:Public

[ 2016-12-21T23:46:49+08:00 ] 127.0.0.1 /BOXUEYUANEND1/Public/before/images/radio2.jpg
INFO: [ app_init ] --START--
INFO: Run Behavior\BuildLiteBehavior [ RunTime:0.000025s ]
INFO: [ app_init ] --END-- [ RunTime:0.000601s ]
ERR: 无法加载模块:Public

[ 2016-12-21T23:46:58+08:00 ] 127.0.0.1 /BOXUEYUANEND1/Public/before/js//responsiveslides.min./BOXUEYUANEND1/Public/before/js/
INFO: [ app_init ] --START--
INFO: Run Behavior\BuildLiteBehavior [ RunTime:0.000026s ]
INFO: [ app_init ] --END-- [ RunTime:0.000755s ]
ERR: 无法加载模块:Public

[ 2016-12-21T23:46:58+08:00 ] 127.0.0.1 /BOXUEYUANEND1/Public/before/js//responsiveslides.min./BOXUEYUANEND1/Public/before/js/
INFO: [ app_init ] --START--
INFO: Run Behavior\BuildLiteBehavior [ RunTime:0.000022s ]
INFO: [ app_init ] --END-- [ RunTime:0.000715s ]
ERR: 无法加载模块:Public

[ 2016-12-21T23:48:12+08:00 ] 127.0.0.1 /BOXUEYUANEND1/Public/before/js/jquery.2.1.1.min.js
INFO: [ app_init ] --START--
INFO: Run Behavior\BuildLiteBehavior [ RunTime:0.000025s ]
INFO: [ app_init ] --END-- [ RunTime:0.000652s ]
ERR: 无法加载模块:Public

[ 2016-12-21T23:48:12+08:00 ] 127.0.0.1 /BOXUEYUANEND1/Public/before/css/bootstrap.min.css
INFO: [ app_init ] --START--
INFO: Run Behavior\BuildLiteBehavior [ RunTime:0.000026s ]
INFO: [ app_init ] --END-- [ RunTime:0.000686s ]
ERR: 无法加载模块:Public

[ 2016-12-21T23:50:53+08:00 ] 127.0.0.1 /BOXUEYUANEND1/Public/before/css/bootstrap.min.css
INFO: [ app_init ] --START--
INFO: Run Behavior\BuildLiteBehavior [ RunTime:0.000027s ]
INFO: [ app_init ] --END-- [ RunTime:0.000784s ]
ERR: 无法加载模块:Public

[ 2016-12-21T23:50:53+08:00 ] 127.0.0.1 /BOXUEYUANEND1/Public/before/js/jquery.2.1.1.min.js
INFO: [ app_init ] --START--
INFO: Run Behavior\BuildLiteBehavior [ RunTime:0.000037s ]
INFO: [ app_init ] --END-- [ RunTime:0.000709s ]
ERR: 无法加载模块:Public

[ 2016-12-21T23:51:31+08:00 ] 127.0.0.1 /BOXUEYUANEND1/Public/before//BOXUEYUANEND1/Public/before/js/jquery.swipebox.min.js
INFO: [ app_init ] --START--
INFO: Run Behavior\BuildLiteBehavior [ RunTime:0.000024s ]
INFO: [ app_init ] --END-- [ RunTime:0.000569s ]
ERR: 无法加载模块:Public

[ 2016-12-21T23:51:31+08:00 ] 127.0.0.1 /BOXUEYUANEND1/Public/before//BOXUEYUANEND1/Public/before/js/jquery.swipebox.min.js
INFO: [ app_init ] --START--
INFO: Run Behavior\BuildLiteBehavior [ RunTime:0.000025s ]
INFO: [ app_init ] --END-- [ RunTime:0.000601s ]
ERR: 无法加载模块:Public

[ 2016-12-21T23:51:31+08:00 ] 127.0.0.1 /BOXUEYUANEND1/Public/before//BOXUEYUANEND1/Public/before/js/jquery.swipebox.min.js
INFO: [ app_init ] --START--
INFO: Run Behavior\BuildLiteBehavior [ RunTime:0.000030s ]
INFO: [ app_init ] --END-- [ RunTime:0.001128s ]
ERR: 无法加载模块:Public

[ 2016-12-21T23:51:32+08:00 ] 127.0.0.1 /BOXUEYUANEND1/Public/before//BOXUEYUANEND1/Public/before/js/jquery.swipebox.min.js
INFO: [ app_init ] --START--
INFO: Run Behavior\BuildLiteBehavior [ RunTime:0.000031s ]
INFO: [ app_init ] --END-- [ RunTime:0.000726s ]
ERR: 无法加载模块:Public

[ 2016-12-21T23:51:32+08:00 ] 127.0.0.1 /BOXUEYUANEND1/Public/before//BOXUEYUANEND1/Public/before/js/jquery.swipebox.min.js
INFO: [ app_init ] --START--
INFO: Run Behavior\BuildLiteBehavior [ RunTime:0.000033s ]
INFO: [ app_init ] --END-- [ RunTime:0.000676s ]
ERR: 无法加载模块:Public

