[ 2016-12-22T07:55:39+08:00 ] 127.0.0.1 /BOXUEYUANEND1/Public/before/js/jquery.2.1.1.min.js
INFO: [ app_init ] --START--
INFO: Run Behavior\BuildLiteBehavior [ RunTime:0.000037s ]
INFO: [ app_init ] --END-- [ RunTime:0.000705s ]
ERR: 无法加载模块:Public

[ 2016-12-22T07:55:58+08:00 ] 127.0.0.1 /BOXUEYUANEND1/Public/before//BOXUEYUANEND1/Public/before/js/jquery.swipebox.min.js
INFO: [ app_init ] --START--
INFO: Run Behavior\BuildLiteBehavior [ RunTime:0.000025s ]
INFO: [ app_init ] --END-- [ RunTime:0.000601s ]
ERR: 无法加载模块:Public

[ 2016-12-22T07:55:59+08:00 ] 127.0.0.1 /BOXUEYUANEND1/Public/before//BOXUEYUANEND1/Public/before/js/jquery.swipebox.min.js
INFO: [ app_init ] --START--
INFO: Run Behavior\BuildLiteBehavior [ RunTime:0.000024s ]
INFO: [ app_init ] --END-- [ RunTime:0.000686s ]
ERR: 无法加载模块:Public

[ 2016-12-22T07:56:01+08:00 ] 127.0.0.1 /BOXUEYUANEND1/Public/before//BOXUEYUANEND1/Public/before/js/jquery.swipebox.min.js
INFO: [ app_init ] --START--
INFO: Run Behavior\BuildLiteBehavior [ RunTime:0.000016s ]
INFO: [ app_init ] --END-- [ RunTime:0.000442s ]
ERR: 无法加载模块:Public

[ 2016-12-22T07:56:01+08:00 ] 127.0.0.1 /BOXUEYUANEND1/Public/before//BOXUEYUANEND1/Public/before/js/jquery.swipebox.min.js
INFO: [ app_init ] --START--
INFO: Run Behavior\BuildLiteBehavior [ RunTime:0.000026s ]
INFO: [ app_init ] --END-- [ RunTime:0.000556s ]
ERR: 无法加载模块:Public

[ 2016-12-22T07:56:01+08:00 ] 127.0.0.1 /BOXUEYUANEND1/Public/before//BOXUEYUANEND1/Public/before/js/jquery.swipebox.min.js
INFO: [ app_init ] --START--
INFO: Run Behavior\BuildLiteBehavior [ RunTime:0.000014s ]
INFO: [ app_init ] --END-- [ RunTime:0.000376s ]
ERR: 无法加载模块:Public

[ 2016-12-22T07:56:12+08:00 ] 127.0.0.1 /BOXUEYUANEND1/Public/before/js//responsiveslides.min./BOXUEYUANEND1/Public/before/js/
INFO: [ app_init ] --START--
INFO: Run Behavior\BuildLiteBehavior [ RunTime:0.000028s ]
INFO: [ app_init ] --END-- [ RunTime:0.000660s ]
ERR: 无法加载模块:Public

[ 2016-12-22T07:56:12+08:00 ] 127.0.0.1 /BOXUEYUANEND1/Public/before/js//responsiveslides.min./BOXUEYUANEND1/Public/before/js/
INFO: [ app_init ] --START--
INFO: Run Behavior\BuildLiteBehavior [ RunTime:0.000024s ]
INFO: [ app_init ] --END-- [ RunTime:0.000641s ]
ERR: 无法加载模块:Public

[ 2016-12-22T07:56:16+08:00 ] 127.0.0.1 /BOXUEYUANEND1/Public/before/images/radio1.jpg
INFO: [ app_init ] --START--
INFO: Run Behavior\BuildLiteBehavior [ RunTime:0.000017s ]
INFO: [ app_init ] --END-- [ RunTime:0.000379s ]
ERR: 无法加载模块:Public

[ 2016-12-22T07:56:16+08:00 ] 127.0.0.1 /BOXUEYUANEND1/Public/before/images/radio2.jpg
INFO: [ app_init ] --START--
INFO: Run Behavior\BuildLiteBehavior [ RunTime:0.000025s ]
INFO: [ app_init ] --END-- [ RunTime:0.000784s ]
ERR: 无法加载模块:Public

[ 2016-12-22T07:57:43+08:00 ] 127.0.0.1 /BOXUEYUANEND1/Public/before/css/bootstrap.css.map
INFO: [ app_init ] --START--
INFO: Run Behavior\BuildLiteBehavior [ RunTime:0.000022s ]
INFO: [ app_init ] --END-- [ RunTime:0.000584s ]
ERR: 无法加载模块:Public

[ 2016-12-22T07:57:57+08:00 ] 127.0.0.1 /BOXUEYUANEND1/Public/before/css/bootstrap.min.css
INFO: [ app_init ] --START--
INFO: Run Behavior\BuildLiteBehavior [ RunTime:0.000025s ]
INFO: [ app_init ] --END-- [ RunTime:0.000657s ]
ERR: 无法加载模块:Public

[ 2016-12-22T07:57:57+08:00 ] 127.0.0.1 /BOXUEYUANEND1/Public/before/js/jquery.2.1.1.min.js
INFO: [ app_init ] --START--
INFO: Run Behavior\BuildLiteBehavior [ RunTime:0.000028s ]
INFO: [ app_init ] --END-- [ RunTime:0.000625s ]
ERR: 无法加载模块:Public

[ 2016-12-22T07:58:54+08:00 ] 127.0.0.1 /BOXUEYUANEND1/Public/before//BOXUEYUANEND1/Public/before/js/jquery.swipebox.min.js
INFO: [ app_init ] --START--
INFO: Run Behavior\BuildLiteBehavior [ RunTime:0.000038s ]
INFO: [ app_init ] --END-- [ RunTime:0.000576s ]
ERR: 无法加载模块:Public

[ 2016-12-22T07:58:54+08:00 ] 127.0.0.1 /BOXUEYUANEND1/Public/before//BOXUEYUANEND1/Public/before/js/jquery.swipebox.min.js
INFO: [ app_init ] --START--
INFO: Run Behavior\BuildLiteBehavior [ RunTime:0.000022s ]
INFO: [ app_init ] --END-- [ RunTime:0.000537s ]
ERR: 无法加载模块:Public

[ 2016-12-22T07:58:54+08:00 ] 127.0.0.1 /BOXUEYUANEND1/Public/before//BOXUEYUANEND1/Public/before/js/jquery.swipebox.min.js
INFO: [ app_init ] --START--
INFO: Run Behavior\BuildLiteBehavior [ RunTime:0.000023s ]
INFO: [ app_init ] --END-- [ RunTime:0.000555s ]
ERR: 无法加载模块:Public

[ 2016-12-22T07:58:54+08:00 ] 127.0.0.1 /BOXUEYUANEND1/Public/before//BOXUEYUANEND1/Public/before/js/jquery.swipebox.min.js
INFO: [ app_init ] --START--
INFO: Run Behavior\BuildLiteBehavior [ RunTime:0.000034s ]
INFO: [ app_init ] --END-- [ RunTime:0.000653s ]
ERR: 无法加载模块:Public

[ 2016-12-22T07:58:54+08:00 ] 127.0.0.1 /BOXUEYUANEND1/Public/before//BOXUEYUANEND1/Public/before/js/jquery.swipebox.min.js
INFO: [ app_init ] --START--
INFO: Run Behavior\BuildLiteBehavior [ RunTime:0.000017s ]
INFO: [ app_init ] --END-- [ RunTime:0.000563s ]
ERR: 无法加载模块:Public

[ 2016-12-22T08:00:02+08:00 ] 127.0.0.1 /BOXUEYUANEND1/Public/before/css/bootstrap.min.css
INFO: [ app_init ] --START--
INFO: Run Behavior\BuildLiteBehavior [ RunTime:0.000027s ]
INFO: [ app_init ] --END-- [ RunTime:0.000799s ]
ERR: 无法加载模块:Public

[ 2016-12-22T08:00:02+08:00 ] 127.0.0.1 /BOXUEYUANEND1/Public/before/js/jquery.2.1.1.min.js
INFO: [ app_init ] --START--
INFO: Run Behavior\BuildLiteBehavior [ RunTime:0.000023s ]
INFO: [ app_init ] --END-- [ RunTime:0.000556s ]
ERR: 无法加载模块:Public

[ 2016-12-22T08:03:16+08:00 ] 127.0.0.1 /BOXUEYUANEND1/Public/before//BOXUEYUANEND1/Public/before/js/jquery.swipebox.min.js
INFO: [ app_init ] --START--
INFO: Run Behavior\BuildLiteBehavior [ RunTime:0.000019s ]
INFO: [ app_init ] --END-- [ RunTime:0.000596s ]
ERR: 无法加载模块:Public

[ 2016-12-22T08:03:17+08:00 ] 127.0.0.1 /BOXUEYUANEND1/Public/before//BOXUEYUANEND1/Public/before/js/jquery.swipebox.min.js
INFO: [ app_init ] --START--
INFO: Run Behavior\BuildLiteBehavior [ RunTime:0.000025s ]
INFO: [ app_init ] --END-- [ RunTime:0.000601s ]
ERR: 无法加载模块:Public

[ 2016-12-22T08:03:17+08:00 ] 127.0.0.1 /BOXUEYUANEND1/Public/before//BOXUEYUANEND1/Public/before/js/jquery.swipebox.min.js
INFO: [ app_init ] --START--
INFO: Run Behavior\BuildLiteBehavior [ RunTime:0.000085s ]
INFO: [ app_init ] --END-- [ RunTime:0.001536s ]
ERR: 无法加载模块:Public

[ 2016-12-22T08:03:17+08:00 ] 127.0.0.1 /BOXUEYUANEND1/Public/before//BOXUEYUANEND1/Public/before/js/jquery.swipebox.min.js
INFO: [ app_init ] --START--
INFO: Run Behavior\BuildLiteBehavior [ RunTime:0.000027s ]
INFO: [ app_init ] --END-- [ RunTime:0.000633s ]
ERR: 无法加载模块:Public

[ 2016-12-22T08:03:17+08:00 ] 127.0.0.1 /BOXUEYUANEND1/Public/before//BOXUEYUANEND1/Public/before/js/jquery.swipebox.min.js
INFO: [ app_init ] --START--
INFO: Run Behavior\BuildLiteBehavior [ RunTime:0.000023s ]
INFO: [ app_init ] --END-- [ RunTime:0.000787s ]
ERR: 无法加载模块:Public

[ 2016-12-22T08:04:10+08:00 ] 127.0.0.1 /BOXUEYUANEND1/Public/before//BOXUEYUANEND1/Public/before/js/jquery.swipebox.min.js
INFO: [ app_init ] --START--
INFO: Run Behavior\BuildLiteBehavior [ RunTime:0.000034s ]
INFO: [ app_init ] --END-- [ RunTime:0.000579s ]
ERR: 无法加载模块:Public

[ 2016-12-22T08:04:10+08:00 ] 127.0.0.1 /BOXUEYUANEND1/Public/before//BOXUEYUANEND1/Public/before/js/jquery.swipebox.min.js
INFO: [ app_init ] --START--
INFO: Run Behavior\BuildLiteBehavior [ RunTime:0.000029s ]
INFO: [ app_init ] --END-- [ RunTime:0.000751s ]
ERR: 无法加载模块:Public

[ 2016-12-22T08:04:10+08:00 ] 127.0.0.1 /BOXUEYUANEND1/Public/before//BOXUEYUANEND1/Public/before/js/jquery.swipebox.min.js
INFO: [ app_init ] --START--
INFO: Run Behavior\BuildLiteBehavior [ RunTime:0.000024s ]
INFO: [ app_init ] --END-- [ RunTime:0.000566s ]
ERR: 无法加载模块:Public

[ 2016-12-22T08:04:10+08:00 ] 127.0.0.1 /BOXUEYUANEND1/Public/before//BOXUEYUANEND1/Public/before/js/jquery.swipebox.min.js
INFO: [ app_init ] --START--
INFO: Run Behavior\BuildLiteBehavior [ RunTime:0.000028s ]
INFO: [ app_init ] --END-- [ RunTime:0.000626s ]
ERR: 无法加载模块:Public

[ 2016-12-22T08:04:10+08:00 ] 127.0.0.1 /BOXUEYUANEND1/Public/before//BOXUEYUANEND1/Public/before/js/jquery.swipebox.min.js
INFO: [ app_init ] --START--
INFO: Run Behavior\BuildLiteBehavior [ RunTime:0.000025s ]
INFO: [ app_init ] --END-- [ RunTime:0.000586s ]
ERR: 无法加载模块:Public

[ 2016-12-22T08:04:30+08:00 ] 127.0.0.1 /BOXUEYUANEND1/Public/before//BOXUEYUANEND1/Public/before/js/jquery.swipebox.min.js
INFO: [ app_init ] --START--
INFO: Run Behavior\BuildLiteBehavior [ RunTime:0.000026s ]
INFO: [ app_init ] --END-- [ RunTime:0.000407s ]
ERR: 无法加载模块:Public

[ 2016-12-22T08:04:31+08:00 ] 127.0.0.1 /BOXUEYUANEND1/Public/before//BOXUEYUANEND1/Public/before/js/jquery.swipebox.min.js
INFO: [ app_init ] --START--
INFO: Run Behavior\BuildLiteBehavior [ RunTime:0.000024s ]
INFO: [ app_init ] --END-- [ RunTime:0.000550s ]
ERR: 无法加载模块:Public

[ 2016-12-22T08:04:31+08:00 ] 127.0.0.1 /BOXUEYUANEND1/Public/before//BOXUEYUANEND1/Public/before/js/jquery.swipebox.min.js
INFO: [ app_init ] --START--
INFO: Run Behavior\BuildLiteBehavior [ RunTime:0.000025s ]
INFO: [ app_init ] --END-- [ RunTime:0.000612s ]
ERR: 无法加载模块:Public

[ 2016-12-22T08:04:31+08:00 ] 127.0.0.1 /BOXUEYUANEND1/Public/before//BOXUEYUANEND1/Public/before/js/jquery.swipebox.min.js
INFO: [ app_init ] --START--
INFO: Run Behavior\BuildLiteBehavior [ RunTime:0.000025s ]
INFO: [ app_init ] --END-- [ RunTime:0.000583s ]
ERR: 无法加载模块:Public

[ 2016-12-22T08:04:31+08:00 ] 127.0.0.1 /BOXUEYUANEND1/Public/before//BOXUEYUANEND1/Public/before/js/jquery.swipebox.min.js
INFO: [ app_init ] --START--
INFO: Run Behavior\BuildLiteBehavior [ RunTime:0.000017s ]
INFO: [ app_init ] --END-- [ RunTime:0.000481s ]
ERR: 无法加载模块:Public

[ 2016-12-22T08:12:02+08:00 ] 127.0.0.1 /BOXUEYUANEND1/Public/before/css/bootstrap.min.css
INFO: [ app_init ] --START--
INFO: Run Behavior\BuildLiteBehavior [ RunTime:0.000016s ]
INFO: [ app_init ] --END-- [ RunTime:0.000374s ]
ERR: 无法加载模块:Public

[ 2016-12-22T08:12:02+08:00 ] 127.0.0.1 /BOXUEYUANEND1/Public/before/js/jquery.2.1.1.min.js
INFO: [ app_init ] --START--
INFO: Run Behavior\BuildLiteBehavior [ RunTime:0.000027s ]
INFO: [ app_init ] --END-- [ RunTime:0.000645s ]
ERR: 无法加载模块:Public

[ 2016-12-22T08:13:27+08:00 ] 127.0.0.1 /BOXUEYUANEND1/Public/before//BOXUEYUANEND1/Public/before/js/jquery.swipebox.min.js
INFO: [ app_init ] --START--
INFO: Run Behavior\BuildLiteBehavior [ RunTime:0.000018s ]
INFO: [ app_init ] --END-- [ RunTime:0.000476s ]
ERR: 无法加载模块:Public

[ 2016-12-22T08:13:27+08:00 ] 127.0.0.1 /BOXUEYUANEND1/Public/before//BOXUEYUANEND1/Public/before/js/jquery.swipebox.min.js
INFO: [ app_init ] --START--
INFO: Run Behavior\BuildLiteBehavior [ RunTime:0.000025s ]
INFO: [ app_init ] --END-- [ RunTime:0.000611s ]
ERR: 无法加载模块:Public

[ 2016-12-22T08:13:27+08:00 ] 127.0.0.1 /BOXUEYUANEND1/Public/before//BOXUEYUANEND1/Public/before/js/jquery.swipebox.min.js
INFO: [ app_init ] --START--
INFO: Run Behavior\BuildLiteBehavior [ RunTime:0.000022s ]
INFO: [ app_init ] --END-- [ RunTime:0.000580s ]
ERR: 无法加载模块:Public

[ 2016-12-22T08:13:27+08:00 ] 127.0.0.1 /BOXUEYUANEND1/Public/before//BOXUEYUANEND1/Public/before/js/jquery.swipebox.min.js
INFO: [ app_init ] --START--
INFO: Run Behavior\BuildLiteBehavior [ RunTime:0.000028s ]
INFO: [ app_init ] --END-- [ RunTime:0.000591s ]
ERR: 无法加载模块:Public

[ 2016-12-22T08:13:27+08:00 ] 127.0.0.1 /BOXUEYUANEND1/Public/before//BOXUEYUANEND1/Public/before/js/jquery.swipebox.min.js
INFO: [ app_init ] --START--
INFO: Run Behavior\BuildLiteBehavior [ RunTime:0.000025s ]
INFO: [ app_init ] --END-- [ RunTime:0.000649s ]
ERR: 无法加载模块:Public

[ 2016-12-22T08:13:33+08:00 ] 127.0.0.1 /BOXUEYUANEND1/Public/before/js//responsiveslides.min./BOXUEYUANEND1/Public/before/js/
INFO: [ app_init ] --START--
INFO: Run Behavior\BuildLiteBehavior [ RunTime:0.000028s ]
INFO: [ app_init ] --END-- [ RunTime:0.000679s ]
ERR: 无法加载模块:Public

[ 2016-12-22T08:13:33+08:00 ] 127.0.0.1 /BOXUEYUANEND1/Public/before/js//responsiveslides.min./BOXUEYUANEND1/Public/before/js/
INFO: [ app_init ] --START--
INFO: Run Behavior\BuildLiteBehavior [ RunTime:0.000033s ]
INFO: [ app_init ] --END-- [ RunTime:0.000780s ]
ERR: 无法加载模块:Public

[ 2016-12-22T08:13:36+08:00 ] 127.0.0.1 /BOXUEYUANEND1/Public/before/images/radio1.jpg
INFO: [ app_init ] --START--
INFO: Run Behavior\BuildLiteBehavior [ RunTime:0.000019s ]
INFO: [ app_init ] --END-- [ RunTime:0.000460s ]
ERR: 无法加载模块:Public

[ 2016-12-22T08:13:36+08:00 ] 127.0.0.1 /BOXUEYUANEND1/Public/before/images/radio2.jpg
INFO: [ app_init ] --START--
INFO: Run Behavior\BuildLiteBehavior [ RunTime:0.000034s ]
INFO: [ app_init ] --END-- [ RunTime:0.001075s ]
ERR: 无法加载模块:Public

[ 2016-12-22T08:15:13+08:00 ] 127.0.0.1 /BOXUEYUANEND1/Public/before//BOXUEYUANEND1/Public/before/js/jquery.swipebox.min.js
INFO: [ app_init ] --START--
INFO: Run Behavior\BuildLiteBehavior [ RunTime:0.000016s ]
INFO: [ app_init ] --END-- [ RunTime:0.000418s ]
ERR: 无法加载模块:Public

[ 2016-12-22T08:15:13+08:00 ] 127.0.0.1 /BOXUEYUANEND1/Public/before//BOXUEYUANEND1/Public/before/js/jquery.swipebox.min.js
INFO: [ app_init ] --START--
INFO: Run Behavior\BuildLiteBehavior [ RunTime:0.000025s ]
INFO: [ app_init ] --END-- [ RunTime:0.000589s ]
ERR: 无法加载模块:Public

[ 2016-12-22T08:15:13+08:00 ] 127.0.0.1 /BOXUEYUANEND1/Public/before//BOXUEYUANEND1/Public/before/js/jquery.swipebox.min.js
INFO: [ app_init ] --START--
INFO: Run Behavior\BuildLiteBehavior [ RunTime:0.000026s ]
INFO: [ app_init ] --END-- [ RunTime:0.000664s ]
ERR: 无法加载模块:Public

[ 2016-12-22T08:15:13+08:00 ] 127.0.0.1 /BOXUEYUANEND1/Public/before//BOXUEYUANEND1/Public/before/js/jquery.swipebox.min.js
INFO: [ app_init ] --START--
INFO: Run Behavior\BuildLiteBehavior [ RunTime:0.000026s ]
INFO: [ app_init ] --END-- [ RunTime:0.001255s ]
ERR: 无法加载模块:Public

[ 2016-12-22T08:15:13+08:00 ] 127.0.0.1 /BOXUEYUANEND1/Public/before//BOXUEYUANEND1/Public/before/js/jquery.swipebox.min.js
INFO: [ app_init ] --START--
INFO: Run Behavior\BuildLiteBehavior [ RunTime:0.000023s ]
INFO: [ app_init ] --END-- [ RunTime:0.000570s ]
ERR: 无法加载模块:Public

[ 2016-12-22T08:15:28+08:00 ] 127.0.0.1 /BOXUEYUANEND1/Public/before/js//responsiveslides.min./BOXUEYUANEND1/Public/before/js/
INFO: [ app_init ] --START--
INFO: Run Behavior\BuildLiteBehavior [ RunTime:0.000026s ]
INFO: [ app_init ] --END-- [ RunTime:0.000627s ]
ERR: 无法加载模块:Public

[ 2016-12-22T08:15:29+08:00 ] 127.0.0.1 /BOXUEYUANEND1/Public/before/js//responsiveslides.min./BOXUEYUANEND1/Public/before/js/
INFO: [ app_init ] --START--
INFO: Run Behavior\BuildLiteBehavior [ RunTime:0.000026s ]
INFO: [ app_init ] --END-- [ RunTime:0.000565s ]
ERR: 无法加载模块:Public

[ 2016-12-22T08:15:32+08:00 ] 127.0.0.1 /BOXUEYUANEND1/Public/before/images/radio1.jpg
INFO: [ app_init ] --START--
INFO: Run Behavior\BuildLiteBehavior [ RunTime:0.000032s ]
INFO: [ app_init ] --END-- [ RunTime:0.000572s ]
ERR: 无法加载模块:Public

[ 2016-12-22T08:15:32+08:00 ] 127.0.0.1 /BOXUEYUANEND1/Public/before/images/radio2.jpg
INFO: [ app_init ] --START--
INFO: Run Behavior\BuildLiteBehavior [ RunTime:0.000024s ]
INFO: [ app_init ] --END-- [ RunTime:0.000633s ]
ERR: 无法加载模块:Public

[ 2016-12-22T08:20:25+08:00 ] 127.0.0.1 /BOXUEYUANEND1/Public/before//BOXUEYUANEND1/Public/before/js/jquery.swipebox.min.js
INFO: [ app_init ] --START--
INFO: Run Behavior\BuildLiteBehavior [ RunTime:0.000023s ]
INFO: [ app_init ] --END-- [ RunTime:0.000529s ]
ERR: 无法加载模块:Public

[ 2016-12-22T08:20:25+08:00 ] 127.0.0.1 /BOXUEYUANEND1/Public/before//BOXUEYUANEND1/Public/before/js/jquery.swipebox.min.js
INFO: [ app_init ] --START--
INFO: Run Behavior\BuildLiteBehavior [ RunTime:0.000023s ]
INFO: [ app_init ] --END-- [ RunTime:0.000569s ]
ERR: 无法加载模块:Public

[ 2016-12-22T08:20:25+08:00 ] 127.0.0.1 /BOXUEYUANEND1/Public/before//BOXUEYUANEND1/Public/before/js/jquery.swipebox.min.js
INFO: [ app_init ] --START--
INFO: Run Behavior\BuildLiteBehavior [ RunTime:0.000024s ]
INFO: [ app_init ] --END-- [ RunTime:0.000584s ]
ERR: 无法加载模块:Public

[ 2016-12-22T08:20:25+08:00 ] 127.0.0.1 /BOXUEYUANEND1/Public/before//BOXUEYUANEND1/Public/before/js/jquery.swipebox.min.js
INFO: [ app_init ] --START--
INFO: Run Behavior\BuildLiteBehavior [ RunTime:0.000028s ]
INFO: [ app_init ] --END-- [ RunTime:0.000664s ]
ERR: 无法加载模块:Public

[ 2016-12-22T08:20:25+08:00 ] 127.0.0.1 /BOXUEYUANEND1/Public/before//BOXUEYUANEND1/Public/before/js/jquery.swipebox.min.js
INFO: [ app_init ] --START--
INFO: Run Behavior\BuildLiteBehavior [ RunTime:0.000026s ]
INFO: [ app_init ] --END-- [ RunTime:0.000620s ]
ERR: 无法加载模块:Public

[ 2016-12-22T08:20:51+08:00 ] 127.0.0.1 /BOXUEYUANEND1/Public/before//BOXUEYUANEND1/Public/before/js/jquery.swipebox.min.js
INFO: [ app_init ] --START--
INFO: Run Behavior\BuildLiteBehavior [ RunTime:0.000021s ]
INFO: [ app_init ] --END-- [ RunTime:0.000517s ]
ERR: 无法加载模块:Public

[ 2016-12-22T08:20:51+08:00 ] 127.0.0.1 /BOXUEYUANEND1/Public/before//BOXUEYUANEND1/Public/before/js/jquery.swipebox.min.js
INFO: [ app_init ] --START--
INFO: Run Behavior\BuildLiteBehavior [ RunTime:0.000022s ]
INFO: [ app_init ] --END-- [ RunTime:0.000531s ]
ERR: 无法加载模块:Public

[ 2016-12-22T08:20:51+08:00 ] 127.0.0.1 /BOXUEYUANEND1/Public/before//BOXUEYUANEND1/Public/before/js/jquery.swipebox.min.js
INFO: [ app_init ] --START--
INFO: Run Behavior\BuildLiteBehavior [ RunTime:0.000024s ]
INFO: [ app_init ] --END-- [ RunTime:0.000627s ]
ERR: 无法加载模块:Public

[ 2016-12-22T08:20:51+08:00 ] 127.0.0.1 /BOXUEYUANEND1/Public/before//BOXUEYUANEND1/Public/before/js/jquery.swipebox.min.js
INFO: [ app_init ] --START--
INFO: Run Behavior\BuildLiteBehavior [ RunTime:0.000025s ]
INFO: [ app_init ] --END-- [ RunTime:0.000584s ]
ERR: 无法加载模块:Public

[ 2016-12-22T08:20:51+08:00 ] 127.0.0.1 /BOXUEYUANEND1/Public/before//BOXUEYUANEND1/Public/before/js/jquery.swipebox.min.js
INFO: [ app_init ] --START--
INFO: Run Behavior\BuildLiteBehavior [ RunTime:0.000028s ]
INFO: [ app_init ] --END-- [ RunTime:0.000717s ]
ERR: 无法加载模块:Public

[ 2016-12-22T08:20:54+08:00 ] 127.0.0.1 /BOXUEYUANEND1/Public/before/js//responsiveslides.min./BOXUEYUANEND1/Public/before/js/
INFO: [ app_init ] --START--
INFO: Run Behavior\BuildLiteBehavior [ RunTime:0.000022s ]
INFO: [ app_init ] --END-- [ RunTime:0.000427s ]
ERR: 无法加载模块:Public

[ 2016-12-22T08:20:55+08:00 ] 127.0.0.1 /BOXUEYUANEND1/Public/before/js//responsiveslides.min./BOXUEYUANEND1/Public/before/js/
INFO: [ app_init ] --START--
INFO: Run Behavior\BuildLiteBehavior [ RunTime:0.000026s ]
INFO: [ app_init ] --END-- [ RunTime:0.000629s ]
ERR: 无法加载模块:Public

[ 2016-12-22T08:20:56+08:00 ] 127.0.0.1 /BOXUEYUANEND1/Public/before/images/radio1.jpg
INFO: [ app_init ] --START--
INFO: Run Behavior\BuildLiteBehavior [ RunTime:0.000023s ]
INFO: [ app_init ] --END-- [ RunTime:0.000550s ]
ERR: 无法加载模块:Public

[ 2016-12-22T08:20:56+08:00 ] 127.0.0.1 /BOXUEYUANEND1/Public/before/images/radio2.jpg
INFO: [ app_init ] --START--
INFO: Run Behavior\BuildLiteBehavior [ RunTime:0.000027s ]
INFO: [ app_init ] --END-- [ RunTime:0.000698s ]
ERR: 无法加载模块:Public

[ 2016-12-22T08:25:22+08:00 ] 127.0.0.1 /BOXUEYUANEND1/Public/before//BOXUEYUANEND1/Public/before/js/jquery.swipebox.min.js
INFO: [ app_init ] --START--
INFO: Run Behavior\BuildLiteBehavior [ RunTime:0.000024s ]
INFO: [ app_init ] --END-- [ RunTime:0.000760s ]
ERR: 无法加载模块:Public

[ 2016-12-22T08:25:22+08:00 ] 127.0.0.1 /BOXUEYUANEND1/Public/before//BOXUEYUANEND1/Public/before/js/jquery.swipebox.min.js
INFO: [ app_init ] --START--
INFO: Run Behavior\BuildLiteBehavior [ RunTime:0.000025s ]
INFO: [ app_init ] --END-- [ RunTime:0.000606s ]
ERR: 无法加载模块:Public

[ 2016-12-22T08:25:22+08:00 ] 127.0.0.1 /BOXUEYUANEND1/Public/before//BOXUEYUANEND1/Public/before/js/jquery.swipebox.min.js
INFO: [ app_init ] --START--
INFO: Run Behavior\BuildLiteBehavior [ RunTime:0.000023s ]
INFO: [ app_init ] --END-- [ RunTime:0.000569s ]
ERR: 无法加载模块:Public

[ 2016-12-22T08:25:22+08:00 ] 127.0.0.1 /BOXUEYUANEND1/Public/before//BOXUEYUANEND1/Public/before/js/jquery.swipebox.min.js
INFO: [ app_init ] --START--
INFO: Run Behavior\BuildLiteBehavior [ RunTime:0.000027s ]
INFO: [ app_init ] --END-- [ RunTime:0.000622s ]
ERR: 无法加载模块:Public

[ 2016-12-22T08:25:22+08:00 ] 127.0.0.1 /BOXUEYUANEND1/Public/before//BOXUEYUANEND1/Public/before/js/jquery.swipebox.min.js
INFO: [ app_init ] --START--
INFO: Run Behavior\BuildLiteBehavior [ RunTime:0.000026s ]
INFO: [ app_init ] --END-- [ RunTime:0.000574s ]
ERR: 无法加载模块:Public

[ 2016-12-22T08:25:29+08:00 ] 127.0.0.1 /BOXUEYUANEND1/Public/before/js//responsiveslides.min./BOXUEYUANEND1/Public/before/js/
INFO: [ app_init ] --START--
INFO: Run Behavior\BuildLiteBehavior [ RunTime:0.000024s ]
INFO: [ app_init ] --END-- [ RunTime:0.000666s ]
ERR: 无法加载模块:Public

[ 2016-12-22T08:25:29+08:00 ] 127.0.0.1 /BOXUEYUANEND1/Public/before/js//responsiveslides.min./BOXUEYUANEND1/Public/before/js/
INFO: [ app_init ] --START--
INFO: Run Behavior\BuildLiteBehavior [ RunTime:0.000027s ]
INFO: [ app_init ] --END-- [ RunTime:0.000706s ]
ERR: 无法加载模块:Public

[ 2016-12-22T08:25:51+08:00 ] 127.0.0.1 /BOXUEYUANEND1/Public/before/js//responsiveslides.min./BOXUEYUANEND1/Public/before/js/
INFO: [ app_init ] --START--
INFO: Run Behavior\BuildLiteBehavior [ RunTime:0.000017s ]
INFO: [ app_init ] --END-- [ RunTime:0.000386s ]
ERR: 无法加载模块:Public

[ 2016-12-22T08:25:51+08:00 ] 127.0.0.1 /BOXUEYUANEND1/Public/before/js//responsiveslides.min./BOXUEYUANEND1/Public/before/js/
INFO: [ app_init ] --START--
INFO: Run Behavior\BuildLiteBehavior [ RunTime:0.000024s ]
INFO: [ app_init ] --END-- [ RunTime:0.000467s ]
ERR: 无法加载模块:Public

[ 2016-12-22T08:26:00+08:00 ] 127.0.0.1 /BOXUEYUANEND1/Public/before/js//responsiveslides.min./BOXUEYUANEND1/Public/before/js/
INFO: [ app_init ] --START--
INFO: Run Behavior\BuildLiteBehavior [ RunTime:0.000167s ]
INFO: [ app_init ] --END-- [ RunTime:0.000847s ]
ERR: 无法加载模块:Public

[ 2016-12-22T08:26:00+08:00 ] 127.0.0.1 /BOXUEYUANEND1/Public/before/js//responsiveslides.min./BOXUEYUANEND1/Public/before/js/
INFO: [ app_init ] --START--
INFO: Run Behavior\BuildLiteBehavior [ RunTime:0.000022s ]
INFO: [ app_init ] --END-- [ RunTime:0.000528s ]
ERR: 无法加载模块:Public

[ 2016-12-22T08:26:16+08:00 ] 127.0.0.1 /BOXUEYUANEND1/Public/before/js//responsiveslides.min./BOXUEYUANEND1/Public/before/js/
INFO: [ app_init ] --START--
INFO: Run Behavior\BuildLiteBehavior [ RunTime:0.000015s ]
INFO: [ app_init ] --END-- [ RunTime:0.000377s ]
ERR: 无法加载模块:Public

[ 2016-12-22T08:26:16+08:00 ] 127.0.0.1 /BOXUEYUANEND1/Public/before/js//responsiveslides.min./BOXUEYUANEND1/Public/before/js/
INFO: [ app_init ] --START--
INFO: Run Behavior\BuildLiteBehavior [ RunTime:0.000025s ]
INFO: [ app_init ] --END-- [ RunTime:0.000350s ]
ERR: 无法加载模块:Public

[ 2016-12-22T08:26:47+08:00 ] 127.0.0.1 /BOXUEYUANEND1/Public/before//BOXUEYUANEND1/Public/before/js/jquery.swipebox.min.js
INFO: [ app_init ] --START--
INFO: Run Behavior\BuildLiteBehavior [ RunTime:0.000017s ]
INFO: [ app_init ] --END-- [ RunTime:0.000528s ]
ERR: 无法加载模块:Public

[ 2016-12-22T08:26:47+08:00 ] 127.0.0.1 /BOXUEYUANEND1/Public/before//BOXUEYUANEND1/Public/before/js/jquery.swipebox.min.js
INFO: [ app_init ] --START--
INFO: Run Behavior\BuildLiteBehavior [ RunTime:0.000024s ]
INFO: [ app_init ] --END-- [ RunTime:0.000592s ]
ERR: 无法加载模块:Public

[ 2016-12-22T08:26:47+08:00 ] 127.0.0.1 /BOXUEYUANEND1/Public/before//BOXUEYUANEND1/Public/before/js/jquery.swipebox.min.js
INFO: [ app_init ] --START--
INFO: Run Behavior\BuildLiteBehavior [ RunTime:0.000044s ]
INFO: [ app_init ] --END-- [ RunTime:0.000869s ]
ERR: 无法加载模块:Public

[ 2016-12-22T08:26:47+08:00 ] 127.0.0.1 /BOXUEYUANEND1/Public/before//BOXUEYUANEND1/Public/before/js/jquery.swipebox.min.js
INFO: [ app_init ] --START--
INFO: Run Behavior\BuildLiteBehavior [ RunTime:0.000030s ]
INFO: [ app_init ] --END-- [ RunTime:0.001260s ]
ERR: 无法加载模块:Public

[ 2016-12-22T08:26:47+08:00 ] 127.0.0.1 /BOXUEYUANEND1/Public/before//BOXUEYUANEND1/Public/before/js/jquery.swipebox.min.js
INFO: [ app_init ] --START--
INFO: Run Behavior\BuildLiteBehavior [ RunTime:0.000022s ]
INFO: [ app_init ] --END-- [ RunTime:0.000512s ]
ERR: 无法加载模块:Public

[ 2016-12-22T08:26:52+08:00 ] 127.0.0.1 /BOXUEYUANEND1/Public/before/js//responsiveslides.min./BOXUEYUANEND1/Public/before/js/
INFO: [ app_init ] --START--
INFO: Run Behavior\BuildLiteBehavior [ RunTime:0.000027s ]
INFO: [ app_init ] --END-- [ RunTime:0.000683s ]
ERR: 无法加载模块:Public

[ 2016-12-22T08:26:52+08:00 ] 127.0.0.1 /BOXUEYUANEND1/Public/before/js//responsiveslides.min./BOXUEYUANEND1/Public/before/js/
INFO: [ app_init ] --START--
INFO: Run Behavior\BuildLiteBehavior [ RunTime:0.000027s ]
INFO: [ app_init ] --END-- [ RunTime:0.000674s ]
ERR: 无法加载模块:Public

[ 2016-12-22T08:27:25+08:00 ] 127.0.0.1 /BOXUEYUANEND1/Public/before//BOXUEYUANEND1/Public/before/js/jquery.swipebox.min.js
INFO: [ app_init ] --START--
INFO: Run Behavior\BuildLiteBehavior [ RunTime:0.000027s ]
INFO: [ app_init ] --END-- [ RunTime:0.000610s ]
ERR: 无法加载模块:Public

[ 2016-12-22T08:27:25+08:00 ] 127.0.0.1 /BOXUEYUANEND1/Public/before//BOXUEYUANEND1/Public/before/js/jquery.swipebox.min.js
INFO: [ app_init ] --START--
INFO: Run Behavior\BuildLiteBehavior [ RunTime:0.000016s ]
INFO: [ app_init ] --END-- [ RunTime:0.000408s ]
ERR: 无法加载模块:Public

[ 2016-12-22T08:27:25+08:00 ] 127.0.0.1 /BOXUEYUANEND1/Public/before//BOXUEYUANEND1/Public/before/js/jquery.swipebox.min.js
INFO: [ app_init ] --START--
INFO: Run Behavior\BuildLiteBehavior [ RunTime:0.000026s ]
INFO: [ app_init ] --END-- [ RunTime:0.000644s ]
ERR: 无法加载模块:Public

[ 2016-12-22T08:27:25+08:00 ] 127.0.0.1 /BOXUEYUANEND1/Public/before//BOXUEYUANEND1/Public/before/js/jquery.swipebox.min.js
INFO: [ app_init ] --START--
INFO: Run Behavior\BuildLiteBehavior [ RunTime:0.000025s ]
INFO: [ app_init ] --END-- [ RunTime:0.000620s ]
ERR: 无法加载模块:Public

[ 2016-12-22T08:27:25+08:00 ] 127.0.0.1 /BOXUEYUANEND1/Public/before//BOXUEYUANEND1/Public/before/js/jquery.swipebox.min.js
INFO: [ app_init ] --START--
INFO: Run Behavior\BuildLiteBehavior [ RunTime:0.000030s ]
INFO: [ app_init ] --END-- [ RunTime:0.000859s ]
ERR: 无法加载模块:Public

[ 2016-12-22T08:29:12+08:00 ] 127.0.0.1 /BOXUEYUANEND1/Public/before//BOXUEYUANEND1/Public/before/js/jquery.swipebox.min.js
INFO: [ app_init ] --START--
INFO: Run Behavior\BuildLiteBehavior [ RunTime:0.000021s ]
INFO: [ app_init ] --END-- [ RunTime:0.000586s ]
ERR: 无法加载模块:Public

[ 2016-12-22T08:29:12+08:00 ] 127.0.0.1 /BOXUEYUANEND1/Public/before//BOXUEYUANEND1/Public/before/js/jquery.swipebox.min.js
INFO: [ app_init ] --START--
INFO: Run Behavior\BuildLiteBehavior [ RunTime:0.000025s ]
INFO: [ app_init ] --END-- [ RunTime:0.000591s ]
ERR: 无法加载模块:Public

[ 2016-12-22T08:29:12+08:00 ] 127.0.0.1 /BOXUEYUANEND1/Public/before//BOXUEYUANEND1/Public/before/js/jquery.swipebox.min.js
INFO: [ app_init ] --START--
INFO: Run Behavior\BuildLiteBehavior [ RunTime:0.000023s ]
INFO: [ app_init ] --END-- [ RunTime:0.000562s ]
ERR: 无法加载模块:Public

[ 2016-12-22T08:29:12+08:00 ] 127.0.0.1 /BOXUEYUANEND1/Public/before//BOXUEYUANEND1/Public/before/js/jquery.swipebox.min.js
INFO: [ app_init ] --START--
INFO: Run Behavior\BuildLiteBehavior [ RunTime:0.000028s ]
INFO: [ app_init ] --END-- [ RunTime:0.000619s ]
ERR: 无法加载模块:Public

[ 2016-12-22T08:29:12+08:00 ] 127.0.0.1 /BOXUEYUANEND1/Public/before//BOXUEYUANEND1/Public/before/js/jquery.swipebox.min.js
INFO: [ app_init ] --START--
INFO: Run Behavior\BuildLiteBehavior [ RunTime:0.000028s ]
INFO: [ app_init ] --END-- [ RunTime:0.000625s ]
ERR: 无法加载模块:Public

[ 2016-12-22T08:29:18+08:00 ] 127.0.0.1 /BOXUEYUANEND1/Public/before/js//responsiveslides.min./BOXUEYUANEND1/Public/before/js/
INFO: [ app_init ] --START--
INFO: Run Behavior\BuildLiteBehavior [ RunTime:0.000035s ]
INFO: [ app_init ] --END-- [ RunTime:0.000762s ]
ERR: 无法加载模块:Public

[ 2016-12-22T08:29:18+08:00 ] 127.0.0.1 /BOXUEYUANEND1/Public/before/js//responsiveslides.min./BOXUEYUANEND1/Public/before/js/
INFO: [ app_init ] --START--
INFO: Run Behavior\BuildLiteBehavior [ RunTime:0.000036s ]
INFO: [ app_init ] --END-- [ RunTime:0.000633s ]
ERR: 无法加载模块:Public

[ 2016-12-22T08:30:36+08:00 ] 127.0.0.1 /BOXUEYUANEND1/Public/before//BOXUEYUANEND1/Public/before/js/jquery.swipebox.min.js
INFO: [ app_init ] --START--
INFO: Run Behavior\BuildLiteBehavior [ RunTime:0.000022s ]
INFO: [ app_init ] --END-- [ RunTime:0.000539s ]
ERR: 无法加载模块:Public

[ 2016-12-22T08:30:37+08:00 ] 127.0.0.1 /BOXUEYUANEND1/Public/before//BOXUEYUANEND1/Public/before/js/jquery.swipebox.min.js
INFO: [ app_init ] --START--
INFO: Run Behavior\BuildLiteBehavior [ RunTime:0.000018s ]
INFO: [ app_init ] --END-- [ RunTime:0.000552s ]
ERR: 无法加载模块:Public

[ 2016-12-22T08:30:37+08:00 ] 127.0.0.1 /BOXUEYUANEND1/Public/before//BOXUEYUANEND1/Public/before/js/jquery.swipebox.min.js
INFO: [ app_init ] --START--
INFO: Run Behavior\BuildLiteBehavior [ RunTime:0.000025s ]
INFO: [ app_init ] --END-- [ RunTime:0.000626s ]
ERR: 无法加载模块:Public

[ 2016-12-22T08:30:37+08:00 ] 127.0.0.1 /BOXUEYUANEND1/Public/before//BOXUEYUANEND1/Public/before/js/jquery.swipebox.min.js
INFO: [ app_init ] --START--
INFO: Run Behavior\BuildLiteBehavior [ RunTime:0.000029s ]
INFO: [ app_init ] --END-- [ RunTime:0.000740s ]
ERR: 无法加载模块:Public

[ 2016-12-22T08:30:47+08:00 ] 127.0.0.1 /BOXUEYUANEND1/Public/before/js//responsiveslides.min./BOXUEYUANEND1/Public/before/js/
INFO: [ app_init ] --START--
INFO: Run Behavior\BuildLiteBehavior [ RunTime:0.000023s ]
INFO: [ app_init ] --END-- [ RunTime:0.000680s ]
ERR: 无法加载模块:Public

[ 2016-12-22T08:30:47+08:00 ] 127.0.0.1 /BOXUEYUANEND1/Public/before/js//responsiveslides.min./BOXUEYUANEND1/Public/before/js/
INFO: [ app_init ] --START--
INFO: Run Behavior\BuildLiteBehavior [ RunTime:0.000030s ]
INFO: [ app_init ] --END-- [ RunTime:0.000847s ]
ERR: 无法加载模块:Public

[ 2016-12-22T08:31:15+08:00 ] 127.0.0.1 /BOXUEYUANEND1/Public/before//BOXUEYUANEND1/Public/before/js/jquery.swipebox.min.js
INFO: [ app_init ] --START--
INFO: Run Behavior\BuildLiteBehavior [ RunTime:0.000044s ]
INFO: [ app_init ] --END-- [ RunTime:0.000837s ]
ERR: 无法加载模块:Public

[ 2016-12-22T08:31:15+08:00 ] 127.0.0.1 /BOXUEYUANEND1/Public/before//BOXUEYUANEND1/Public/before/js/jquery.swipebox.min.js
INFO: [ app_init ] --START--
INFO: Run Behavior\BuildLiteBehavior [ RunTime:0.000014s ]
INFO: [ app_init ] --END-- [ RunTime:0.000446s ]
ERR: 无法加载模块:Public

[ 2016-12-22T08:31:16+08:00 ] 127.0.0.1 /BOXUEYUANEND1/Public/before//BOXUEYUANEND1/Public/before/js/jquery.swipebox.min.js
INFO: [ app_init ] --START--
INFO: Run Behavior\BuildLiteBehavior [ RunTime:0.000014s ]
INFO: [ app_init ] --END-- [ RunTime:0.000363s ]
ERR: 无法加载模块:Public

[ 2016-12-22T08:31:16+08:00 ] 127.0.0.1 /BOXUEYUANEND1/Public/before//BOXUEYUANEND1/Public/before/js/jquery.swipebox.min.js
INFO: [ app_init ] --START--
INFO: Run Behavior\BuildLiteBehavior [ RunTime:0.000022s ]
INFO: [ app_init ] --END-- [ RunTime:0.000455s ]
ERR: 无法加载模块:Public

[ 2016-12-22T08:31:16+08:00 ] 127.0.0.1 /BOXUEYUANEND1/Public/before//BOXUEYUANEND1/Public/before/js/jquery.swipebox.min.js
INFO: [ app_init ] --START--
INFO: Run Behavior\BuildLiteBehavior [ RunTime:0.000023s ]
INFO: [ app_init ] --END-- [ RunTime:0.000514s ]
ERR: 无法加载模块:Public

[ 2016-12-22T08:33:24+08:00 ] 127.0.0.1 /BOXUEYUANEND1/Public/before//BOXUEYUANEND1/Public/before/js/jquery.swipebox.min.js
INFO: [ app_init ] --START--
INFO: Run Behavior\BuildLiteBehavior [ RunTime:0.000028s ]
INFO: [ app_init ] --END-- [ RunTime:0.000617s ]
ERR: 无法加载模块:Public

[ 2016-12-22T08:33:24+08:00 ] 127.0.0.1 /BOXUEYUANEND1/Public/before//BOXUEYUANEND1/Public/before/js/jquery.swipebox.min.js
INFO: [ app_init ] --START--
INFO: Run Behavior\BuildLiteBehavior [ RunTime:0.000024s ]
INFO: [ app_init ] --END-- [ RunTime:0.000576s ]
ERR: 无法加载模块:Public

[ 2016-12-22T08:33:24+08:00 ] 127.0.0.1 /BOXUEYUANEND1/Public/before//BOXUEYUANEND1/Public/before/js/jquery.swipebox.min.js
INFO: [ app_init ] --START--
INFO: Run Behavior\BuildLiteBehavior [ RunTime:0.000041s ]
INFO: [ app_init ] --END-- [ RunTime:0.000869s ]
ERR: 无法加载模块:Public

[ 2016-12-22T08:33:24+08:00 ] 127.0.0.1 /BOXUEYUANEND1/Public/before//BOXUEYUANEND1/Public/before/js/jquery.swipebox.min.js
INFO: [ app_init ] --START--
INFO: Run Behavior\BuildLiteBehavior [ RunTime:0.000017s ]
INFO: [ app_init ] --END-- [ RunTime:0.000445s ]
ERR: 无法加载模块:Public

[ 2016-12-22T08:33:24+08:00 ] 127.0.0.1 /BOXUEYUANEND1/Public/before//BOXUEYUANEND1/Public/before/js/jquery.swipebox.min.js
INFO: [ app_init ] --START--
INFO: Run Behavior\BuildLiteBehavior [ RunTime:0.000017s ]
INFO: [ app_init ] --END-- [ RunTime:0.000635s ]
ERR: 无法加载模块:Public

[ 2016-12-22T08:38:22+08:00 ] 127.0.0.1 /BOXUEYUANEND1/Public/before//BOXUEYUANEND1/Public/before/js/jquery.swipebox.min.js
INFO: [ app_init ] --START--
INFO: Run Behavior\BuildLiteBehavior [ RunTime:0.000016s ]
INFO: [ app_init ] --END-- [ RunTime:0.000379s ]
ERR: 无法加载模块:Public

[ 2016-12-22T08:38:23+08:00 ] 127.0.0.1 /BOXUEYUANEND1/Public/before//BOXUEYUANEND1/Public/before/js/jquery.swipebox.min.js
INFO: [ app_init ] --START--
INFO: Run Behavior\BuildLiteBehavior [ RunTime:0.000015s ]
INFO: [ app_init ] --END-- [ RunTime:0.000375s ]
ERR: 无法加载模块:Public

[ 2016-12-22T08:38:23+08:00 ] 127.0.0.1 /BOXUEYUANEND1/Public/before//BOXUEYUANEND1/Public/before/js/jquery.swipebox.min.js
INFO: [ app_init ] --START--
INFO: Run Behavior\BuildLiteBehavior [ RunTime:0.000027s ]
INFO: [ app_init ] --END-- [ RunTime:0.000705s ]
ERR: 无法加载模块:Public

[ 2016-12-22T08:38:23+08:00 ] 127.0.0.1 /BOXUEYUANEND1/Public/before//BOXUEYUANEND1/Public/before/js/jquery.swipebox.min.js
INFO: [ app_init ] --START--
INFO: Run Behavior\BuildLiteBehavior [ RunTime:0.000026s ]
INFO: [ app_init ] --END-- [ RunTime:0.000735s ]
ERR: 无法加载模块:Public

[ 2016-12-22T08:38:23+08:00 ] 127.0.0.1 /BOXUEYUANEND1/Public/before//BOXUEYUANEND1/Public/before/js/jquery.swipebox.min.js
INFO: [ app_init ] --START--
INFO: Run Behavior\BuildLiteBehavior [ RunTime:0.000028s ]
INFO: [ app_init ] --END-- [ RunTime:0.000756s ]
ERR: 无法加载模块:Public

[ 2016-12-22T08:38:33+08:00 ] 127.0.0.1 /BOXUEYUANEND1/Public/before/js//responsiveslides.min./BOXUEYUANEND1/Public/before/js/
INFO: [ app_init ] --START--
INFO: Run Behavior\BuildLiteBehavior [ RunTime:0.000024s ]
INFO: [ app_init ] --END-- [ RunTime:0.000586s ]
ERR: 无法加载模块:Public

[ 2016-12-22T08:38:33+08:00 ] 127.0.0.1 /BOXUEYUANEND1/Public/before/js//responsiveslides.min./BOXUEYUANEND1/Public/before/js/
INFO: [ app_init ] --START--
INFO: Run Behavior\BuildLiteBehavior [ RunTime:0.000030s ]
INFO: [ app_init ] --END-- [ RunTime:0.000610s ]
ERR: 无法加载模块:Public

[ 2016-12-22T08:38:36+08:00 ] 127.0.0.1 /BOXUEYUANEND1/Public/before/images/radio2.jpg
INFO: [ app_init ] --START--
INFO: Run Behavior\BuildLiteBehavior [ RunTime:0.000013s ]
INFO: [ app_init ] --END-- [ RunTime:0.000335s ]
ERR: 无法加载模块:Public

[ 2016-12-22T08:38:36+08:00 ] 127.0.0.1 /BOXUEYUANEND1/Public/before/images/radio1.jpg
INFO: [ app_init ] --START--
INFO: Run Behavior\BuildLiteBehavior [ RunTime:0.000027s ]
INFO: [ app_init ] --END-- [ RunTime:0.000618s ]
ERR: 无法加载模块:Public

[ 2016-12-22T08:38:49+08:00 ] 127.0.0.1 /BOXUEYUANEND1/Public/before//BOXUEYUANEND1/Public/before/js/jquery.swipebox.min.js
INFO: [ app_init ] --START--
INFO: Run Behavior\BuildLiteBehavior [ RunTime:0.000017s ]
INFO: [ app_init ] --END-- [ RunTime:0.000436s ]
ERR: 无法加载模块:Public

[ 2016-12-22T08:46:12+08:00 ] 127.0.0.1 /BOXUEYUANEND1/Public/before//BOXUEYUANEND1/Public/before/js/jquery.swipebox.min.js
INFO: [ app_init ] --START--
INFO: Run Behavior\BuildLiteBehavior [ RunTime:0.000028s ]
INFO: [ app_init ] --END-- [ RunTime:0.000616s ]
ERR: 无法加载模块:Public

[ 2016-12-22T08:46:12+08:00 ] 127.0.0.1 /BOXUEYUANEND1/Public/before//BOXUEYUANEND1/Public/before/js/jquery.swipebox.min.js
INFO: [ app_init ] --START--
INFO: Run Behavior\BuildLiteBehavior [ RunTime:0.000054s ]
INFO: [ app_init ] --END-- [ RunTime:0.001544s ]
ERR: 无法加载模块:Public

[ 2016-12-22T08:46:12+08:00 ] 127.0.0.1 /BOXUEYUANEND1/Public/before//BOXUEYUANEND1/Public/before/js/jquery.swipebox.min.js
INFO: [ app_init ] --START--
INFO: Run Behavior\BuildLiteBehavior [ RunTime:0.000025s ]
INFO: [ app_init ] --END-- [ RunTime:0.000803s ]
ERR: 无法加载模块:Public

[ 2016-12-22T08:46:12+08:00 ] 127.0.0.1 /BOXUEYUANEND1/Public/before//BOXUEYUANEND1/Public/before/js/jquery.swipebox.min.js
INFO: [ app_init ] --START--
INFO: Run Behavior\BuildLiteBehavior [ RunTime:0.000025s ]
INFO: [ app_init ] --END-- [ RunTime:0.000603s ]
ERR: 无法加载模块:Public

[ 2016-12-22T08:46:12+08:00 ] 127.0.0.1 /BOXUEYUANEND1/Public/before//BOXUEYUANEND1/Public/before/js/jquery.swipebox.min.js
INFO: [ app_init ] --START--
INFO: Run Behavior\BuildLiteBehavior [ RunTime:0.000028s ]
INFO: [ app_init ] --END-- [ RunTime:0.000680s ]
ERR: 无法加载模块:Public

[ 2016-12-22T08:46:52+08:00 ] 127.0.0.1 /BOXUEYUANEND1/Public/before/js//responsiveslides.min./BOXUEYUANEND1/Public/before/js/
INFO: [ app_init ] --START--
INFO: Run Behavior\BuildLiteBehavior [ RunTime:0.000018s ]
INFO: [ app_init ] --END-- [ RunTime:0.000645s ]
ERR: 无法加载模块:Public

[ 2016-12-22T08:46:52+08:00 ] 127.0.0.1 /BOXUEYUANEND1/Public/before/js//responsiveslides.min./BOXUEYUANEND1/Public/before/js/
INFO: [ app_init ] --START--
INFO: Run Behavior\BuildLiteBehavior [ RunTime:0.000045s ]
INFO: [ app_init ] --END-- [ RunTime:0.000951s ]
ERR: 无法加载模块:Public

[ 2016-12-22T08:46:56+08:00 ] 127.0.0.1 /BOXUEYUANEND1/Public/before/images/radio1.jpg
INFO: [ app_init ] --START--
INFO: Run Behavior\BuildLiteBehavior [ RunTime:0.000023s ]
INFO: [ app_init ] --END-- [ RunTime:0.000569s ]
ERR: 无法加载模块:Public

[ 2016-12-22T08:46:56+08:00 ] 127.0.0.1 /BOXUEYUANEND1/Public/before/images/radio2.jpg
INFO: [ app_init ] --START--
INFO: Run Behavior\BuildLiteBehavior [ RunTime:0.000026s ]
INFO: [ app_init ] --END-- [ RunTime:0.000696s ]
ERR: 无法加载模块:Public

[ 2016-12-22T08:50:31+08:00 ] 127.0.0.1 /BOXUEYUANEND1/Public/before/css/bootstrap.min.css
INFO: [ app_init ] --START--
INFO: Run Behavior\BuildLiteBehavior [ RunTime:0.000041s ]
INFO: [ app_init ] --END-- [ RunTime:0.000936s ]
ERR: 无法加载模块:Public

[ 2016-12-22T08:50:31+08:00 ] 127.0.0.1 /BOXUEYUANEND1/Public/before/js/jquery.2.1.1.min.js
INFO: [ app_init ] --START--
INFO: Run Behavior\BuildLiteBehavior [ RunTime:0.000029s ]
INFO: [ app_init ] --END-- [ RunTime:0.000703s ]
ERR: 无法加载模块:Public

