[ 2016-12-05T15:55:46+08:00 ] 127.0.0.1 /BOXUEYUAN/index.php/WengZong/biekaocelue
INFO: [ app_init ] --START--
INFO: Run Behavior\BuildLiteBehavior [ RunTime:0.000036s ]
INFO: [ app_init ] --END-- [ RunTime:0.001290s ]
ERR: 无法加载模块:WengZong

[ 2016-12-05T15:56:12+08:00 ] 127.0.0.1 /BOXUEYUAN/index.php/WenZong/biekaocelue
INFO: [ app_init ] --START--
INFO: Run Behavior\BuildLiteBehavior [ RunTime:0.000030s ]
INFO: [ app_init ] --END-- [ RunTime:0.000870s ]
ERR: 无法加载模块:WenZong

[ 2016-12-05T15:56:15+08:00 ] 127.0.0.1 /BOXUEYUAN/index.php/WenZong/biekaocelue
INFO: [ app_init ] --START--
INFO: Run Behavior\BuildLiteBehavior [ RunTime:0.000037s ]
INFO: [ app_init ] --END-- [ RunTime:0.001051s ]
ERR: 无法加载模块:WenZong

[ 2016-12-05T15:56:20+08:00 ] 127.0.0.1 /BOXUEYUAN/index.php/WenZong/biekaocelue
INFO: [ app_init ] --START--
INFO: Run Behavior\BuildLiteBehavior [ RunTime:0.000023s ]
INFO: [ app_init ] --END-- [ RunTime:0.000625s ]
ERR: 无法加载模块:WenZong

[ 2016-12-05T15:56:21+08:00 ] 127.0.0.1 /BOXUEYUAN/index.php/WenZong/biekaocelue
INFO: [ app_init ] --START--
INFO: Run Behavior\BuildLiteBehavior [ RunTime:0.000024s ]
INFO: [ app_init ] --END-- [ RunTime:0.000744s ]
ERR: 无法加载模块:WenZong

[ 2016-12-05T15:56:21+08:00 ] 127.0.0.1 /BOXUEYUAN/index.php/WenZong/biekaocelue
INFO: [ app_init ] --START--
INFO: Run Behavior\BuildLiteBehavior [ RunTime:0.000028s ]
INFO: [ app_init ] --END-- [ RunTime:0.000786s ]
ERR: 无法加载模块:WenZong

[ 2016-12-05T15:56:21+08:00 ] 127.0.0.1 /BOXUEYUAN/index.php/WenZong/biekaocelue
INFO: [ app_init ] --START--
INFO: Run Behavior\BuildLiteBehavior [ RunTime:0.000023s ]
INFO: [ app_init ] --END-- [ RunTime:0.000648s ]
ERR: 无法加载模块:WenZong

[ 2016-12-05T15:56:21+08:00 ] 127.0.0.1 /BOXUEYUAN/index.php/WenZong/biekaocelue
INFO: [ app_init ] --START--
INFO: Run Behavior\BuildLiteBehavior [ RunTime:0.000029s ]
INFO: [ app_init ] --END-- [ RunTime:0.000847s ]
ERR: 无法加载模块:WenZong

[ 2016-12-05T15:56:58+08:00 ] 127.0.0.1 /BOXUEYUAN/index.php/WenZong
INFO: [ app_init ] --START--
INFO: Run Behavior\BuildLiteBehavior [ RunTime:0.000022s ]
INFO: [ app_init ] --END-- [ RunTime:0.000598s ]
ERR: 无法加载模块:WenZong

[ 2016-12-05T15:57:13+08:00 ] 127.0.0.1 /BOXUEYUAN/index.php/WenZong/biekaocelue
INFO: [ app_init ] --START--
INFO: Run Behavior\BuildLiteBehavior [ RunTime:0.000022s ]
INFO: [ app_init ] --END-- [ RunTime:0.000666s ]
ERR: 无法加载模块:WenZong

[ 2016-12-05T15:57:21+08:00 ] 127.0.0.1 /BOXUEYUAN/index.php/WenZong/biekaocelue.html
INFO: [ app_init ] --START--
INFO: Run Behavior\BuildLiteBehavior [ RunTime:0.000029s ]
INFO: [ app_init ] --END-- [ RunTime:0.000789s ]
ERR: 无法加载模块:WenZong

[ 2016-12-05T15:57:23+08:00 ] 127.0.0.1 /BOXUEYUAN/index.php/WenZong/biekaocelue.html
INFO: [ app_init ] --START--
INFO: Run Behavior\BuildLiteBehavior [ RunTime:0.000035s ]
INFO: [ app_init ] --END-- [ RunTime:0.001100s ]
ERR: 无法加载模块:WenZong

[ 2016-12-05T15:59:57+08:00 ] 127.0.0.1 /BOXUEYUAN/index.php/WenZong/biekaocelue.html
INFO: [ app_init ] --START--
INFO: Run Behavior\BuildLiteBehavior [ RunTime:0.000041s ]
INFO: [ app_init ] --END-- [ RunTime:0.001193s ]
ERR: 无法加载模块:WenZong

[ 2016-12-05T15:59:58+08:00 ] 127.0.0.1 /BOXUEYUAN/index.php/WenZong/biekaocelue.html
INFO: [ app_init ] --START--
INFO: Run Behavior\BuildLiteBehavior [ RunTime:0.000035s ]
INFO: [ app_init ] --END-- [ RunTime:0.000830s ]
ERR: 无法加载模块:WenZong

[ 2016-12-05T15:59:58+08:00 ] 127.0.0.1 /BOXUEYUAN/index.php/WenZong/biekaocelue.html
INFO: [ app_init ] --START--
INFO: Run Behavior\BuildLiteBehavior [ RunTime:0.000022s ]
INFO: [ app_init ] --END-- [ RunTime:0.000592s ]
ERR: 无法加载模块:WenZong

[ 2016-12-05T15:59:59+08:00 ] 127.0.0.1 /BOXUEYUAN/index.php/WenZong/biekaocelue.html
INFO: [ app_init ] --START--
INFO: Run Behavior\BuildLiteBehavior [ RunTime:0.000027s ]
INFO: [ app_init ] --END-- [ RunTime:0.000686s ]
ERR: 无法加载模块:WenZong

[ 2016-12-05T16:00:00+08:00 ] 127.0.0.1 /BOXUEYUAN/index.php/WenZong/biekaocelue.html
INFO: [ app_init ] --START--
INFO: Run Behavior\BuildLiteBehavior [ RunTime:0.000023s ]
INFO: [ app_init ] --END-- [ RunTime:0.000694s ]
ERR: 无法加载模块:WenZong

[ 2016-12-05T16:02:07+08:00 ] 127.0.0.1 /BOXUEYUAN/index.php/WenZong/biekaocelue.html
INFO: [ app_init ] --START--
INFO: Run Behavior\BuildLiteBehavior [ RunTime:0.000034s ]
INFO: [ app_init ] --END-- [ RunTime:0.001000s ]
ERR: 无法加载模块:WenZong

[ 2016-12-05T16:02:13+08:00 ] 127.0.0.1 /BOXUEYUAN/index.php/WenZong/
INFO: [ app_init ] --START--
INFO: Run Behavior\BuildLiteBehavior [ RunTime:0.000037s ]
INFO: [ app_init ] --END-- [ RunTime:0.001033s ]
ERR: 无法加载模块:WenZong

[ 2016-12-05T16:02:29+08:00 ] 127.0.0.1 /BOXUEYUAN/index.php/WenZong
INFO: [ app_init ] --START--
INFO: Run Behavior\BuildLiteBehavior [ RunTime:0.000028s ]
INFO: [ app_init ] --END-- [ RunTime:0.001535s ]
ERR: 无法加载模块:WenZong

[ 2016-12-05T16:02:39+08:00 ] 127.0.0.1 /BOXUEYUAN/index.php/WenZong
INFO: [ app_init ] --START--
INFO: Run Behavior\BuildLiteBehavior [ RunTime:0.000060s ]
INFO: [ app_init ] --END-- [ RunTime:0.001094s ]
ERR: 无法加载模块:WenZong

