[ 2016-12-27T10:53:21+08:00 ] 127.0.0.1 /BOXUEYUANEND--double/index.php/Admin/login/login
INFO: [ app_init ] --START--
INFO: Run Behavior\BuildLiteBehavior [ RunTime:0.000024s ]
INFO: [ app_init ] --END-- [ RunTime:0.005657s ]
INFO: [ app_begin ] --START--
INFO: Run Behavior\ReadHtmlCacheBehavior [ RunTime:0.022974s ]
INFO: [ app_begin ] --END-- [ RunTime:0.023097s ]
INFO: [ view_parse ] --START--
INFO: [ template_filter ] --START--
INFO: Run Behavior\ContentReplaceBehavior [ RunTime:0.025859s ]
INFO: [ template_filter ] --END-- [ RunTime:0.025994s ]
INFO: Run Behavior\ParseTemplateBehavior [ RunTime:0.189923s ]
INFO: [ view_parse ] --END-- [ RunTime:0.190093s ]
INFO: [ view_filter ] --START--
INFO: Run Behavior\WriteHtmlCacheBehavior [ RunTime:0.010785s ]
INFO: [ view_filter ] --END-- [ RunTime:0.010885s ]
INFO: [ app_end ] --START--
INFO: Run Behavior\ShowPageTraceBehavior [ RunTime:0.001760s ]
INFO: [ app_end ] --END-- [ RunTime:0.001851s ]

[ 2016-12-27T10:54:10+08:00 ] 127.0.0.1 /BOXUEYUANEND--double/index.php/Admin/login/login
INFO: [ app_init ] --START--
INFO: Run Behavior\BuildLiteBehavior [ RunTime:0.000036s ]
INFO: [ app_init ] --END-- [ RunTime:0.001415s ]
INFO: [ app_begin ] --START--
INFO: Run Behavior\ReadHtmlCacheBehavior [ RunTime:0.001769s ]
INFO: [ app_begin ] --END-- [ RunTime:0.001953s ]
SQL: SHOW COLUMNS FROM `administrator` [ RunTime:1.4034s ]
SQL: SELECT COUNT(*) AS tp_count FROM `administrator` WHERE `username` = 'admin' AND `password` = '111111' LIMIT 1   [ RunTime:0.6355s ]
INFO: [ view_parse ] --START--
INFO: [ template_filter ] --START--
INFO: Run Behavior\ContentReplaceBehavior [ RunTime:0.000073s ]
INFO: [ template_filter ] --END-- [ RunTime:0.000182s ]
INFO: Run Behavior\ParseTemplateBehavior [ RunTime:0.186822s ]
INFO: [ view_parse ] --END-- [ RunTime:0.186979s ]
INFO: [ view_filter ] --START--
INFO: Run Behavior\WriteHtmlCacheBehavior [ RunTime:0.001648s ]
INFO: [ view_filter ] --END-- [ RunTime:0.001799s ]
INFO: [ app_end ] --START--
INFO: Run Behavior\ShowPageTraceBehavior [ RunTime:0.002206s ]
INFO: [ app_end ] --END-- [ RunTime:0.002402s ]

[ 2016-12-27T10:54:12+08:00 ] 127.0.0.1 /BOXUEYUANEND--double/index.php/Admin/Index/index.html
INFO: [ app_init ] --START--
INFO: Run Behavior\BuildLiteBehavior [ RunTime:0.000037s ]
INFO: [ app_init ] --END-- [ RunTime:0.001147s ]
INFO: [ app_begin ] --START--
INFO: Run Behavior\ReadHtmlCacheBehavior [ RunTime:0.001485s ]
INFO: [ app_begin ] --END-- [ RunTime:0.001633s ]
INFO: [ view_parse ] --START--
INFO: [ template_filter ] --START--
INFO: Run Behavior\ContentReplaceBehavior [ RunTime:0.000135s ]
INFO: [ template_filter ] --END-- [ RunTime:0.000239s ]
INFO: Run Behavior\ParseTemplateBehavior [ RunTime:0.569833s ]
INFO: [ view_parse ] --END-- [ RunTime:0.569956s ]
INFO: [ view_filter ] --START--
INFO: Run Behavior\WriteHtmlCacheBehavior [ RunTime:0.000606s ]
INFO: [ view_filter ] --END-- [ RunTime:0.000688s ]
INFO: [ app_end ] --START--
INFO: Run Behavior\ShowPageTraceBehavior [ RunTime:0.001011s ]
INFO: [ app_end ] --END-- [ RunTime:0.001094s ]

[ 2016-12-27T19:56:41+08:00 ] 127.0.0.1 /BOXUEYUANEND--double/index.php/Admin/login/login
INFO: [ app_init ] --START--
INFO: Run Behavior\BuildLiteBehavior [ RunTime:0.000026s ]
INFO: [ app_init ] --END-- [ RunTime:0.001083s ]
INFO: [ app_begin ] --START--
INFO: Run Behavior\ReadHtmlCacheBehavior [ RunTime:0.004101s ]
INFO: [ app_begin ] --END-- [ RunTime:0.004376s ]
INFO: [ view_parse ] --START--
INFO: [ template_filter ] --START--
INFO: Run Behavior\ContentReplaceBehavior [ RunTime:0.000095s ]
INFO: [ template_filter ] --END-- [ RunTime:0.000223s ]
INFO: Run Behavior\ParseTemplateBehavior [ RunTime:0.064752s ]
INFO: [ view_parse ] --END-- [ RunTime:0.064987s ]
INFO: [ view_filter ] --START--
INFO: Run Behavior\WriteHtmlCacheBehavior [ RunTime:0.001322s ]
INFO: [ view_filter ] --END-- [ RunTime:0.001407s ]
INFO: [ app_end ] --START--
INFO: Run Behavior\ShowPageTraceBehavior [ RunTime:0.001943s ]
INFO: [ app_end ] --END-- [ RunTime:0.002040s ]

[ 2016-12-27T19:56:47+08:00 ] 127.0.0.1 /BOXUEYUANEND--double/index.php/Admin/login/login
INFO: [ app_init ] --START--
INFO: Run Behavior\BuildLiteBehavior [ RunTime:0.000023s ]
INFO: [ app_init ] --END-- [ RunTime:0.000917s ]
INFO: [ app_begin ] --START--
INFO: Run Behavior\ReadHtmlCacheBehavior [ RunTime:0.000985s ]
INFO: [ app_begin ] --END-- [ RunTime:0.001083s ]
SQL: SHOW COLUMNS FROM `administrator` [ RunTime:0.0617s ]
SQL: SELECT COUNT(*) AS tp_count FROM `administrator` WHERE `username` = 'admin' AND `password` = '111111' LIMIT 1   [ RunTime:0.0208s ]
INFO: [ view_parse ] --START--
INFO: [ template_filter ] --START--
INFO: Run Behavior\ContentReplaceBehavior [ RunTime:0.000069s ]
INFO: [ template_filter ] --END-- [ RunTime:0.000168s ]
INFO: Run Behavior\ParseTemplateBehavior [ RunTime:0.056568s ]
INFO: [ view_parse ] --END-- [ RunTime:0.056694s ]
INFO: [ view_filter ] --START--
INFO: Run Behavior\WriteHtmlCacheBehavior [ RunTime:0.001280s ]
INFO: [ view_filter ] --END-- [ RunTime:0.001363s ]
INFO: [ app_end ] --START--
INFO: Run Behavior\ShowPageTraceBehavior [ RunTime:0.002270s ]
INFO: [ app_end ] --END-- [ RunTime:0.002371s ]

[ 2016-12-27T19:56:48+08:00 ] 127.0.0.1 /BOXUEYUANEND--double/index.php/Admin/Index/index.html
INFO: [ app_init ] --START--
INFO: Run Behavior\BuildLiteBehavior [ RunTime:0.000023s ]
INFO: [ app_init ] --END-- [ RunTime:0.000965s ]
INFO: [ app_begin ] --START--
INFO: Run Behavior\ReadHtmlCacheBehavior [ RunTime:0.001196s ]
INFO: [ app_begin ] --END-- [ RunTime:0.001337s ]
INFO: [ view_parse ] --START--
INFO: [ template_filter ] --START--
INFO: Run Behavior\ContentReplaceBehavior [ RunTime:0.000134s ]
INFO: [ template_filter ] --END-- [ RunTime:0.000241s ]
INFO: Run Behavior\ParseTemplateBehavior [ RunTime:0.048868s ]
INFO: [ view_parse ] --END-- [ RunTime:0.048991s ]
INFO: [ view_filter ] --START--
INFO: Run Behavior\WriteHtmlCacheBehavior [ RunTime:0.001407s ]
INFO: [ view_filter ] --END-- [ RunTime:0.001498s ]
INFO: [ app_end ] --START--
INFO: Run Behavior\ShowPageTraceBehavior [ RunTime:0.001807s ]
INFO: [ app_end ] --END-- [ RunTime:0.001893s ]

[ 2016-12-27T19:56:53+08:00 ] 127.0.0.1 /BOXUEYUANEND--double/index.php/Admin/Admin/all
INFO: [ app_init ] --START--
INFO: Run Behavior\BuildLiteBehavior [ RunTime:0.000036s ]
INFO: [ app_init ] --END-- [ RunTime:0.001504s ]
INFO: [ app_begin ] --START--
INFO: Run Behavior\ReadHtmlCacheBehavior [ RunTime:0.001039s ]
INFO: [ app_begin ] --END-- [ RunTime:0.001145s ]
SQL: SHOW COLUMNS FROM `administrator` [ RunTime:0.0544s ]
SQL: SELECT COUNT(*) AS tp_count FROM `administrator` LIMIT 1   [ RunTime:0.0010s ]
NOTIC: [8] Undefined variable: row D:\HTML5\apaqi\htdocs\BOXUEYUANEND--double\Application\Admin\Controller\AdminController.class.php 第 18 行.
SQL: SELECT * FROM `administrator` ORDER BY gid asc LIMIT 0,9   [ RunTime:0.0011s ]
INFO: [ view_parse ] --START--
INFO: [ template_filter ] --START--
INFO: Run Behavior\ContentReplaceBehavior [ RunTime:0.000147s ]
INFO: [ template_filter ] --END-- [ RunTime:0.000249s ]
INFO: Run Behavior\ParseTemplateBehavior [ RunTime:0.057525s ]
INFO: [ view_parse ] --END-- [ RunTime:0.057700s ]
INFO: [ view_filter ] --START--
INFO: Run Behavior\WriteHtmlCacheBehavior [ RunTime:0.002429s ]
INFO: [ view_filter ] --END-- [ RunTime:0.002558s ]
INFO: [ app_end ] --START--
INFO: Run Behavior\ShowPageTraceBehavior [ RunTime:0.003985s ]
INFO: [ app_end ] --END-- [ RunTime:0.004178s ]

[ 2016-12-27T19:56:58+08:00 ] 127.0.0.1 /BOXUEYUANEND--double/index.php/Admin/admin/add.html
INFO: [ app_init ] --START--
INFO: Run Behavior\BuildLiteBehavior [ RunTime:0.000023s ]
INFO: [ app_init ] --END-- [ RunTime:0.000953s ]
INFO: [ app_begin ] --START--
INFO: Run Behavior\ReadHtmlCacheBehavior [ RunTime:0.000981s ]
INFO: [ app_begin ] --END-- [ RunTime:0.001082s ]
INFO: [ view_parse ] --START--
INFO: [ template_filter ] --START--
INFO: Run Behavior\ContentReplaceBehavior [ RunTime:0.000147s ]
INFO: [ template_filter ] --END-- [ RunTime:0.000253s ]
INFO: Run Behavior\ParseTemplateBehavior [ RunTime:0.057702s ]
INFO: [ view_parse ] --END-- [ RunTime:0.057813s ]
INFO: [ view_filter ] --START--
INFO: Run Behavior\WriteHtmlCacheBehavior [ RunTime:0.001334s ]
INFO: [ view_filter ] --END-- [ RunTime:0.001432s ]
INFO: [ app_end ] --START--
INFO: Run Behavior\ShowPageTraceBehavior [ RunTime:0.002643s ]
INFO: [ app_end ] --END-- [ RunTime:0.002783s ]

[ 2016-12-27T19:57:10+08:00 ] 127.0.0.1 /BOXUEYUANEND--double/index.php/Admin/admin/add.html
INFO: [ app_init ] --START--
INFO: Run Behavior\BuildLiteBehavior [ RunTime:0.000023s ]
INFO: [ app_init ] --END-- [ RunTime:0.000925s ]
INFO: [ app_begin ] --START--
INFO: Run Behavior\ReadHtmlCacheBehavior [ RunTime:0.001448s ]
INFO: [ app_begin ] --END-- [ RunTime:0.001546s ]
SQL: SHOW COLUMNS FROM `administrator` [ RunTime:0.0265s ]
NOTIC: [8] Undefined index: validate D:\HTML5\apaqi\htdocs\BOXUEYUANEND--double\ThinkPHP\Library\Think\Model.class.php 第 1185 行.
SQL: SELECT * FROM `administrator` WHERE `username` = '12' LIMIT 1   [ RunTime:0.0013s ]
NOTIC: [8] Undefined index: auto D:\HTML5\apaqi\htdocs\BOXUEYUANEND--double\ThinkPHP\Library\Think\Model.class.php 第 1128 行.
SQL: INSERT INTO `administrator` (`phone`,`email`,`password`,`username`,`registertime`,`lasttime`) VALUES ('15230109112','2918535608@qq.com','111111','12','2016-12-27 19:57:10','2016-12-27 19:57:10') [ RunTime:0.0898s ]
SQL: SELECT COUNT(*) AS tp_count FROM `administrator` LIMIT 1   [ RunTime:0.0017s ]
INFO: [ view_parse ] --START--
INFO: [ template_filter ] --START--
INFO: Run Behavior\ContentReplaceBehavior [ RunTime:0.000071s ]
INFO: [ template_filter ] --END-- [ RunTime:0.000170s ]
INFO: Run Behavior\ParseTemplateBehavior [ RunTime:0.027712s ]
INFO: [ view_parse ] --END-- [ RunTime:0.027925s ]
INFO: [ view_filter ] --START--
INFO: Run Behavior\WriteHtmlCacheBehavior [ RunTime:0.001069s ]
INFO: [ view_filter ] --END-- [ RunTime:0.001180s ]
INFO: [ app_end ] --START--
INFO: Run Behavior\ShowPageTraceBehavior [ RunTime:0.002239s ]
INFO: [ app_end ] --END-- [ RunTime:0.002394s ]

[ 2016-12-27T19:57:12+08:00 ] 127.0.0.1 /BOXUEYUANEND--double/index.php/Admin/admin/all.html
INFO: [ app_init ] --START--
INFO: Run Behavior\BuildLiteBehavior [ RunTime:0.000071s ]
INFO: [ app_init ] --END-- [ RunTime:0.000979s ]
INFO: [ app_begin ] --START--
INFO: Run Behavior\ReadHtmlCacheBehavior [ RunTime:0.000981s ]
INFO: [ app_begin ] --END-- [ RunTime:0.001074s ]
SQL: SHOW COLUMNS FROM `administrator` [ RunTime:0.0231s ]
SQL: SELECT COUNT(*) AS tp_count FROM `administrator` LIMIT 1   [ RunTime:0.0009s ]
NOTIC: [8] Undefined variable: row D:\HTML5\apaqi\htdocs\BOXUEYUANEND--double\Application\Admin\Controller\AdminController.class.php 第 18 行.
SQL: SELECT * FROM `administrator` ORDER BY gid asc LIMIT 0,9   [ RunTime:0.0010s ]
INFO: [ view_parse ] --START--
INFO: [ template_filter ] --START--
INFO: Run Behavior\ContentReplaceBehavior [ RunTime:0.000147s ]
INFO: [ template_filter ] --END-- [ RunTime:0.000240s ]
INFO: Run Behavior\ParseTemplateBehavior [ RunTime:0.017955s ]
INFO: [ view_parse ] --END-- [ RunTime:0.018059s ]
INFO: [ view_filter ] --START--
INFO: Run Behavior\WriteHtmlCacheBehavior [ RunTime:0.000607s ]
INFO: [ view_filter ] --END-- [ RunTime:0.000690s ]
INFO: [ app_end ] --START--
INFO: Run Behavior\ShowPageTraceBehavior [ RunTime:0.001530s ]
INFO: [ app_end ] --END-- [ RunTime:0.001664s ]

[ 2016-12-27T19:57:17+08:00 ] 127.0.0.1 /BOXUEYUANEND--double/index.php/Admin/admin/delete/administratorId/7
INFO: [ app_init ] --START--
INFO: Run Behavior\BuildLiteBehavior [ RunTime:0.000025s ]
INFO: [ app_init ] --END-- [ RunTime:0.000818s ]
INFO: [ app_begin ] --START--
INFO: Run Behavior\ReadHtmlCacheBehavior [ RunTime:0.001016s ]
INFO: [ app_begin ] --END-- [ RunTime:0.001114s ]
SQL: SHOW COLUMNS FROM `administrator` [ RunTime:0.0220s ]
SQL: DELETE FROM `administrator` WHERE `Gid` = 7 [ RunTime:0.1560s ]
INFO: [ view_parse ] --START--
INFO: [ template_filter ] --START--
INFO: Run Behavior\ContentReplaceBehavior [ RunTime:0.000113s ]
INFO: [ template_filter ] --END-- [ RunTime:0.000265s ]
INFO: Run Behavior\ParseTemplateBehavior [ RunTime:0.014611s ]
INFO: [ view_parse ] --END-- [ RunTime:0.014749s ]
INFO: [ view_filter ] --START--
INFO: Run Behavior\WriteHtmlCacheBehavior [ RunTime:0.000657s ]
INFO: [ view_filter ] --END-- [ RunTime:0.000754s ]
INFO: [ app_end ] --START--
INFO: Run Behavior\ShowPageTraceBehavior [ RunTime:0.001493s ]
INFO: [ app_end ] --END-- [ RunTime:0.001594s ]

[ 2016-12-27T19:57:19+08:00 ] 127.0.0.1 /BOXUEYUANEND--double/index.php/Admin/admin/all.html
INFO: [ app_init ] --START--
INFO: Run Behavior\BuildLiteBehavior [ RunTime:0.000031s ]
INFO: [ app_init ] --END-- [ RunTime:0.000776s ]
INFO: [ app_begin ] --START--
INFO: Run Behavior\ReadHtmlCacheBehavior [ RunTime:0.000996s ]
INFO: [ app_begin ] --END-- [ RunTime:0.001090s ]
SQL: SHOW COLUMNS FROM `administrator` [ RunTime:0.0663s ]
SQL: SELECT COUNT(*) AS tp_count FROM `administrator` LIMIT 1   [ RunTime:0.0011s ]
NOTIC: [8] Undefined variable: row D:\HTML5\apaqi\htdocs\BOXUEYUANEND--double\Application\Admin\Controller\AdminController.class.php 第 18 行.
SQL: SELECT * FROM `administrator` ORDER BY gid asc LIMIT 0,9   [ RunTime:0.0009s ]
INFO: [ view_parse ] --START--
INFO: [ template_filter ] --START--
INFO: Run Behavior\ContentReplaceBehavior [ RunTime:0.000145s ]
INFO: [ template_filter ] --END-- [ RunTime:0.000242s ]
INFO: Run Behavior\ParseTemplateBehavior [ RunTime:0.017237s ]
INFO: [ view_parse ] --END-- [ RunTime:0.017338s ]
INFO: [ view_filter ] --START--
INFO: Run Behavior\WriteHtmlCacheBehavior [ RunTime:0.000598s ]
INFO: [ view_filter ] --END-- [ RunTime:0.000678s ]
INFO: [ app_end ] --START--
INFO: Run Behavior\ShowPageTraceBehavior [ RunTime:0.001541s ]
INFO: [ app_end ] --END-- [ RunTime:0.001679s ]

[ 2016-12-27T19:57:21+08:00 ] 127.0.0.1 /BOXUEYUANEND--double/index.php/Admin/admin/add.html
INFO: [ app_init ] --START--
INFO: Run Behavior\BuildLiteBehavior [ RunTime:0.000023s ]
INFO: [ app_init ] --END-- [ RunTime:0.000756s ]
INFO: [ app_begin ] --START--
INFO: Run Behavior\ReadHtmlCacheBehavior [ RunTime:0.001266s ]
INFO: [ app_begin ] --END-- [ RunTime:0.001375s ]
INFO: [ view_parse ] --START--
INFO: [ template_filter ] --START--
INFO: Run Behavior\ContentReplaceBehavior [ RunTime:0.000145s ]
INFO: [ template_filter ] --END-- [ RunTime:0.000251s ]
INFO: Run Behavior\ParseTemplateBehavior [ RunTime:0.032050s ]
INFO: [ view_parse ] --END-- [ RunTime:0.032164s ]
INFO: [ view_filter ] --START--
INFO: Run Behavior\WriteHtmlCacheBehavior [ RunTime:0.000790s ]
INFO: [ view_filter ] --END-- [ RunTime:0.000875s ]
INFO: [ app_end ] --START--
INFO: Run Behavior\ShowPageTraceBehavior [ RunTime:0.002297s ]
INFO: [ app_end ] --END-- [ RunTime:0.002458s ]

[ 2016-12-27T19:57:36+08:00 ] 127.0.0.1 /BOXUEYUANEND--double/index.php/Admin/admin/add.html
INFO: [ app_init ] --START--
INFO: Run Behavior\BuildLiteBehavior [ RunTime:0.000023s ]
INFO: [ app_init ] --END-- [ RunTime:0.000741s ]
INFO: [ app_begin ] --START--
INFO: Run Behavior\ReadHtmlCacheBehavior [ RunTime:0.001132s ]
INFO: [ app_begin ] --END-- [ RunTime:0.001241s ]
SQL: SHOW COLUMNS FROM `administrator` [ RunTime:0.0273s ]
NOTIC: [8] Undefined index: validate D:\HTML5\apaqi\htdocs\BOXUEYUANEND--double\ThinkPHP\Library\Think\Model.class.php 第 1185 行.
SQL: SELECT * FROM `administrator` WHERE `username` = 'xu11111' LIMIT 1   [ RunTime:0.0014s ]
NOTIC: [8] Undefined index: auto D:\HTML5\apaqi\htdocs\BOXUEYUANEND--double\ThinkPHP\Library\Think\Model.class.php 第 1128 行.
SQL: INSERT INTO `administrator` (`phone`,`email`,`password`,`username`,`registertime`,`lasttime`) VALUES ('15230109112','2918535608@qq.com','111111','xu11111','2016-12-27 19:57:36','2016-12-27 19:57:36') [ RunTime:0.0629s ]
SQL: SELECT COUNT(*) AS tp_count FROM `administrator` LIMIT 1   [ RunTime:0.0023s ]
INFO: [ view_parse ] --START--
INFO: [ template_filter ] --START--
INFO: Run Behavior\ContentReplaceBehavior [ RunTime:0.000201s ]
INFO: [ template_filter ] --END-- [ RunTime:0.000476s ]
INFO: Run Behavior\ParseTemplateBehavior [ RunTime:0.025571s ]
INFO: [ view_parse ] --END-- [ RunTime:0.025795s ]
INFO: [ view_filter ] --START--
INFO: Run Behavior\WriteHtmlCacheBehavior [ RunTime:0.000608s ]
INFO: [ view_filter ] --END-- [ RunTime:0.000686s ]
INFO: [ app_end ] --START--
INFO: Run Behavior\ShowPageTraceBehavior [ RunTime:0.001082s ]
INFO: [ app_end ] --END-- [ RunTime:0.001168s ]

[ 2016-12-27T19:57:38+08:00 ] 127.0.0.1 /BOXUEYUANEND--double/index.php/Admin/admin/all.html
INFO: [ app_init ] --START--
INFO: Run Behavior\BuildLiteBehavior [ RunTime:0.000022s ]
INFO: [ app_init ] --END-- [ RunTime:0.000754s ]
INFO: [ app_begin ] --START--
INFO: Run Behavior\ReadHtmlCacheBehavior [ RunTime:0.000981s ]
INFO: [ app_begin ] --END-- [ RunTime:0.001072s ]
SQL: SHOW COLUMNS FROM `administrator` [ RunTime:0.0251s ]
SQL: SELECT COUNT(*) AS tp_count FROM `administrator` LIMIT 1   [ RunTime:0.0013s ]
NOTIC: [8] Undefined variable: row D:\HTML5\apaqi\htdocs\BOXUEYUANEND--double\Application\Admin\Controller\AdminController.class.php 第 18 行.
SQL: SELECT * FROM `administrator` ORDER BY gid asc LIMIT 0,9   [ RunTime:0.0013s ]
INFO: [ view_parse ] --START--
INFO: [ template_filter ] --START--
INFO: Run Behavior\ContentReplaceBehavior [ RunTime:0.000147s ]
INFO: [ template_filter ] --END-- [ RunTime:0.000245s ]
INFO: Run Behavior\ParseTemplateBehavior [ RunTime:0.019182s ]
INFO: [ view_parse ] --END-- [ RunTime:0.019289s ]
INFO: [ view_filter ] --START--
INFO: Run Behavior\WriteHtmlCacheBehavior [ RunTime:0.000591s ]
INFO: [ view_filter ] --END-- [ RunTime:0.000672s ]
INFO: [ app_end ] --START--
INFO: Run Behavior\ShowPageTraceBehavior [ RunTime:0.001381s ]
INFO: [ app_end ] --END-- [ RunTime:0.001490s ]

[ 2016-12-27T19:57:43+08:00 ] 127.0.0.1 /BOXUEYUANEND--double/index.php/Admin/admin/delete?administratorId%5B%5D=3&administratorId%5B%5D=8
INFO: [ app_init ] --START--
INFO: Run Behavior\BuildLiteBehavior [ RunTime:0.000023s ]
INFO: [ app_init ] --END-- [ RunTime:0.000752s ]
INFO: [ app_begin ] --START--
INFO: Run Behavior\ReadHtmlCacheBehavior [ RunTime:0.000989s ]
INFO: [ app_begin ] --END-- [ RunTime:0.001092s ]
SQL: SHOW COLUMNS FROM `administrator` [ RunTime:0.0451s ]
SQL: DELETE FROM `administrator` WHERE `Gid` = 3 [ RunTime:0.1271s ]
SQL: DELETE FROM `administrator` WHERE `Gid` = 8 [ RunTime:0.0580s ]
INFO: [ view_parse ] --START--
INFO: [ template_filter ] --START--
INFO: Run Behavior\ContentReplaceBehavior [ RunTime:0.000080s ]
INFO: [ template_filter ] --END-- [ RunTime:0.000179s ]
INFO: Run Behavior\ParseTemplateBehavior [ RunTime:0.012253s ]
INFO: [ view_parse ] --END-- [ RunTime:0.012380s ]
INFO: [ view_filter ] --START--
INFO: Run Behavior\WriteHtmlCacheBehavior [ RunTime:0.000608s ]
INFO: [ view_filter ] --END-- [ RunTime:0.000690s ]
INFO: [ app_end ] --START--
INFO: Run Behavior\ShowPageTraceBehavior [ RunTime:0.001086s ]
INFO: [ app_end ] --END-- [ RunTime:0.001173s ]

[ 2016-12-27T19:57:46+08:00 ] 127.0.0.1 /BOXUEYUANEND--double/index.php/Admin/admin/all.html
INFO: [ app_init ] --START--
INFO: Run Behavior\BuildLiteBehavior [ RunTime:0.000024s ]
INFO: [ app_init ] --END-- [ RunTime:0.000968s ]
INFO: [ app_begin ] --START--
INFO: Run Behavior\ReadHtmlCacheBehavior [ RunTime:0.001085s ]
INFO: [ app_begin ] --END-- [ RunTime:0.001187s ]
SQL: SHOW COLUMNS FROM `administrator` [ RunTime:0.0266s ]
SQL: SELECT COUNT(*) AS tp_count FROM `administrator` LIMIT 1   [ RunTime:0.0011s ]
NOTIC: [8] Undefined variable: row D:\HTML5\apaqi\htdocs\BOXUEYUANEND--double\Application\Admin\Controller\AdminController.class.php 第 18 行.
SQL: SELECT * FROM `administrator` ORDER BY gid asc LIMIT 0,9   [ RunTime:0.0013s ]
INFO: [ view_parse ] --START--
INFO: [ template_filter ] --START--
INFO: Run Behavior\ContentReplaceBehavior [ RunTime:0.000148s ]
INFO: [ template_filter ] --END-- [ RunTime:0.000244s ]
INFO: Run Behavior\ParseTemplateBehavior [ RunTime:0.018460s ]
INFO: [ view_parse ] --END-- [ RunTime:0.018572s ]
INFO: [ view_filter ] --START--
INFO: Run Behavior\WriteHtmlCacheBehavior [ RunTime:0.000642s ]
INFO: [ view_filter ] --END-- [ RunTime:0.000729s ]
INFO: [ app_end ] --START--
INFO: Run Behavior\ShowPageTraceBehavior [ RunTime:0.001486s ]
INFO: [ app_end ] --END-- [ RunTime:0.001630s ]

[ 2016-12-27T19:57:50+08:00 ] 127.0.0.1 /BOXUEYUANEND--double/index.php/Admin/Teacher/teacher_add
INFO: [ app_init ] --START--
INFO: Run Behavior\BuildLiteBehavior [ RunTime:0.000023s ]
INFO: [ app_init ] --END-- [ RunTime:0.000762s ]
INFO: [ app_begin ] --START--
INFO: Run Behavior\ReadHtmlCacheBehavior [ RunTime:0.000976s ]
INFO: [ app_begin ] --END-- [ RunTime:0.001069s ]
INFO: [ view_parse ] --START--
INFO: [ template_filter ] --START--
INFO: Run Behavior\ContentReplaceBehavior [ RunTime:0.000146s ]
INFO: [ template_filter ] --END-- [ RunTime:0.000244s ]
INFO: Run Behavior\ParseTemplateBehavior [ RunTime:0.051844s ]
INFO: [ view_parse ] --END-- [ RunTime:0.051966s ]
INFO: [ view_filter ] --START--
INFO: Run Behavior\WriteHtmlCacheBehavior [ RunTime:0.000583s ]
INFO: [ view_filter ] --END-- [ RunTime:0.000675s ]
INFO: [ app_end ] --START--
INFO: Run Behavior\ShowPageTraceBehavior [ RunTime:0.001660s ]
INFO: [ app_end ] --END-- [ RunTime:0.001800s ]

[ 2016-12-27T19:57:52+08:00 ] 127.0.0.1 /BOXUEYUANEND--double/index.php/Admin/Teacher/teacher_all
INFO: [ app_init ] --START--
INFO: Run Behavior\BuildLiteBehavior [ RunTime:0.000023s ]
INFO: [ app_init ] --END-- [ RunTime:0.000778s ]
INFO: [ app_begin ] --START--
INFO: Run Behavior\ReadHtmlCacheBehavior [ RunTime:0.001585s ]
INFO: [ app_begin ] --END-- [ RunTime:0.001821s ]
SQL: SHOW COLUMNS FROM `teacher` [ RunTime:0.0258s ]
SQL: SELECT COUNT(*) AS tp_count FROM `teacher` LIMIT 1   [ RunTime:0.0012s ]
NOTIC: [8] Undefined variable: row D:\HTML5\apaqi\htdocs\BOXUEYUANEND--double\Application\Admin\Controller\TeacherController.class.php 第 57 行.
SQL: SELECT * FROM `teacher` ORDER BY tid asc LIMIT 0,9   [ RunTime:0.0026s ]
INFO: [ view_parse ] --START--
INFO: [ template_filter ] --START--
INFO: Run Behavior\ContentReplaceBehavior [ RunTime:0.000161s ]
INFO: [ template_filter ] --END-- [ RunTime:0.000262s ]
INFO: Run Behavior\ParseTemplateBehavior [ RunTime:0.045579s ]
INFO: [ view_parse ] --END-- [ RunTime:0.045711s ]
INFO: [ view_filter ] --START--
INFO: Run Behavior\WriteHtmlCacheBehavior [ RunTime:0.000794s ]
INFO: [ view_filter ] --END-- [ RunTime:0.000880s ]
INFO: [ app_end ] --START--
INFO: Run Behavior\ShowPageTraceBehavior [ RunTime:0.001672s ]
INFO: [ app_end ] --END-- [ RunTime:0.001849s ]

[ 2016-12-27T19:57:54+08:00 ] 127.0.0.1 /BOXUEYUANEND--double/index.php/Admin/Teacher/teacher_add
INFO: [ app_init ] --START--
INFO: Run Behavior\BuildLiteBehavior [ RunTime:0.000023s ]
INFO: [ app_init ] --END-- [ RunTime:0.000773s ]
INFO: [ app_begin ] --START--
INFO: Run Behavior\ReadHtmlCacheBehavior [ RunTime:0.001001s ]
INFO: [ app_begin ] --END-- [ RunTime:0.001096s ]
INFO: [ view_parse ] --START--
INFO: [ template_filter ] --START--
INFO: Run Behavior\ContentReplaceBehavior [ RunTime:0.000155s ]
INFO: [ template_filter ] --END-- [ RunTime:0.000262s ]
INFO: Run Behavior\ParseTemplateBehavior [ RunTime:0.014862s ]
INFO: [ view_parse ] --END-- [ RunTime:0.014968s ]
INFO: [ view_filter ] --START--
INFO: Run Behavior\WriteHtmlCacheBehavior [ RunTime:0.000589s ]
INFO: [ view_filter ] --END-- [ RunTime:0.000670s ]
INFO: [ app_end ] --START--
INFO: Run Behavior\ShowPageTraceBehavior [ RunTime:0.002885s ]
INFO: [ app_end ] --END-- [ RunTime:0.003086s ]

[ 2016-12-27T19:57:56+08:00 ] 127.0.0.1 /BOXUEYUANEND--double/index.php/Admin/video/video_all
INFO: [ app_init ] --START--
INFO: Run Behavior\BuildLiteBehavior [ RunTime:0.000024s ]
INFO: [ app_init ] --END-- [ RunTime:0.000856s ]
INFO: [ app_begin ] --START--
INFO: Run Behavior\ReadHtmlCacheBehavior [ RunTime:0.000990s ]
INFO: [ app_begin ] --END-- [ RunTime:0.001084s ]
SQL: SHOW COLUMNS FROM `video` [ RunTime:0.0255s ]
SQL: SELECT COUNT(*) AS tp_count FROM `video` LIMIT 1   [ RunTime:0.0013s ]
NOTIC: [8] Undefined variable: row D:\HTML5\apaqi\htdocs\BOXUEYUANEND--double\Application\Admin\Controller\VideoController.class.php 第 60 行.
SQL: SELECT * FROM `video` ORDER BY addtime desc LIMIT 0,9   [ RunTime:0.0017s ]
INFO: [ view_parse ] --START--
INFO: [ template_filter ] --START--
INFO: Run Behavior\ContentReplaceBehavior [ RunTime:0.000160s ]
INFO: [ template_filter ] --END-- [ RunTime:0.000283s ]
INFO: Run Behavior\ParseTemplateBehavior [ RunTime:0.028877s ]
INFO: [ view_parse ] --END-- [ RunTime:0.029038s ]
INFO: [ view_filter ] --START--
INFO: Run Behavior\WriteHtmlCacheBehavior [ RunTime:0.000670s ]
INFO: [ view_filter ] --END-- [ RunTime:0.000753s ]
INFO: [ app_end ] --START--
INFO: Run Behavior\ShowPageTraceBehavior [ RunTime:0.001117s ]
INFO: [ app_end ] --END-- [ RunTime:0.001214s ]

[ 2016-12-27T19:57:56+08:00 ] 127.0.0.1 /BOXUEYUANEND--double/index.php/Admin/video/video_add
INFO: [ app_init ] --START--
INFO: Run Behavior\BuildLiteBehavior [ RunTime:0.000024s ]
INFO: [ app_init ] --END-- [ RunTime:0.000968s ]
INFO: [ app_begin ] --START--
INFO: Run Behavior\ReadHtmlCacheBehavior [ RunTime:0.001052s ]
INFO: [ app_begin ] --END-- [ RunTime:0.001158s ]
INFO: [ view_parse ] --START--
INFO: [ template_filter ] --START--
INFO: Run Behavior\ContentReplaceBehavior [ RunTime:0.000180s ]
INFO: [ template_filter ] --END-- [ RunTime:0.000304s ]
INFO: Run Behavior\ParseTemplateBehavior [ RunTime:0.019983s ]
INFO: [ view_parse ] --END-- [ RunTime:0.020092s ]
INFO: [ view_filter ] --START--
INFO: Run Behavior\WriteHtmlCacheBehavior [ RunTime:0.001304s ]
INFO: [ view_filter ] --END-- [ RunTime:0.001407s ]
INFO: [ app_end ] --START--
INFO: Run Behavior\ShowPageTraceBehavior [ RunTime:0.002685s ]
INFO: [ app_end ] --END-- [ RunTime:0.002833s ]

[ 2016-12-27T19:58:00+08:00 ] 127.0.0.1 /BOXUEYUANEND--double/index.php/Admin/admin/logout
INFO: [ app_init ] --START--
INFO: Run Behavior\BuildLiteBehavior [ RunTime:0.000028s ]
INFO: [ app_init ] --END-- [ RunTime:0.001109s ]
INFO: [ app_begin ] --START--
INFO: Run Behavior\ReadHtmlCacheBehavior [ RunTime:0.001330s ]
INFO: [ app_begin ] --END-- [ RunTime:0.001543s ]
INFO: [ view_parse ] --START--
INFO: [ template_filter ] --START--
INFO: Run Behavior\ContentReplaceBehavior [ RunTime:0.000084s ]
INFO: [ template_filter ] --END-- [ RunTime:0.000203s ]
INFO: Run Behavior\ParseTemplateBehavior [ RunTime:0.023183s ]
INFO: [ view_parse ] --END-- [ RunTime:0.023372s ]
INFO: [ view_filter ] --START--
INFO: Run Behavior\WriteHtmlCacheBehavior [ RunTime:0.003192s ]
INFO: [ view_filter ] --END-- [ RunTime:0.003494s ]
INFO: [ app_end ] --START--
INFO: Run Behavior\ShowPageTraceBehavior [ RunTime:0.002705s ]
INFO: [ app_end ] --END-- [ RunTime:0.002864s ]

[ 2016-12-27T19:58:01+08:00 ] 127.0.0.1 /BOXUEYUANEND--double/index.php/Admin/login/login.html
INFO: [ app_init ] --START--
INFO: Run Behavior\BuildLiteBehavior [ RunTime:0.000023s ]
INFO: [ app_init ] --END-- [ RunTime:0.000926s ]
INFO: [ app_begin ] --START--
INFO: Run Behavior\ReadHtmlCacheBehavior [ RunTime:0.001020s ]
INFO: [ app_begin ] --END-- [ RunTime:0.001122s ]
INFO: [ view_parse ] --START--
INFO: [ template_filter ] --START--
INFO: Run Behavior\ContentReplaceBehavior [ RunTime:0.000085s ]
INFO: [ template_filter ] --END-- [ RunTime:0.000187s ]
INFO: Run Behavior\ParseTemplateBehavior [ RunTime:0.015976s ]
INFO: [ view_parse ] --END-- [ RunTime:0.016089s ]
INFO: [ view_filter ] --START--
INFO: Run Behavior\WriteHtmlCacheBehavior [ RunTime:0.001271s ]
INFO: [ view_filter ] --END-- [ RunTime:0.001355s ]
INFO: [ app_end ] --START--
INFO: Run Behavior\ShowPageTraceBehavior [ RunTime:0.001711s ]
INFO: [ app_end ] --END-- [ RunTime:0.001802s ]

